mod	trans_guid	split_guid	time_now	date_entered	date_posted	acc_guid	acc_name	num	description	notes	memo	action	reconciled	amount	value	date_reconciled
-----------------
===== START
===== END
===== START
===== END
===== START
B	b2ffc1ff1da64fc3bffb940a1ca35428	ccf4f22e231d49c4ab1037a2e7b30871	2023-01-07 17:53:46	2022-12-23 17:36:58	2023-06-23 10:59:00	c5858ef77d29454dad7644482a92c632	Miscellaneous		Vacation - plan for family with ron and reg				n	200000/100	200000/100	1970-01-01 00:00:00
B	b2ffc1ff1da64fc3bffb940a1ca35428	f74b330e355441228fd75d355d1953ae	2023-01-07 17:53:46	2022-12-23 17:36:58	2023-06-23 10:59:00	30b1db52875e46c88f389dccbb4e213d	BECU - Savings_Long Term - 5549		Vacation - plan for family with ron and reg				n	-200000/100	-200000/100	1970-01-01 00:00:00
===== END
===== START
C	b2ffc1ff1da64fc3bffb940a1ca35428	ccf4f22e231d49c4ab1037a2e7b30871	2023-01-07 17:53:46	2022-12-23 17:36:58	2023-06-23 10:59:00	c5858ef77d29454dad7644482a92c632	Miscellaneous		Vacation - San Diego				n	200000/100	200000/100	1970-01-01 00:00:00
C	b2ffc1ff1da64fc3bffb940a1ca35428	f74b330e355441228fd75d355d1953ae	2023-01-07 17:53:46	2022-12-23 17:36:58	2023-06-23 10:59:00	30b1db52875e46c88f389dccbb4e213d	BECU - Savings_Long Term - 5549		Vacation - San Diego				n	-200000/100	-200000/100	1970-01-01 00:00:00
===== END
===== START
B	4665180bffa34b33b7bc3965be5375e4	35943539f5f9438781a40743d2241346	2023-01-07 17:53:56	2022-12-23 16:54:43	2023-10-05 10:59:00	c5858ef77d29454dad7644482a92c632	Miscellaneous		Anniversary Vacation				n	227000/100	227000/100	1970-01-01 00:00:00
B	4665180bffa34b33b7bc3965be5375e4	a43b9423164f4dbc80052fe72df750b3	2023-01-07 17:53:56	2022-12-23 16:54:43	2023-10-05 10:59:00	30b1db52875e46c88f389dccbb4e213d	BECU - Savings_Long Term - 5549		Anniversary Vacation				n	-227000/100	-227000/100	1970-01-01 00:00:00
===== END
===== START
C	4665180bffa34b33b7bc3965be5375e4	35943539f5f9438781a40743d2241346	2023-01-07 17:53:56	2022-12-23 16:54:43	2023-10-05 10:59:00	c5858ef77d29454dad7644482a92c632	Miscellaneous		Anniversary Vacation - this completes amount				n	227000/100	227000/100	1970-01-01 00:00:00
C	4665180bffa34b33b7bc3965be5375e4	a43b9423164f4dbc80052fe72df750b3	2023-01-07 17:53:56	2022-12-23 16:54:43	2023-10-05 10:59:00	30b1db52875e46c88f389dccbb4e213d	BECU - Savings_Long Term - 5549		Anniversary Vacation - this completes amount				n	-227000/100	-227000/100	1970-01-01 00:00:00
===== END
