mod	trans_guid	split_guid	time_now	date_entered	date_posted	acc_guid	acc_name	num	description	notes	memo	action	reconciled	amount	value	date_reconciled
-----------------
===== START
C	5ad0e0bf992649c48eeae32e1a58832b	64f29a44d9fc4852ac1660e5e110e5fb	2023-01-07 17:39:02	2023-01-07 17:39:02	2023-01-01 10:59:00	4a13a92aeb7e467c9680564c6e0b936d	BECU - Checking Account - 0494		POS Withdrawal - DAIRY QUEEN #12513 325 MARYSVILLE MALL MARYSVILLE WAUS - Card Ending In 4001				n	-4480/100	-4480/100	1970-01-01 00:00:00
C	5ad0e0bf992649c48eeae32e1a58832b	bfaa35d20e7245b8bdbb57eb47480ce9	2023-01-07 17:39:02	2023-01-07 17:39:02	2023-01-01 10:59:00	c5858ef77d29454dad7644482a92c632	Miscellaneous		POS Withdrawal - DAIRY QUEEN #12513 325 MARYSVILLE MALL MARYSVILLE WAUS - Card Ending In 4001				n	4480/100	4480/100	1970-01-01 00:00:00
===== END
===== START
===== END
===== START
C	f836c18a43ba44c0b152a1e74968d102	570ac0c6c76548f5a3113071b560f2ec	2023-01-07 17:39:21	2023-01-07 17:39:21	2023-01-03 10:59:00	4a13a92aeb7e467c9680564c6e0b936d	BECU - Checking Account - 0494		External Withdrawal - TARGET DEBIT CRD 001 - ACH TRAN 160 TARGET -0337Everett WA				n	-9175/100	-9175/100	1970-01-01 00:00:00
C	f836c18a43ba44c0b152a1e74968d102	07fded3041d644e1893f61f73604d1b8	2023-01-07 17:39:21	2023-01-07 17:39:21	2023-01-03 10:59:00	c5858ef77d29454dad7644482a92c632	Miscellaneous		External Withdrawal - TARGET DEBIT CRD 001 - ACH TRAN 160 TARGET -0337Everett WA				n	9175/100	9175/100	1970-01-01 00:00:00
===== END
===== START
===== END
===== START
C	eba9a809f6e14ef0a2775ed01aeb9d77	914ea15845634ca19d7a7b2ef168391c	2023-01-07 17:39:31	2023-01-07 17:39:31	2023-01-03 10:59:00	4a13a92aeb7e467c9680564c6e0b936d	BECU - Checking Account - 0494						n	0/100	0/100	1970-01-01 00:00:00
===== END
===== START
===== END
===== START
B	6288ef0f7d434c50a229172df0b20365	f78245f0471c4f329ea5c97db5b9e969	2023-01-07 17:39:34	2023-01-07 17:19:35	2023-01-07 10:59:00	4a13a92aeb7e467c9680564c6e0b936d	BECU - Checking Account - 0494		Transfer - checking for credit card payments				n	150000/100	150000/100	1970-01-01 00:00:00
B	6288ef0f7d434c50a229172df0b20365	41df0aa3fd144f18a433191c351e7421	2023-01-07 17:39:34	2023-01-07 17:19:35	2023-01-07 10:59:00	c4cddaa6e00340908fd5d69e3757b24f	BECU - Savings Short - 0486		Transfer - checking for credit card payments				n	-150000/100	-150000/100	1970-01-01 00:00:00
===== END
===== START
C	6288ef0f7d434c50a229172df0b20365	f78245f0471c4f329ea5c97db5b9e969	2023-01-07 17:39:34	2023-01-07 17:19:35	2023-01-07 10:59:00	4a13a92aeb7e467c9680564c6e0b936d	BECU - Checking Account - 0494		Chase CC Payment				n	150000/100	150000/100	1970-01-01 00:00:00
C	6288ef0f7d434c50a229172df0b20365	41df0aa3fd144f18a433191c351e7421	2023-01-07 17:39:34	2023-01-07 17:19:35	2023-01-07 10:59:00	c4cddaa6e00340908fd5d69e3757b24f	BECU - Savings Short - 0486		Chase CC Payment				n	-150000/100	-150000/100	1970-01-01 00:00:00
===== END
===== START
C	3487db6943ce4794938910154e170d9b	b6062d49dd4a4c1eb9c7ba899ed51b6b	2023-01-07 17:40:32	2023-01-07 17:40:32	2023-01-03 10:59:00	4a13a92aeb7e467c9680564c6e0b936d	BECU - Checking Account - 0494		Chase CC Payment				n	-67832/100	-67832/100	1970-01-01 00:00:00
C	3487db6943ce4794938910154e170d9b	0c439a5ce255483abd5bd2b18b5f44f9	2023-01-07 17:40:32	2023-01-07 17:40:32	2023-01-03 10:59:00	350346cfa34843529ed60ab5e9549b50	CC - Chase		Chase CC Payment				n	67832/100	67832/100	1970-01-01 00:00:00
===== END
===== START
===== END
===== START
C	f9f565ab2f114907bd17fcfe5bcfba7f	5ebf41a9630549c78f3c6a08a278caf4	2023-01-07 17:40:44	2023-01-07 17:40:44	2023-01-03 10:59:00	2019e05a272f45ef8f67d3767678343b	CC - AMX		AMX CC Payment				n	300121/100	300121/100	1970-01-01 00:00:00
C	f9f565ab2f114907bd17fcfe5bcfba7f	d25a4569ff114c14a9838ff0aecbc904	2023-01-07 17:40:44	2023-01-07 17:40:44	2023-01-03 10:59:00	4a13a92aeb7e467c9680564c6e0b936d	BECU - Checking Account - 0494		AMX CC Payment				n	-300121/100	-300121/100	1970-01-01 00:00:00
===== END
===== START
===== END
===== START
C	6f0279c1d98149b88f70254123b54cea	846dcc38a5cc460ca1e07fbffe10bd85	2023-01-07 17:41:58	2023-01-07 17:41:58	2023-01-04 10:59:00	c5858ef77d29454dad7644482a92c632	Miscellaneous		Paypal				n	0/100	0/100	1970-01-01 00:00:00
C	6f0279c1d98149b88f70254123b54cea	befc333ef1744e7cb562f8fa15e8dd2b	2023-01-07 17:41:58	2023-01-07 17:41:58	2023-01-04 10:59:00	4a13a92aeb7e467c9680564c6e0b936d	BECU - Checking Account - 0494		Paypal				n	0/100	0/100	1970-01-01 00:00:00
===== END
===== START
===== END
===== START
B	6f0279c1d98149b88f70254123b54cea	846dcc38a5cc460ca1e07fbffe10bd85	2023-01-07 17:42:03	2023-01-07 17:41:58	2023-01-04 10:59:00	c5858ef77d29454dad7644482a92c632	Miscellaneous		Paypal				n	0/100	0/100	1970-01-01 00:00:00
B	6f0279c1d98149b88f70254123b54cea	befc333ef1744e7cb562f8fa15e8dd2b	2023-01-07 17:42:03	2023-01-07 17:41:58	2023-01-04 10:59:00	4a13a92aeb7e467c9680564c6e0b936d	BECU - Checking Account - 0494		Paypal				n	0/100	0/100	1970-01-01 00:00:00
===== END
===== START
C	6f0279c1d98149b88f70254123b54cea	846dcc38a5cc460ca1e07fbffe10bd85	2023-01-07 17:42:03	2023-01-07 17:41:58	2023-01-04 10:59:00	c5858ef77d29454dad7644482a92c632	Miscellaneous		Paypal				n	6328/100	6328/100	1970-01-01 00:00:00
C	6f0279c1d98149b88f70254123b54cea	befc333ef1744e7cb562f8fa15e8dd2b	2023-01-07 17:42:03	2023-01-07 17:41:58	2023-01-04 10:59:00	4a13a92aeb7e467c9680564c6e0b936d	BECU - Checking Account - 0494		Paypal				n	-6328/100	-6328/100	1970-01-01 00:00:00
===== END
===== START
C	d135c21a3c4a4b43999d15791331c1a2	5a9106d8c3494e40bc00b31de56e386b	2023-01-07 17:42:16	2023-01-07 17:42:16	2023-01-04 10:59:00	c5858ef77d29454dad7644482a92c632	Miscellaneous		Paypal				n	10911/100	10911/100	1970-01-01 00:00:00
C	d135c21a3c4a4b43999d15791331c1a2	734e01e16e4d4df0a91f508feff0e7f8	2023-01-07 17:42:16	2023-01-07 17:42:16	2023-01-04 10:59:00	4a13a92aeb7e467c9680564c6e0b936d	BECU - Checking Account - 0494		Paypal				n	-10911/100	-10911/100	1970-01-01 00:00:00
===== END
===== START
===== END
===== START
C	2b11cd7f52914159b218ce2581af37f5	0e46d9f1dbd04a61bd71cb5b9a456a36	2023-01-07 17:42:49	2023-01-07 17:42:49	2023-01-04 10:59:00	4a13a92aeb7e467c9680564c6e0b936d	BECU - Checking Account - 0494		Check - Kids college				n	500000/100	500000/100	1970-01-01 00:00:00
C	2b11cd7f52914159b218ce2581af37f5	47d5bf5b54ac4cfe84275f67a0add148	2023-01-07 17:42:49	2023-01-07 17:42:49	2023-01-04 10:59:00	376c7deebed942dcb52efec4cf17a663	Other Income		Check - Kids college				n	-500000/100	-500000/100	1970-01-01 00:00:00
===== END
===== START
===== END
===== START
C	399101784b764bf09cb2e79e420012ac	eee73be91cf841cdaa8a523264fa1683	2023-01-07 17:42:55	2023-01-07 17:42:55	2023-01-04 10:59:00	4a13a92aeb7e467c9680564c6e0b936d	BECU - Checking Account - 0494		Check - Kids college				n	500000/100	500000/100	1970-01-01 00:00:00
C	399101784b764bf09cb2e79e420012ac	f70e51df3f544d67b61ee7c0b1058cbb	2023-01-07 17:42:55	2023-01-07 17:42:55	2023-01-04 10:59:00	376c7deebed942dcb52efec4cf17a663	Other Income		Check - Kids college				n	-500000/100	-500000/100	1970-01-01 00:00:00
===== END
===== START
===== END
===== START
C	fd2b1164182c45f49beca2365141fb18	dae74d1549214f149aee05238fe9f503	2023-01-07 17:43:11	2023-01-07 17:43:11	2023-01-06 10:59:00	c5858ef77d29454dad7644482a92c632	Miscellaneous		Paypal				n	4146/100	4146/100	1970-01-01 00:00:00
C	fd2b1164182c45f49beca2365141fb18	6b18f774fcfe4f9aac13043e8d803a1f	2023-01-07 17:43:11	2023-01-07 17:43:11	2023-01-06 10:59:00	4a13a92aeb7e467c9680564c6e0b936d	BECU - Checking Account - 0494		Paypal				n	-4146/100	-4146/100	1970-01-01 00:00:00
===== END
===== START
===== END
===== START
C	8c9eb30304ff411e85b993ed0fd7f56f	5a50385a8991467c89f8682deb7c16d9	2023-01-07 17:43:23	2023-01-07 17:43:23	2023-01-06 10:59:00	4a13a92aeb7e467c9680564c6e0b936d	BECU - Checking Account - 0494		ATG				n	-4625/100	-4625/100	1970-01-01 00:00:00
C	8c9eb30304ff411e85b993ed0fd7f56f	7dc26a650ee64aecaeb5d7a0b3cc683a	2023-01-07 17:43:23	2023-01-07 17:43:23	2023-01-06 10:59:00	c5858ef77d29454dad7644482a92c632	Miscellaneous		ATG				n	4625/100	4625/100	1970-01-01 00:00:00
===== END
===== START
===== END
