mod	trans_guid	split_guid	time_now	date_entered	date_posted	acc_guid	acc_name	num	description	notes	memo	action	reconciled	amount	value	date_reconciled
-----------------
===== START
C	dc05d4e1a678453fa77fee4c885a5a7c	2c00932602ab4497a34e3aa2feb894d1	2023-01-21 19:42:06	2023-01-21 19:42:06	2023-01-15 10:59:00	2019e05a272f45ef8f67d3767678343b	CC - AMX		Xfinity Mobile				n	-5892/100	-5892/100	1970-01-01 00:00:00
C	dc05d4e1a678453fa77fee4c885a5a7c	4ebf9d306cb54602975ece3834e4ed7f	2023-01-21 19:42:06	2023-01-21 19:42:06	2023-01-15 10:59:00	2c96ab55f5544cfabf227c828a8b3935	Phone		Xfinity Mobile				n	5892/100	5892/100	1970-01-01 00:00:00
===== END
===== START
===== END
===== START
C	9e9b44d3d1144b8a8a020f7574ff8daa	1035444d6aae4ee0acda6962b9e6bdd8	2023-01-21 19:42:17	2023-01-21 19:42:17	2023-01-16 10:59:00	f93a05282e674563a3f6a5a8fcad4df5	Groceries		Haggen				n	14789/100	14789/100	1970-01-01 00:00:00
C	9e9b44d3d1144b8a8a020f7574ff8daa	3107a7051b5443cfb29e4ef91dc36fbb	2023-01-21 19:42:17	2023-01-21 19:42:17	2023-01-16 10:59:00	2019e05a272f45ef8f67d3767678343b	CC - AMX		Haggen				n	-14789/100	-14789/100	1970-01-01 00:00:00
===== END
===== START
===== END
===== START
B	9e9b44d3d1144b8a8a020f7574ff8daa	1035444d6aae4ee0acda6962b9e6bdd8	2023-01-21 19:42:40	2023-01-21 19:42:17	2023-01-16 10:59:00	f93a05282e674563a3f6a5a8fcad4df5	Groceries		Haggen				n	14789/100	14789/100	1970-01-01 00:00:00
B	9e9b44d3d1144b8a8a020f7574ff8daa	3107a7051b5443cfb29e4ef91dc36fbb	2023-01-21 19:42:40	2023-01-21 19:42:17	2023-01-16 10:59:00	2019e05a272f45ef8f67d3767678343b	CC - AMX		Haggen				n	-14789/100	-14789/100	1970-01-01 00:00:00
===== END
===== START
C	9e9b44d3d1144b8a8a020f7574ff8daa	1035444d6aae4ee0acda6962b9e6bdd8	2023-01-21 19:42:40	2023-01-21 19:42:17	2023-01-14 10:59:00	f93a05282e674563a3f6a5a8fcad4df5	Groceries		Haggen				n	14789/100	14789/100	1970-01-01 00:00:00
C	9e9b44d3d1144b8a8a020f7574ff8daa	3107a7051b5443cfb29e4ef91dc36fbb	2023-01-21 19:42:40	2023-01-21 19:42:17	2023-01-14 10:59:00	2019e05a272f45ef8f67d3767678343b	CC - AMX		Haggen				n	-14789/100	-14789/100	1970-01-01 00:00:00
===== END
===== START
C	44c2b9ef7cc84e72b1b559100498541b	7560413859eb4ce099e9c82e60a25c48	2023-01-21 19:42:59	2023-01-21 19:42:59	2023-01-13 10:59:00	2019e05a272f45ef8f67d3767678343b	CC - AMX		MED REichel Dermotology - Tracie Botox				n	-37900/100	-37900/100	1970-01-01 00:00:00
C	44c2b9ef7cc84e72b1b559100498541b	9ce8937f723d4529839e2bf539801a77	2023-01-21 19:42:59	2023-01-21 19:42:59	2023-01-13 10:59:00	c5858ef77d29454dad7644482a92c632	Miscellaneous		MED REichel Dermotology - Tracie Botox				n	37900/100	37900/100	1970-01-01 00:00:00
===== END
===== START
===== END
===== START
C	bf364b766da34a7cab6e2dfdadfdb262	01373e78ab0c460183f54fd97571913c	2023-01-21 19:43:12	2023-01-21 19:43:12	2023-01-12 10:59:00	2019e05a272f45ef8f67d3767678343b	CC - AMX		Comcast				n	-16107/100	-16107/100	1970-01-01 00:00:00
C	bf364b766da34a7cab6e2dfdadfdb262	c4517d2ac41347c5b7e6389456c9d886	2023-01-21 19:43:12	2023-01-21 19:43:12	2023-01-12 10:59:00	3be20c1280734e128d849dae4cb0275c	Cable		Comcast				n	16107/100	16107/100	1970-01-01 00:00:00
===== END
===== START
===== END
===== START
C	156c76e371754ea9bc23d69b42857ab8	c065edf76c4549b292c9e3bfa985ef8c	2023-01-21 19:43:28	2023-01-21 19:43:28	2023-01-12 10:59:00	2019e05a272f45ef8f67d3767678343b	CC - AMX		SP Glowbiotics				n	-5610/100	-5610/100	1970-01-01 00:00:00
C	156c76e371754ea9bc23d69b42857ab8	fe4f1ac8a5194c81ab87150403b0b93f	2023-01-21 19:43:28	2023-01-21 19:43:28	2023-01-12 10:59:00	c5858ef77d29454dad7644482a92c632	Miscellaneous		SP Glowbiotics				n	5610/100	5610/100	1970-01-01 00:00:00
===== END
===== START
===== END
===== START
C	1205f570c5a44874909c57dea4dc0b4b	888f779bc9c042cbadc99357189612a3	2023-01-21 19:44:51	2023-01-21 19:44:51	2023-01-11 10:59:00	2019e05a272f45ef8f67d3767678343b	CC - AMX		KB Lake Stevens				n	-3218/100	-3218/100	1970-01-01 00:00:00
C	1205f570c5a44874909c57dea4dc0b4b	bfbaa52bfe954ec8b9c816106d31081b	2023-01-21 19:44:51	2023-01-21 19:44:51	2023-01-11 10:59:00	c5858ef77d29454dad7644482a92c632	Miscellaneous		KB Lake Stevens				n	3218/100	3218/100	1970-01-01 00:00:00
===== END
===== START
===== END
===== START
C	d14fef97474249e4b23a2e1cac94db5c	e176a70739f24c0285391b4d0f9d215a	2023-01-21 19:45:13	2023-01-21 19:45:13	2023-01-11 10:59:00	2019e05a272f45ef8f67d3767678343b	CC - AMX		Old Spagetti Factory				n	-3097/100	-3097/100	1970-01-01 00:00:00
C	d14fef97474249e4b23a2e1cac94db5c	a5278bfa9b8b490eaa2926d17628126c	2023-01-21 19:45:13	2023-01-21 19:45:13	2023-01-11 10:59:00	83ca48ab7f924e41afdf06a0fe2bec73	BECU - Bill Pay -  1083		Old Spagetti Factory				n	3097/100	3097/100	1970-01-01 00:00:00
===== END
===== START
===== END
===== START
C	26f8e132810c48279b0eadd053bab0f5	44e35e495c2541dea84e160bb79140ba	2023-01-21 19:45:30	2023-01-21 19:45:30	2023-01-10 10:59:00	f93a05282e674563a3f6a5a8fcad4df5	Groceries		Haggen				n	16117/100	16117/100	1970-01-01 00:00:00
C	26f8e132810c48279b0eadd053bab0f5	c819c376a90a4be989e73900bfc4f628	2023-01-21 19:45:30	2023-01-21 19:45:30	2023-01-10 10:59:00	2019e05a272f45ef8f67d3767678343b	CC - AMX		Haggen				n	-16117/100	-16117/100	1970-01-01 00:00:00
===== END
===== START
===== END
===== START
C	5852ce6822ab4a09acedb835b2202213	c8404cd22bab40cf900c787833cb7505	2023-01-21 19:45:43	2023-01-21 19:45:43	2023-01-10 10:59:00	2019e05a272f45ef8f67d3767678343b	CC - AMX		Netflix				n	-1708/100	-1708/100	1970-01-01 00:00:00
C	5852ce6822ab4a09acedb835b2202213	6277f143453445a088fa1e96ba6a004d	2023-01-21 19:45:43	2023-01-21 19:45:43	2023-01-10 10:59:00	56c8534d9e2443d0b4138b2043e5f7e6	Subscriptions		Netflix				n	1708/100	1708/100	1970-01-01 00:00:00
===== END
===== START
===== END
===== START
C	42430931448f44f58db5158cf982e286	7ac06b5e33a8462aa11df6e7d100e6f9	2023-01-21 19:46:05	2023-01-21 19:46:05	2023-01-10 10:59:00	2019e05a272f45ef8f67d3767678343b	CC - AMX		SP clearly filtered				n	-6001/100	-6001/100	1970-01-01 00:00:00
C	42430931448f44f58db5158cf982e286	af6bc219022a45418a2dddc7d46ace5d	2023-01-21 19:46:05	2023-01-21 19:46:05	2023-01-10 10:59:00	f93a05282e674563a3f6a5a8fcad4df5	Groceries		SP clearly filtered				n	6001/100	6001/100	1970-01-01 00:00:00
===== END
===== START
===== END
===== START
C	c0b4b8d790cb434eb14df5cc98713898	3d0e9972a8ba4a98b4a8240db418dd82	2023-01-21 19:46:24	2023-01-21 19:46:24	2023-01-08 10:59:00	2019e05a272f45ef8f67d3767678343b	CC - AMX		Wayfair				n	-6326/100	-6326/100	1970-01-01 00:00:00
C	c0b4b8d790cb434eb14df5cc98713898	f4a1c656a82b4e70971d2b052b3fb8eb	2023-01-21 19:46:24	2023-01-21 19:46:24	2023-01-08 10:59:00	c5858ef77d29454dad7644482a92c632	Miscellaneous		Wayfair				n	6326/100	6326/100	1970-01-01 00:00:00
===== END
===== START
===== END
===== START
C	de1027ce072e4422a01cbb9a32f23b31	e99013f4f6124a0b850ed66cccd985e3	2023-01-21 19:46:41	2023-01-21 19:46:41	2023-01-07 10:59:00	2019e05a272f45ef8f67d3767678343b	CC - AMX		Mama MElina SEA				n	-5342/100	-5342/100	1970-01-01 00:00:00
C	de1027ce072e4422a01cbb9a32f23b31	f730f192a3114914b2e3a79066ccf2a8	2023-01-21 19:46:41	2023-01-21 19:46:41	2023-01-07 10:59:00	c5858ef77d29454dad7644482a92c632	Miscellaneous		Mama MElina SEA				n	5342/100	5342/100	1970-01-01 00:00:00
===== END
===== START
===== END
===== START
C	17461fc6bfb543bf89769595091a5837	36300c4fd3234bb598e9feb60492d797	2023-01-21 19:47:05	2023-01-21 19:47:05	2023-01-07 10:59:00	2019e05a272f45ef8f67d3767678343b	CC - AMX		AMX Cash Rewards				n	27200/100	27200/100	1970-01-01 00:00:00
C	17461fc6bfb543bf89769595091a5837	4214705eca064c348e123434722f2560	2023-01-21 19:47:05	2023-01-21 19:47:05	2023-01-07 10:59:00	376c7deebed942dcb52efec4cf17a663	Other Income		AMX Cash Rewards				n	-27200/100	-27200/100	1970-01-01 00:00:00
===== END
===== START
===== END
