mod	trans_guid	split_guid	time_now	date_entered	date_posted	acc_guid	acc_name	num	description	notes	memo	action	reconciled	amount	value	date_reconciled
-----------------
===== START
===== END
===== START
C	604f21023c31413eab07de6fb3b2297a	154f6c0bbd054a42a6920d3ab2135cbd	2022-12-27 18:47:27	2022-12-27 18:47:27	2019-07-02 10:59:00	54d9601c406d4869a1befdd6186f6be9	Home Value		Initial Purchase				n	49300000/100	49300000/100	1970-01-01 00:00:00
C	604f21023c31413eab07de6fb3b2297a	1051dbe0c7a8432eb2e51ec0c881961d	2022-12-27 18:47:27	2022-12-27 18:47:27	2019-07-02 10:59:00	904a56b0f41447ea905c78d4f27c25ae	Opening Balances		Initial Purchase				n	-49300000/100	-49300000/100	1970-01-01 00:00:00
===== END
===== START
===== END
===== START
C	b58ccebc85d94bf1884bd7597f8d3127	a40f47de9a4548f28b14f240c0ff5667	2022-12-27 18:48:55	2022-12-27 18:48:55	2022-12-27 10:59:00	54d9601c406d4869a1befdd6186f6be9	Home Value		Adjustments from zillow				n	21790000/100	21790000/100	1970-01-01 00:00:00
C	b58ccebc85d94bf1884bd7597f8d3127	6a471e9b52b74c80a9f5e89b6d68c20d	2022-12-27 18:48:55	2022-12-27 18:48:55	2022-12-27 10:59:00	243c8705f9004b1e88a938de959452d0	Adjustment		Adjustments from zillow				n	-21790000/100	-21790000/100	1970-01-01 00:00:00
===== END
===== START
===== END
===== START
D	be367979dee04236b4f712a091720518	1564f90cd6d44931bae02457ac38822e	2022-12-27 18:48:59	2022-12-27 18:48:59	2022-12-27 10:59:00								n	0/1	0/100	1970-01-01 00:00:00
===== END
===== START
B	7c1146944a82487ebdd4be4240cc4bc8	776c9545295a471ea532cf84201d2495	2022-12-27 18:49:02	2022-12-27 18:39:58	2022-12-27 10:59:00	eb2136c6cce142ba9da88b54419fcb26	Mortgage		Current Principal				n	984399/100	984399/100	1970-01-01 00:00:00
B	7c1146944a82487ebdd4be4240cc4bc8	2b276c1140ca4dd789992fb1a580d574	2022-12-27 18:49:02	2022-12-27 18:39:58	2022-12-27 10:59:00	c5858ef77d29454dad7644482a92c632	Miscellaneous		Current Principal				n	-984399/100	-984399/100	1970-01-01 00:00:00
===== END
===== START
C	7c1146944a82487ebdd4be4240cc4bc8	776c9545295a471ea532cf84201d2495	2022-12-27 18:49:02	2022-12-27 18:39:58	2022-12-27 10:59:00	eb2136c6cce142ba9da88b54419fcb26	Mortgage		2022 payments				n	984399/100	984399/100	1970-01-01 00:00:00
C	7c1146944a82487ebdd4be4240cc4bc8	2b276c1140ca4dd789992fb1a580d574	2022-12-27 18:49:02	2022-12-27 18:39:58	2022-12-27 10:59:00	c5858ef77d29454dad7644482a92c632	Miscellaneous		2022 payments				n	-984399/100	-984399/100	1970-01-01 00:00:00
===== END
===== START
D	b9d3e5a6c8ae4d86ad65141e80d5cf38	a174f913753d452c874a50ed9a1a6445	2022-12-27 18:49:02	2022-12-27 18:49:02	2021-03-01 10:59:00								n	0/1	0/100	1970-01-01 00:00:00
===== END
