mod	trans_guid	split_guid	time_now	date_entered	date_posted	acc_guid	acc_name	num	description	notes	memo	action	reconciled	amount	value	date_reconciled
-----------------
===== START
B	762835aa2fbf45a9bcd7ddc3fbcb86ea	2a418a5bb2c54bf7964a45f94e43d338	2023-01-21 22:58:33	2022-12-28 16:04:46	2022-12-28 10:59:00	32f5fe9392574e3195b97a66da882e8d	ff3fdf6bb3a3441a9ad3319eb33cec3a		mortgage	monthly mortgage	mortgage		n	0/1	0/100	1970-01-01 00:00:00
B	762835aa2fbf45a9bcd7ddc3fbcb86ea	a802754c30a54668b9f83ba0a54c4c2b	2023-01-21 22:58:33	2022-12-28 16:04:46	2022-12-28 10:59:00	32f5fe9392574e3195b97a66da882e8d	ff3fdf6bb3a3441a9ad3319eb33cec3a		mortgage	monthly mortgage	mortgage		n	0/1	0/100	1970-01-01 00:00:00
===== END
===== START
R	762835aa2fbf45a9bcd7ddc3fbcb86ea	2a418a5bb2c54bf7964a45f94e43d338	2023-01-21 22:58:33	2022-12-28 16:04:46	2022-12-28 10:59:00	32f5fe9392574e3195b97a66da882e8d	ff3fdf6bb3a3441a9ad3319eb33cec3a		mortgage	monthly mortgage	mortgage		n	0/1	0/100	1970-01-01 00:00:00
R	762835aa2fbf45a9bcd7ddc3fbcb86ea	a802754c30a54668b9f83ba0a54c4c2b	2023-01-21 22:58:33	2022-12-28 16:04:46	2022-12-28 10:59:00	32f5fe9392574e3195b97a66da882e8d	ff3fdf6bb3a3441a9ad3319eb33cec3a		mortgage	monthly mortgage	mortgage		n	0/1	0/100	1970-01-01 00:00:00
===== END
===== START
B	762835aa2fbf45a9bcd7ddc3fbcb86ea	2a418a5bb2c54bf7964a45f94e43d338	2023-01-21 22:58:33	2022-12-28 16:04:46	2022-12-28 10:59:00	32f5fe9392574e3195b97a66da882e8d	ff3fdf6bb3a3441a9ad3319eb33cec3a		mortgage	monthly mortgage	mortgage		n	0/1	0/100	1970-01-01 00:00:00
B	762835aa2fbf45a9bcd7ddc3fbcb86ea	a802754c30a54668b9f83ba0a54c4c2b	2023-01-21 22:58:33	2022-12-28 16:04:46	2022-12-28 10:59:00	32f5fe9392574e3195b97a66da882e8d	ff3fdf6bb3a3441a9ad3319eb33cec3a		mortgage	monthly mortgage	mortgage		n	0/1	0/100	1970-01-01 00:00:00
===== END
===== START
R	762835aa2fbf45a9bcd7ddc3fbcb86ea	2a418a5bb2c54bf7964a45f94e43d338	2023-01-21 22:58:33	2022-12-28 16:04:46	2022-12-28 10:59:00	32f5fe9392574e3195b97a66da882e8d	ff3fdf6bb3a3441a9ad3319eb33cec3a		mortgage	monthly mortgage	mortgage		n	0/1	0/100	1970-01-01 00:00:00
R	762835aa2fbf45a9bcd7ddc3fbcb86ea	a802754c30a54668b9f83ba0a54c4c2b	2023-01-21 22:58:33	2022-12-28 16:04:46	2022-12-28 10:59:00	32f5fe9392574e3195b97a66da882e8d	ff3fdf6bb3a3441a9ad3319eb33cec3a		mortgage	monthly mortgage	mortgage		n	0/1	0/100	1970-01-01 00:00:00
===== END
===== START
===== END
===== START
C	382dfdf6ce684dd1b1a08c121b8486f6	c41e410a12894aa4aa9e18d02a100e68	2023-01-21 22:58:36	2022-12-28 16:04:46	2022-12-28 10:59:00	32f5fe9392574e3195b97a66da882e8d	ff3fdf6bb3a3441a9ad3319eb33cec3a		mortgage		mortgage		n	0/1	0/100	1970-01-01 00:00:00
C	382dfdf6ce684dd1b1a08c121b8486f6	3b28fa8d07044b2b93bd9d48ce485e45	2023-01-21 22:58:36	2022-12-28 16:04:46	2022-12-28 10:59:00	32f5fe9392574e3195b97a66da882e8d	ff3fdf6bb3a3441a9ad3319eb33cec3a		mortgage		mortgage		n	0/1	0/100	1970-01-01 00:00:00
===== END
===== START
B	382dfdf6ce684dd1b1a08c121b8486f6	c41e410a12894aa4aa9e18d02a100e68	2023-01-21 22:58:36	2022-12-28 16:04:46	2022-12-28 10:59:00	32f5fe9392574e3195b97a66da882e8d	ff3fdf6bb3a3441a9ad3319eb33cec3a		mortgage		mortgage		n	0/1	0/100	1970-01-01 00:00:00
B	382dfdf6ce684dd1b1a08c121b8486f6	3b28fa8d07044b2b93bd9d48ce485e45	2023-01-21 22:58:36	2022-12-28 16:04:46	2022-12-28 10:59:00	32f5fe9392574e3195b97a66da882e8d	ff3fdf6bb3a3441a9ad3319eb33cec3a		mortgage		mortgage		n	0/1	0/100	1970-01-01 00:00:00
===== END
===== START
C	382dfdf6ce684dd1b1a08c121b8486f6	c41e410a12894aa4aa9e18d02a100e68	2023-01-21 22:58:36	2023-01-21 22:58:36	2023-01-20 10:59:00	83ca48ab7f924e41afdf06a0fe2bec73	BECU - Bill Pay -  1083		mortgage	monthly mortgage	mortgage		n	216297/100	216297/100	1970-01-01 00:00:00
C	382dfdf6ce684dd1b1a08c121b8486f6	3b28fa8d07044b2b93bd9d48ce485e45	2023-01-21 22:58:36	2023-01-21 22:58:36	2023-01-20 10:59:00	ddd0a9bb979f4e719ea6e6c7e74e3aa8	Mortgage		mortgage	monthly mortgage	mortgage		n	-216297/100	-216297/100	1970-01-01 00:00:00
===== END
