mod	trans_guid	split_guid	time_now	date_entered	date_posted	acc_guid	acc_name	num	description	notes	memo	action	reconciled	amount	value	date_reconciled
-----------------
===== START
C	b08e7dc97cc7496f942730afd6260738	eb00330e35384e5ca9df0eead6264fbc	2023-01-21 19:31:49	2023-01-21 19:31:49	2023-01-10 10:59:00	c5858ef77d29454dad7644482a92c632	Miscellaneous		Ace				n	19317/100	19317/100	1970-01-01 00:00:00
C	b08e7dc97cc7496f942730afd6260738	0d8183d8ea4c4c3e928a52dbb6dc634e	2023-01-21 19:31:49	2023-01-21 19:31:49	2023-01-10 10:59:00	350346cfa34843529ed60ab5e9549b50	CC - Chase		Ace				c	-19317/100	-19317/100	1970-01-01 00:00:00
===== END
===== START
===== END
===== START
C	66068a96e8794cc98df45e2c01e85e17	2722e6b7dff34dc5b06dc66f53be09c9	2023-01-21 19:32:10	2023-01-21 19:32:10	2023-01-09 10:59:00	350346cfa34843529ed60ab5e9549b50	CC - Chase		Best Buy				n	-5891/100	-5891/100	1970-01-01 00:00:00
C	66068a96e8794cc98df45e2c01e85e17	cf6657d69c0b410988838bf4fe46da6b	2023-01-21 19:32:10	2023-01-21 19:32:10	2023-01-09 10:59:00	c5858ef77d29454dad7644482a92c632	Miscellaneous		Best Buy				n	5891/100	5891/100	1970-01-01 00:00:00
===== END
===== START
===== END
===== START
C	237df61cfbf94945ba775f120e015c64	a85d8bd5999448d5bc9e66f0fe6bf38f	2023-01-21 19:32:17	2023-01-21 19:32:17	2023-01-09 10:59:00	c5858ef77d29454dad7644482a92c632	Miscellaneous		Amazon				n	1649/100	1649/100	1970-01-01 00:00:00
C	237df61cfbf94945ba775f120e015c64	8a2f3b9ca79b4b21b44a26d34a251129	2023-01-21 19:32:17	2023-01-21 19:32:17	2023-01-09 10:59:00	350346cfa34843529ed60ab5e9549b50	CC - Chase		Amazon				n	-1649/100	-1649/100	1970-01-01 00:00:00
===== END
===== START
===== END
===== START
C	ae9910c43a2d42c38f4ba6afd3b844af	c9753306e15b4d088793c5ed3bf4e5b1	2023-01-21 19:32:26	2023-01-21 19:32:26	2023-01-09 10:59:00	c5858ef77d29454dad7644482a92c632	Miscellaneous		Best Buy				n	3817/100	3817/100	1970-01-01 00:00:00
C	ae9910c43a2d42c38f4ba6afd3b844af	bfd5553d67644bd4b4069b6df812749c	2023-01-21 19:32:26	2023-01-21 19:32:26	2023-01-09 10:59:00	350346cfa34843529ed60ab5e9549b50	CC - Chase		Best Buy				n	-3817/100	-3817/100	1970-01-01 00:00:00
===== END
===== START
===== END
===== START
C	4adf1b7481884f04a417024ec3e3c25f	aa637975010246899dd99b70e028d947	2023-01-21 19:32:42	2023-01-21 19:32:42	2023-01-09 10:59:00	350346cfa34843529ed60ab5e9549b50	CC - Chase		HP Instant Ink				c	-109/100	-109/100	1970-01-01 00:00:00
C	4adf1b7481884f04a417024ec3e3c25f	2c05ebd8bdc84ebb9871ec76eebf0eb8	2023-01-21 19:32:42	2023-01-21 19:32:42	2023-01-09 10:59:00	c5858ef77d29454dad7644482a92c632	Miscellaneous		HP Instant Ink				n	109/100	109/100	1970-01-01 00:00:00
===== END
===== START
===== END
===== START
B	4adf1b7481884f04a417024ec3e3c25f	2c05ebd8bdc84ebb9871ec76eebf0eb8	2023-01-21 19:32:54	2023-01-21 19:32:42	2023-01-09 10:59:00	c5858ef77d29454dad7644482a92c632	Miscellaneous		HP Instant Ink				n	109/100	109/100	1970-01-01 00:00:00
B	4adf1b7481884f04a417024ec3e3c25f	aa637975010246899dd99b70e028d947	2023-01-21 19:32:54	2023-01-21 19:32:42	2023-01-09 10:59:00	350346cfa34843529ed60ab5e9549b50	CC - Chase		HP Instant Ink				c	-109/100	-109/100	1970-01-01 00:00:00
===== END
===== START
C	4adf1b7481884f04a417024ec3e3c25f	2c05ebd8bdc84ebb9871ec76eebf0eb8	2023-01-21 19:32:54	2023-01-21 19:32:42	2023-01-08 10:59:00	c5858ef77d29454dad7644482a92c632	Miscellaneous		HP Instant Ink				n	109/100	109/100	1970-01-01 00:00:00
C	4adf1b7481884f04a417024ec3e3c25f	aa637975010246899dd99b70e028d947	2023-01-21 19:32:54	2023-01-21 19:32:42	2023-01-08 10:59:00	350346cfa34843529ed60ab5e9549b50	CC - Chase		HP Instant Ink				c	-109/100	-109/100	1970-01-01 00:00:00
===== END
===== START
C	8034810a0f5445e3b0737de54a9205d9	0e58cc9e1178446ead4495dacd940a47	2023-01-21 19:33:16	2023-01-21 19:33:16	2023-01-08 10:59:00	350346cfa34843529ed60ab5e9549b50	CC - Chase		Costco				n	-8808/100	-8808/100	1970-01-01 00:00:00
C	8034810a0f5445e3b0737de54a9205d9	8ceff9e85e054f5b8d35278875df3b6a	2023-01-21 19:33:16	2023-01-21 19:33:16	2023-01-08 10:59:00	f93a05282e674563a3f6a5a8fcad4df5	Groceries		Costco				n	8808/100	8808/100	1970-01-01 00:00:00
===== END
===== START
===== END
===== START
C	5ff615227ef44df882f90b33304b2591	170939b810d04af8807dd6aae9c9107b	2023-01-21 19:33:31	2023-01-21 19:33:31	2023-01-08 10:59:00	350346cfa34843529ed60ab5e9549b50	CC - Chase		Bisquit and Beans				n	-1700/100	-1700/100	1970-01-01 00:00:00
C	5ff615227ef44df882f90b33304b2591	e6118165aef3461ba60db8888bc3b631	2023-01-21 19:33:31	2023-01-21 19:33:31	2023-01-08 10:59:00	62e9901389884d65b1b3847bc637591e	Restauraunts		Bisquit and Beans				n	1700/100	1700/100	1970-01-01 00:00:00
===== END
===== START
===== END
===== START
C	475c88ec1f424a30abc4f1bf18d9af14	e706c000ea1f444fabb4e13ee7e08fe5	2023-01-21 19:33:47	2023-01-21 19:33:47	2023-01-07 10:59:00	350346cfa34843529ed60ab5e9549b50	CC - Chase		Home Depot				n	-658/100	-658/100	1970-01-01 00:00:00
C	475c88ec1f424a30abc4f1bf18d9af14	41e7532f5a754ce386d6f883bc533b74	2023-01-21 19:33:47	2023-01-21 19:33:47	2023-01-07 10:59:00	c5858ef77d29454dad7644482a92c632	Miscellaneous		Home Depot				n	658/100	658/100	1970-01-01 00:00:00
===== END
===== START
===== END
===== START
C	248374c9b477419496eaf67513bcf016	b21a531ec84b4424adeca22cb421e138	2023-01-21 19:34:17	2023-01-21 19:34:17	2023-01-06 10:59:00	350346cfa34843529ed60ab5e9549b50	CC - Chase		Cole Haircut				n	-2975/100	-2975/100	1970-01-01 00:00:00
C	248374c9b477419496eaf67513bcf016	ecb0561606ea48bba3af326f75277222	2023-01-21 19:34:17	2023-01-21 19:34:17	2023-01-06 10:59:00	c5858ef77d29454dad7644482a92c632	Miscellaneous		Cole Haircut				n	2975/100	2975/100	1970-01-01 00:00:00
===== END
===== START
===== END
===== START
D	a7506007aa0f471ab54b478c89d8f191	190ac0b457f548c2b068a830e2b0df2e	2023-01-21 19:35:26	2023-01-21 19:35:26	2023-01-06 10:59:00								n	0/1	0/100	1970-01-01 00:00:00
===== END
===== START
===== END
