mod	trans_guid	split_guid	time_now	date_entered	date_posted	acc_guid	acc_name	num	description	notes	memo	action	reconciled	amount	value	date_reconciled
-----------------
===== START
B	762835aa2fbf45a9bcd7ddc3fbcb86ea	2a418a5bb2c54bf7964a45f94e43d338	2023-01-15 18:32:31	2022-12-28 16:04:46	2022-12-28 10:59:00	32f5fe9392574e3195b97a66da882e8d	ff3fdf6bb3a3441a9ad3319eb33cec3a		mortgage	monthly mortgage	mortgage		n	0/1	0/100	1970-01-01 00:00:00
B	762835aa2fbf45a9bcd7ddc3fbcb86ea	a802754c30a54668b9f83ba0a54c4c2b	2023-01-15 18:32:31	2022-12-28 16:04:46	2022-12-28 10:59:00	32f5fe9392574e3195b97a66da882e8d	ff3fdf6bb3a3441a9ad3319eb33cec3a		mortgage	monthly mortgage	mortgage		n	0/1	0/100	1970-01-01 00:00:00
===== END
===== START
R	762835aa2fbf45a9bcd7ddc3fbcb86ea	2a418a5bb2c54bf7964a45f94e43d338	2023-01-15 18:32:31	2022-12-28 16:04:46	2022-12-28 10:59:00	32f5fe9392574e3195b97a66da882e8d	ff3fdf6bb3a3441a9ad3319eb33cec3a		mortgage	monthly mortgage	mortgage		n	0/1	0/100	1970-01-01 00:00:00
R	762835aa2fbf45a9bcd7ddc3fbcb86ea	a802754c30a54668b9f83ba0a54c4c2b	2023-01-15 18:32:31	2022-12-28 16:04:46	2022-12-28 10:59:00	32f5fe9392574e3195b97a66da882e8d	ff3fdf6bb3a3441a9ad3319eb33cec3a		mortgage	monthly mortgage	mortgage		n	0/1	0/100	1970-01-01 00:00:00
===== END
===== START
B	762835aa2fbf45a9bcd7ddc3fbcb86ea	2a418a5bb2c54bf7964a45f94e43d338	2023-01-15 18:32:31	2022-12-28 16:04:46	2022-12-28 10:59:00	32f5fe9392574e3195b97a66da882e8d	ff3fdf6bb3a3441a9ad3319eb33cec3a		mortgage	monthly mortgage	mortgage		n	0/1	0/100	1970-01-01 00:00:00
B	762835aa2fbf45a9bcd7ddc3fbcb86ea	a802754c30a54668b9f83ba0a54c4c2b	2023-01-15 18:32:31	2022-12-28 16:04:46	2022-12-28 10:59:00	32f5fe9392574e3195b97a66da882e8d	ff3fdf6bb3a3441a9ad3319eb33cec3a		mortgage	monthly mortgage	mortgage		n	0/1	0/100	1970-01-01 00:00:00
===== END
===== START
R	762835aa2fbf45a9bcd7ddc3fbcb86ea	2a418a5bb2c54bf7964a45f94e43d338	2023-01-15 18:32:31	2022-12-28 16:04:46	2022-12-28 10:59:00	32f5fe9392574e3195b97a66da882e8d	ff3fdf6bb3a3441a9ad3319eb33cec3a		mortgage	monthly mortgage	mortgage		n	0/1	0/100	1970-01-01 00:00:00
R	762835aa2fbf45a9bcd7ddc3fbcb86ea	a802754c30a54668b9f83ba0a54c4c2b	2023-01-15 18:32:31	2022-12-28 16:04:46	2022-12-28 10:59:00	32f5fe9392574e3195b97a66da882e8d	ff3fdf6bb3a3441a9ad3319eb33cec3a		mortgage	monthly mortgage	mortgage		n	0/1	0/100	1970-01-01 00:00:00
===== END
===== START
===== END
===== START
D	ac8936c730e24d7699ea2a2d469398ef	b3edec84bbf44a5c9f529052b6a66ea8	2023-01-15 18:36:28	2023-01-15 18:36:28	2023-01-15 10:59:00								n	0/1	0/100	1970-01-01 00:00:00
===== END
===== START
===== END
===== START
D	b3156286a0fe48febafd005a954385a8	74f9da9a784e4c73a3060cdb9ca81ecf	2023-01-15 18:37:48	2023-01-15 18:37:48	2023-01-15 10:59:00								n	0/1	0/100	1970-01-01 00:00:00
===== END
===== START
===== END
===== START
===== END
===== START
C	46c40e892c074460ae7c440fff998375	ad452d2ce8a340a79a323c90543cc1da	2023-01-15 18:39:05	2023-01-15 18:39:05	2023-01-15 10:59:00	f51dd644ba8d428a9ca55c671c1b90fd	HSA - Fidelity		Initial Balance				n	0/100	0/100	1970-01-01 00:00:00
C	46c40e892c074460ae7c440fff998375	5a2c5d3b10ed4dc788c99de97fbd7846	2023-01-15 18:39:05	2023-01-15 18:39:05	2023-01-15 10:59:00	6403838247ae435381da931088a18454	Other		Initial Balance				n	0/100	0/100	1970-01-01 00:00:00
===== END
===== START
===== END
===== START
B	46c40e892c074460ae7c440fff998375	ad452d2ce8a340a79a323c90543cc1da	2023-01-15 18:39:09	2023-01-15 18:39:05	2023-01-15 10:59:00	f51dd644ba8d428a9ca55c671c1b90fd	HSA - Fidelity		Initial Balance				n	0/100	0/100	1970-01-01 00:00:00
B	46c40e892c074460ae7c440fff998375	5a2c5d3b10ed4dc788c99de97fbd7846	2023-01-15 18:39:09	2023-01-15 18:39:05	2023-01-15 10:59:00	6403838247ae435381da931088a18454	Other		Initial Balance				n	0/100	0/100	1970-01-01 00:00:00
===== END
===== START
C	46c40e892c074460ae7c440fff998375	ad452d2ce8a340a79a323c90543cc1da	2023-01-15 18:39:09	2023-01-15 18:39:05	2023-01-15 10:59:00	f51dd644ba8d428a9ca55c671c1b90fd	HSA - Fidelity		Initial Balance				n	2149845/100	2149845/100	1970-01-01 00:00:00
C	46c40e892c074460ae7c440fff998375	5a2c5d3b10ed4dc788c99de97fbd7846	2023-01-15 18:39:09	2023-01-15 18:39:05	2023-01-15 10:59:00	6403838247ae435381da931088a18454	Other		Initial Balance				n	-2149845/100	-2149845/100	1970-01-01 00:00:00
===== END
===== START
D	261e24c4fca44bba85d48a0e8644d2c0	de3ac8134a2b4122917cf79237c203fa	2023-01-15 18:39:12	2023-01-15 18:39:12	2023-01-15 10:59:00								n	0/1	0/100	1970-01-01 00:00:00
===== END
===== START
D	5c1b7f1a29e94f038e7caf91b25b8af9	e3c0d2e9102540b3a739acf7b4140677	2023-01-15 18:39:13	2023-01-15 18:39:13	2023-01-15 10:59:00								n	0/1	0/100	1970-01-01 00:00:00
===== END
