mod	trans_guid	split_guid	time_now	date_entered	date_posted	acc_guid	acc_name	num	description	notes	memo	action	reconciled	amount	value	date_reconciled
-----------------
===== START
===== END
===== START
C	8aa8899892714bf288c421743c541156	05da4eff69b44b929309a3358f27ce09	2022-12-27 18:00:48	2022-12-27 18:00:48	2022-12-27 10:59:00	83ca48ab7f924e41afdf06a0fe2bec73	BECU - Bill Pay -  1083		Initial Balance				n	4823/100	4823/100	1970-01-01 00:00:00
C	8aa8899892714bf288c421743c541156	21514a39bf534688a920eb9f2989113f	2022-12-27 18:00:48	2022-12-27 18:00:48	2022-12-27 10:59:00	376c7deebed942dcb52efec4cf17a663	Other Income		Initial Balance				n	-4823/100	-4823/100	1970-01-01 00:00:00
===== END
===== START
===== END
===== START
D	eb4f849340a84c098326d77bf46fff8d	baf14e2e23a14474a3b49be30e59cc52	2022-12-27 18:00:52	2022-12-27 18:00:52	2022-12-27 10:59:00								n	0/1	0/100	1970-01-01 00:00:00
===== END
===== START
===== END
===== START
B	f6e7fdec2d264f8bb701afb2fd036704	8b0b0632bf09496da5d5fd7a3148f45c	2022-12-27 18:02:00	2022-12-23 16:51:52	2022-12-23 10:59:00	4a13a92aeb7e467c9680564c6e0b936d	BECU - Checking Account - 0494		Initial Deposit				n	991230/100	991230/100	1970-01-01 00:00:00
B	f6e7fdec2d264f8bb701afb2fd036704	7b15ab1c578c4cb686dff46c71536dfe	2022-12-27 18:02:00	2022-12-23 16:51:52	2022-12-23 10:59:00	376c7deebed942dcb52efec4cf17a663	Other Income		Initial Deposit				n	-991230/100	-991230/100	1970-01-01 00:00:00
===== END
===== START
C	f6e7fdec2d264f8bb701afb2fd036704	8b0b0632bf09496da5d5fd7a3148f45c	2022-12-27 18:02:00	2022-12-23 16:51:52	2022-12-23 10:59:00	4a13a92aeb7e467c9680564c6e0b936d	BECU - Checking Account - 0494		Initial Deposit				n	109111/100	109111/100	1970-01-01 00:00:00
C	f6e7fdec2d264f8bb701afb2fd036704	7b15ab1c578c4cb686dff46c71536dfe	2022-12-27 18:02:00	2022-12-23 16:51:52	2022-12-23 10:59:00	376c7deebed942dcb52efec4cf17a663	Other Income		Initial Deposit				n	-109111/100	-109111/100	1970-01-01 00:00:00
===== END
===== START
===== END
===== START
C	03593f2b3de54ef2bb38653f81c2d588	38fed013d096425a9d186bccaaf19c92	2022-12-27 18:03:18	2022-12-27 18:03:18	2022-12-23 10:59:00	4a13a92aeb7e467c9680564c6e0b936d	BECU - Checking Account - 0494		Paypal				n	-729/100	-729/100	1970-01-01 00:00:00
C	03593f2b3de54ef2bb38653f81c2d588	337dd764e38547d79a26ab9332990eb6	2022-12-27 18:03:18	2022-12-27 18:03:18	2022-12-23 10:59:00	c5858ef77d29454dad7644482a92c632	Miscellaneous		Paypal				n	729/100	729/100	1970-01-01 00:00:00
===== END
===== START
===== END
===== START
C	c93acd3e5acb4bd7a3ffc272e79c3b1e	85a04fc6bb58408aab674370ed3f98de	2022-12-27 18:03:31	2022-12-27 18:03:31	2022-12-23 10:59:00	c5858ef77d29454dad7644482a92c632	Miscellaneous		Paypal				n	5044/100	5044/100	1970-01-01 00:00:00
C	c93acd3e5acb4bd7a3ffc272e79c3b1e	d6355f113ab1461f9ad68ae4d58b4b73	2022-12-27 18:03:31	2022-12-27 18:03:31	2022-12-23 10:59:00	4a13a92aeb7e467c9680564c6e0b936d	BECU - Checking Account - 0494		Paypal				n	-5044/100	-5044/100	1970-01-01 00:00:00
===== END
===== START
===== END
===== START
C	51591030ccbf49e6bccb4d3d7b98f447	1d258c6cee0242d4ab593ffd798187ee	2022-12-27 18:04:19	2022-12-27 18:04:19	2022-12-23 10:59:00	4a13a92aeb7e467c9680564c6e0b936d	BECU - Checking Account - 0494		Transfer				n	109000/100	109000/100	1970-01-01 00:00:00
C	51591030ccbf49e6bccb4d3d7b98f447	f65ddeff60414095b7f248bfbae7384e	2022-12-27 18:04:19	2022-12-27 18:04:19	2022-12-23 10:59:00	30b1db52875e46c88f389dccbb4e213d	BECU - Savings_Long Term - 5549		Transfer				n	-109000/100	-109000/100	1970-01-01 00:00:00
===== END
===== START
===== END
===== START
C	9ddbc79ff4044cea97277623c1821d77	97c7e3349c894687b5749ca9765ccea5	2022-12-27 18:04:26	2022-12-27 18:04:26	2022-12-23 10:59:00	4a13a92aeb7e467c9680564c6e0b936d	BECU - Checking Account - 0494		Transfer				n	73000/100	73000/100	1970-01-01 00:00:00
C	9ddbc79ff4044cea97277623c1821d77	ed74195935544e5cb1058e3991e94f41	2022-12-27 18:04:26	2022-12-27 18:04:26	2022-12-23 10:59:00	30b1db52875e46c88f389dccbb4e213d	BECU - Savings_Long Term - 5549		Transfer				n	-73000/100	-73000/100	1970-01-01 00:00:00
===== END
===== START
===== END
===== START
C	e36e18fb2a5c41c8aad74c6169c392e6	a4d3935f688a4fcd8d6781a30ffcd163	2022-12-27 18:04:33	2022-12-27 18:04:33	2022-12-23 10:59:00	4a13a92aeb7e467c9680564c6e0b936d	BECU - Checking Account - 0494		Transfer				n	200000/100	200000/100	1970-01-01 00:00:00
C	e36e18fb2a5c41c8aad74c6169c392e6	fa10e4a0a2ce4986a13fd8e5793e8e95	2022-12-27 18:04:33	2022-12-27 18:04:33	2022-12-23 10:59:00	30b1db52875e46c88f389dccbb4e213d	BECU - Savings_Long Term - 5549		Transfer				n	-200000/100	-200000/100	1970-01-01 00:00:00
===== END
===== START
===== END
===== START
B	e36e18fb2a5c41c8aad74c6169c392e6	a4d3935f688a4fcd8d6781a30ffcd163	2022-12-27 18:04:49	2022-12-27 18:04:33	2022-12-23 10:59:00	4a13a92aeb7e467c9680564c6e0b936d	BECU - Checking Account - 0494		Transfer				n	200000/100	200000/100	1970-01-01 00:00:00
B	e36e18fb2a5c41c8aad74c6169c392e6	fa10e4a0a2ce4986a13fd8e5793e8e95	2022-12-27 18:04:49	2022-12-27 18:04:33	2022-12-23 10:59:00	30b1db52875e46c88f389dccbb4e213d	BECU - Savings_Long Term - 5549		Transfer				n	-200000/100	-200000/100	1970-01-01 00:00:00
===== END
===== START
C	e36e18fb2a5c41c8aad74c6169c392e6	a4d3935f688a4fcd8d6781a30ffcd163	2022-12-27 18:04:49	2022-12-27 18:04:33	2022-12-23 10:59:00	4a13a92aeb7e467c9680564c6e0b936d	BECU - Checking Account - 0494		Transfer				n	200000/100	200000/100	1970-01-01 00:00:00
C	e36e18fb2a5c41c8aad74c6169c392e6	fa10e4a0a2ce4986a13fd8e5793e8e95	2022-12-27 18:04:49	2022-12-27 18:04:33	2022-12-23 10:59:00	c4cddaa6e00340908fd5d69e3757b24f	BECU - Savings Short - 0486		Transfer				n	-200000/100	-200000/100	1970-01-01 00:00:00
===== END
===== START
C	c8c6058638ed48e5a969a9a74247f947	acd63c1340ff46308e688bd8087f14d9	2022-12-27 18:04:57	2022-12-27 18:04:57	2022-12-23 10:59:00	4a13a92aeb7e467c9680564c6e0b936d	BECU - Checking Account - 0494		Transfer				n	160000/100	160000/100	1970-01-01 00:00:00
C	c8c6058638ed48e5a969a9a74247f947	11cd06c974854882930b1e2d936e95cf	2022-12-27 18:04:57	2022-12-27 18:04:57	2022-12-23 10:59:00	c4cddaa6e00340908fd5d69e3757b24f	BECU - Savings Short - 0486		Transfer				n	-160000/100	-160000/100	1970-01-01 00:00:00
===== END
===== START
===== END
===== START
B	e013914f40814c02a2cc0ec308a8e774	21c70423c2c748599588750427bcfb81	2022-12-27 18:05:36	2022-12-23 17:36:37	2022-12-23 10:59:00	30b1db52875e46c88f389dccbb4e213d	BECU - Savings_Long Term - 5549		Vacation Plan - whistler trip				n	200000/100	200000/100	1970-01-01 00:00:00
B	e013914f40814c02a2cc0ec308a8e774	6778cc2a36b54eaf82934ae58f17566d	2022-12-27 18:05:36	2022-12-23 17:36:37	2022-12-23 10:59:00	4a13a92aeb7e467c9680564c6e0b936d	BECU - Checking Account - 0494		Vacation Plan - whistler trip				n	-200000/100	-200000/100	1970-01-01 00:00:00
===== END
===== START
D	e013914f40814c02a2cc0ec308a8e774	21c70423c2c748599588750427bcfb81	2022-12-27 18:05:36	2022-12-23 17:36:37	2022-12-23 10:59:00	30b1db52875e46c88f389dccbb4e213d	BECU - Savings_Long Term - 5549		Vacation Plan - whistler trip				n	200000/100	200000/100	1970-01-01 00:00:00
D	e013914f40814c02a2cc0ec308a8e774	6778cc2a36b54eaf82934ae58f17566d	2022-12-27 18:05:36	2022-12-23 17:36:37	2022-12-23 10:59:00	4a13a92aeb7e467c9680564c6e0b936d	BECU - Checking Account - 0494		Vacation Plan - whistler trip				n	-200000/100	-200000/100	1970-01-01 00:00:00
===== END
===== START
B	d0e8be76833e489787029b597cc379e9	c5d16deb242841d3b69cc1f9acae807a	2022-12-27 18:05:40	2022-12-23 17:33:16	2022-12-23 10:59:00	c5858ef77d29454dad7644482a92c632	Miscellaneous		Dishwasher Purchase - transfer to normal checking				n	160000/100	160000/100	1970-01-01 00:00:00
B	d0e8be76833e489787029b597cc379e9	1b811ff4e6b54a95891e4ead40b2ef9f	2022-12-27 18:05:40	2022-12-23 17:33:16	2022-12-23 10:59:00	4a13a92aeb7e467c9680564c6e0b936d	BECU - Checking Account - 0494		Dishwasher Purchase - transfer to normal checking				n	-160000/100	-160000/100	1970-01-01 00:00:00
===== END
===== START
D	d0e8be76833e489787029b597cc379e9	c5d16deb242841d3b69cc1f9acae807a	2022-12-27 18:05:40	2022-12-23 17:33:16	2022-12-23 10:59:00	c5858ef77d29454dad7644482a92c632	Miscellaneous		Dishwasher Purchase - transfer to normal checking				n	160000/100	160000/100	1970-01-01 00:00:00
D	d0e8be76833e489787029b597cc379e9	1b811ff4e6b54a95891e4ead40b2ef9f	2022-12-27 18:05:40	2022-12-23 17:33:16	2022-12-23 10:59:00	4a13a92aeb7e467c9680564c6e0b936d	BECU - Checking Account - 0494		Dishwasher Purchase - transfer to normal checking				n	-160000/100	-160000/100	1970-01-01 00:00:00
===== END
===== START
B	f4b37564a7974f0b8d3df2d8374a7013	6cb900cd1fce45afb4c333f36a0c45f7	2022-12-27 18:05:48	2022-12-23 17:05:29	2022-12-23 10:59:00	c5858ef77d29454dad7644482a92c632	Miscellaneous		Transfer for random spending				n	200000/100	200000/100	1970-01-01 00:00:00
B	f4b37564a7974f0b8d3df2d8374a7013	70df27d8f23e484fa2ed25f15be535a2	2022-12-27 18:05:48	2022-12-23 17:05:29	2022-12-23 10:59:00	4a13a92aeb7e467c9680564c6e0b936d	BECU - Checking Account - 0494		Transfer for random spending				n	-200000/100	-200000/100	1970-01-01 00:00:00
===== END
===== START
D	f4b37564a7974f0b8d3df2d8374a7013	6cb900cd1fce45afb4c333f36a0c45f7	2022-12-27 18:05:48	2022-12-23 17:05:29	2022-12-23 10:59:00	c5858ef77d29454dad7644482a92c632	Miscellaneous		Transfer for random spending				n	200000/100	200000/100	1970-01-01 00:00:00
D	f4b37564a7974f0b8d3df2d8374a7013	70df27d8f23e484fa2ed25f15be535a2	2022-12-27 18:05:48	2022-12-23 17:05:29	2022-12-23 10:59:00	4a13a92aeb7e467c9680564c6e0b936d	BECU - Checking Account - 0494		Transfer for random spending				n	-200000/100	-200000/100	1970-01-01 00:00:00
===== END
