mod	trans_guid	split_guid	time_now	date_entered	date_posted	acc_guid	acc_name	num	description	notes	memo	action	reconciled	amount	value	date_reconciled
-----------------
===== START
C	75d03cf84c264313830d23554872e0cd	fbd98ffa2ace462491c87230622a9efd	2023-01-21 19:03:46	2023-01-21 19:03:46	2023-01-17 10:59:00	c5858ef77d29454dad7644482a92c632	Miscellaneous		Paypal				n	2444/100	2444/100	1970-01-01 00:00:00
C	75d03cf84c264313830d23554872e0cd	bd6540507283413abc8c37fc3dc6fc42	2023-01-21 19:03:46	2023-01-21 19:03:46	2023-01-17 10:59:00	4a13a92aeb7e467c9680564c6e0b936d	BECU - Checking Account - 0494		Paypal				n	-2444/100	-2444/100	1970-01-01 00:00:00
===== END
===== START
===== END
===== START
C	028cb084d4c4436d9a2399dd006a1dea	97fbe01b84324f4fa8171279b2afea4b	2023-01-21 19:04:00	2023-01-21 19:04:00	2023-01-17 10:59:00	c5858ef77d29454dad7644482a92c632	Miscellaneous		Paypal				n	5431/100	5431/100	1970-01-01 00:00:00
C	028cb084d4c4436d9a2399dd006a1dea	190806b5dd714722b6c08493f8f9eda4	2023-01-21 19:04:00	2023-01-21 19:04:00	2023-01-17 10:59:00	4a13a92aeb7e467c9680564c6e0b936d	BECU - Checking Account - 0494		Paypal				n	-5431/100	-5431/100	1970-01-01 00:00:00
===== END
===== START
===== END
===== START
C	da3f267d84db4bd6b9c82ce6e8978761	4b427803ae0748609ee71a5229008604	2023-01-21 19:04:11	2023-01-21 19:04:11	2023-01-17 10:59:00	c5858ef77d29454dad7644482a92c632	Miscellaneous		Paypal				n	13092/100	13092/100	1970-01-01 00:00:00
C	da3f267d84db4bd6b9c82ce6e8978761	9811a48435ad44fc88e8d27b48c52d62	2023-01-21 19:04:11	2023-01-21 19:04:11	2023-01-17 10:59:00	4a13a92aeb7e467c9680564c6e0b936d	BECU - Checking Account - 0494		Paypal				n	-13092/100	-13092/100	1970-01-01 00:00:00
===== END
===== START
===== END
===== START
C	4e5df05bbc9d42d28ee9853852db5fa1	ae48adf70eb449f9b4c36c7e155505da	2023-01-21 19:04:37	2023-01-21 19:04:37	2023-01-17 10:59:00	4a13a92aeb7e467c9680564c6e0b936d	BECU - Checking Account - 0494		Safeco Insurance				n	-15050/100	-15050/100	1970-01-01 00:00:00
C	4e5df05bbc9d42d28ee9853852db5fa1	f02397638bfd4221b997bb3e4f49ca8a	2023-01-21 19:04:37	2023-01-21 19:04:37	2023-01-17 10:59:00	30ff7769862d47ab85d60dc5aad97e3e	Auto Insurance		Safeco Insurance				n	15050/100	15050/100	1970-01-01 00:00:00
===== END
===== START
===== END
===== START
C	64cb09bab72341f195973f5ffc2936ca	3001f451cf0e40f49b6ce84aecb53a21	2023-01-21 19:04:54	2023-01-21 19:04:54	2023-01-18 10:59:00	c5858ef77d29454dad7644482a92c632	Miscellaneous		Paypal				n	14350/100	14350/100	1970-01-01 00:00:00
C	64cb09bab72341f195973f5ffc2936ca	ea42348cf3004644881b8c8d6f02f3b2	2023-01-21 19:04:54	2023-01-21 19:04:54	2023-01-18 10:59:00	4a13a92aeb7e467c9680564c6e0b936d	BECU - Checking Account - 0494		Paypal				n	-14350/100	-14350/100	1970-01-01 00:00:00
===== END
===== START
===== END
===== START
C	6593c7824d9b45368dcc6f5ec07883d8	73224bbe4190445ca15026ecf1486b0d	2023-01-21 19:05:32	2023-01-21 19:05:32	2023-01-18 10:59:00	4a13a92aeb7e467c9680564c6e0b936d	BECU - Checking Account - 0494		PUDO Utilities				n	-22320/100	-22320/100	1970-01-01 00:00:00
C	6593c7824d9b45368dcc6f5ec07883d8	595f555a94124385bf5e1ef101dda70a	2023-01-21 19:05:32	2023-01-21 19:05:32	2023-01-18 10:59:00	667cad87e25741fd9a0008d5a99c92b5	Utilities		PUDO Utilities				n	22320/100	22320/100	1970-01-01 00:00:00
===== END
===== START
===== END
===== START
C	705185cfac44413e8049b8651bdfeda7	b75865f513724dcfba9f9929d1bb009e	2023-01-21 19:05:46	2023-01-21 19:05:46	2023-01-19 10:59:00	4a13a92aeb7e467c9680564c6e0b936d	BECU - Checking Account - 0494		Target				n	-8814/100	-8814/100	1970-01-01 00:00:00
C	705185cfac44413e8049b8651bdfeda7	805534531fae4914a3fa1d7027611a4b	2023-01-21 19:05:46	2023-01-21 19:05:46	2023-01-19 10:59:00	c5858ef77d29454dad7644482a92c632	Miscellaneous		Target				n	8814/100	8814/100	1970-01-01 00:00:00
===== END
===== START
===== END
===== START
C	37c3113a98a34fb9b95ae7fd3a8ed77c	b046080446164f57a2386fb8a72004da	2023-01-21 19:06:13	2023-01-21 19:06:13	2023-01-19 10:59:00	4a13a92aeb7e467c9680564c6e0b936d	BECU - Checking Account - 0494		Sunnyside 				n	-29549/100	-29549/100	1970-01-01 00:00:00
C	37c3113a98a34fb9b95ae7fd3a8ed77c	bc23c4834d7447c2af0ee00cb0f89ccd	2023-01-21 19:06:13	2023-01-21 19:06:13	2023-01-19 10:59:00	183ccf190b654a8d97cd3cb984ab82ec	Education		Sunnyside 				n	29549/100	29549/100	1970-01-01 00:00:00
===== END
===== START
===== END
===== START
C	230ddf2fe528482cb04518157fcfa0bb	f7cc5bf712bb4398a9c34d6da62c3f66	2023-01-21 19:06:35	2023-01-21 19:06:35	2023-01-20 10:59:00	c5858ef77d29454dad7644482a92c632	Miscellaneous		Paypal				n	7086/100	7086/100	1970-01-01 00:00:00
C	230ddf2fe528482cb04518157fcfa0bb	bc7beed277e14cb89950a1e404c7ab32	2023-01-21 19:06:35	2023-01-21 19:06:35	2023-01-20 10:59:00	4a13a92aeb7e467c9680564c6e0b936d	BECU - Checking Account - 0494		Paypal				n	-7086/100	-7086/100	1970-01-01 00:00:00
===== END
===== START
===== END
===== START
C	d6462ac17676411dabf864e657c718bf	5d3379c9e0ad46178e00c6b9e7155ef0	2023-01-21 19:06:42	2023-01-21 19:06:42	2023-01-20 10:59:00	c5858ef77d29454dad7644482a92c632	Miscellaneous		Paypal				n	9601/100	9601/100	1970-01-01 00:00:00
C	d6462ac17676411dabf864e657c718bf	165e4d81d5fc46eca6a7a7f62f1bdc96	2023-01-21 19:06:42	2023-01-21 19:06:42	2023-01-20 10:59:00	4a13a92aeb7e467c9680564c6e0b936d	BECU - Checking Account - 0494		Paypal				n	-9601/100	-9601/100	1970-01-01 00:00:00
===== END
===== START
===== END
===== START
C	38e45c5995c542c1af8b414e0e001241	1528e19f267a4596bb79e41d15744315	2023-01-21 19:06:59	2023-01-21 19:06:59	2023-01-20 10:59:00	4a13a92aeb7e467c9680564c6e0b936d	BECU - Checking Account - 0494		Interest				n	182/100	182/100	1970-01-01 00:00:00
C	38e45c5995c542c1af8b414e0e001241	cdd78a945f7f4c2789642628c3b9add3	2023-01-21 19:06:59	2023-01-21 19:06:59	2023-01-20 10:59:00	04584277cae14872b6403674e3d84e74	Interest Income		Interest				n	-182/100	-182/100	1970-01-01 00:00:00
===== END
===== START
===== END
===== START
C	0e1a099dfbc9404ea2eda20670e985a3	14a561e3f1d641569afdf69b130f5ddc	2023-01-21 19:07:25	2023-01-21 19:07:25	2023-01-21 10:59:00	4a13a92aeb7e467c9680564c6e0b936d	BECU - Checking Account - 0494		POS Withdrawal - SQ *TAIANNA JESUS LLC 130th 5th Ave S EDMONDS WA - Card Ending In 4001				n	-9600/100	-9600/100	1970-01-01 00:00:00
C	0e1a099dfbc9404ea2eda20670e985a3	d63d3c2fdb5445cdb69a82de58540bd1	2023-01-21 19:07:25	2023-01-21 19:07:25	2023-01-21 10:59:00	c5858ef77d29454dad7644482a92c632	Miscellaneous		POS Withdrawal - SQ *TAIANNA JESUS LLC 130th 5th Ave S EDMONDS WA - Card Ending In 4001				n	9600/100	9600/100	1970-01-01 00:00:00
===== END
===== START
===== END
===== START
C	ab924a2d109c423d87259e073feaaff1	701061fd567f47d481792504a405144c	2023-01-21 19:08:20	2023-01-21 19:08:20	2023-01-20 10:59:00	4a13a92aeb7e467c9680564c6e0b936d	BECU - Checking Account - 0494		Coastal Realm Gymnastics				n	-19140/100	-19140/100	1970-01-01 00:00:00
C	ab924a2d109c423d87259e073feaaff1	e1e963f216574bdba63bd0895559f69a	2023-01-21 19:08:20	2023-01-21 19:08:20	2023-01-20 10:59:00	57fe0e62b4dc4e428cabea75474e2d7f	gymnastics		Coastal Realm Gymnastics				n	19140/100	19140/100	1970-01-01 00:00:00
===== END
===== START
===== END
