mod	trans_guid	split_guid	time_now	date_entered	date_posted	acc_guid	acc_name	num	description	notes	memo	action	reconciled	amount	value	date_reconciled
-----------------
===== START
===== END
===== START
D	c82f8134ca4148a9bf87356839b9cc80	385e48e040014b4cb7fae8624e609b14	2023-01-07 17:46:04	2023-01-07 17:46:04	2023-01-07 10:59:00								n	0/1	0/100	1970-01-01 00:00:00
===== END
===== START
===== END
===== START
D	8ce54bbc0e984b2a885aab1844073972	8f8d12735dab4260a1705e722a21f5b7	2023-01-07 17:50:01	2023-01-07 17:50:01	2023-01-07 10:59:00								n	0/1	0/100	1970-01-01 00:00:00
===== END
===== START
===== END
===== START
C	8ba70f356601402ab86fead11d5a0ef3	6c71c4ca862548f5a629f66018d53ef1	2023-01-07 17:51:16	2023-01-07 17:51:16	2022-12-30 10:59:00	c4cddaa6e00340908fd5d69e3757b24f	BECU - Savings Short - 0486		External Deposit - Motional AD Inc T4076-00A435 001 - PAYROLL				n	122604/100	122604/100	1970-01-01 00:00:00
C	8ba70f356601402ab86fead11d5a0ef3	96026e1652184d6b816af30540a8b233	2023-01-07 17:51:16	2023-01-07 17:51:16	2022-12-30 10:59:00	8539f07e876e415aa2cc3664a4869da4	Salary		External Deposit - Motional AD Inc T4076-00A435 001 - PAYROLL				n	-122604/100	-122604/100	1970-01-01 00:00:00
===== END
===== START
===== END
===== START
D	872bb52112ec43cfa2d1537d89f70f01	0f4879722fb549618114a35fb11dd31b	2023-01-07 17:51:29	2023-01-07 17:51:29	2022-12-30 10:59:00								n	0/1	0/100	1970-01-01 00:00:00
===== END
