mod	trans_guid	split_guid	time_now	date_entered	date_posted	acc_guid	acc_name	num	description	notes	memo	action	reconciled	amount	value	date_reconciled
-----------------
===== START
C	243e38ded33040d4a76ac78f6d968117	4d3794424a6d4b7f8b7003d47e286586	2023-01-07 17:59:00	2023-01-07 17:59:00	2023-01-07 10:59:00	30b1db52875e46c88f389dccbb4e213d	BECU - Savings_Long Term - 5549		Transfer from checking - for San Diego trip				n	100000/100	100000/100	1970-01-01 00:00:00
C	243e38ded33040d4a76ac78f6d968117	2ce6da191034430e83e023a63ba1753c	2023-01-07 17:59:00	2023-01-07 17:59:00	2023-01-07 10:59:00	c4cddaa6e00340908fd5d69e3757b24f	BECU - Savings Short - 0486		Transfer from checking - for San Diego trip				n	-100000/100	-100000/100	1970-01-01 00:00:00
===== END
===== START
===== END
===== START
B	b2ffc1ff1da64fc3bffb940a1ca35428	ccf4f22e231d49c4ab1037a2e7b30871	2023-01-07 17:59:10	2022-12-23 17:36:58	2023-06-23 10:59:00	c5858ef77d29454dad7644482a92c632	Miscellaneous		Vacation - San Diego				n	200000/100	200000/100	1970-01-01 00:00:00
B	b2ffc1ff1da64fc3bffb940a1ca35428	f74b330e355441228fd75d355d1953ae	2023-01-07 17:59:10	2022-12-23 17:36:58	2023-06-23 10:59:00	30b1db52875e46c88f389dccbb4e213d	BECU - Savings_Long Term - 5549		Vacation - San Diego				n	-200000/100	-200000/100	1970-01-01 00:00:00
===== END
===== START
C	b2ffc1ff1da64fc3bffb940a1ca35428	ccf4f22e231d49c4ab1037a2e7b30871	2023-01-07 17:59:10	2022-12-23 17:36:58	2023-06-23 10:59:00	c5858ef77d29454dad7644482a92c632	Miscellaneous		Vacation - San Diego				n	300000/100	300000/100	1970-01-01 00:00:00
C	b2ffc1ff1da64fc3bffb940a1ca35428	f74b330e355441228fd75d355d1953ae	2023-01-07 17:59:10	2022-12-23 17:36:58	2023-06-23 10:59:00	30b1db52875e46c88f389dccbb4e213d	BECU - Savings_Long Term - 5549		Vacation - San Diego				n	-300000/100	-300000/100	1970-01-01 00:00:00
===== END
===== START
D	7c7517db3b12463faaec5003a56598f3	29885dd8edbc48eebda007dd1f786ed3	2023-01-07 17:59:19	2023-01-07 17:59:19	2023-01-07 10:59:00								n	0/1	0/100	1970-01-01 00:00:00
===== END
===== START
D	2020d6c6bc9240cd8b56c050ce08cb14	4b3a1a0544f741db8c576bdb0b9c29ee	2023-01-07 17:59:20	2023-01-07 17:59:20	2023-01-07 10:59:00								n	0/1	0/100	1970-01-01 00:00:00
===== END
