mod	trans_guid	split_guid	time_now	date_entered	date_posted	acc_guid	acc_name	num	description	notes	memo	action	reconciled	amount	value	date_reconciled
-----------------
===== START
===== END
===== START
===== END
===== START
C	762835aa2fbf45a9bcd7ddc3fbcb86ea	2a418a5bb2c54bf7964a45f94e43d338	2022-12-28 16:05:36	2022-12-28 16:04:46	2022-12-28 10:59:00	32f5fe9392574e3195b97a66da882e8d	ff3fdf6bb3a3441a9ad3319eb33cec3a		mortgage	monthly mortgage	mortgage		n	0/1	0/100	1970-01-01 00:00:00
C	762835aa2fbf45a9bcd7ddc3fbcb86ea	a802754c30a54668b9f83ba0a54c4c2b	2022-12-28 16:05:36	2022-12-28 16:04:46	2022-12-28 10:59:00	32f5fe9392574e3195b97a66da882e8d	ff3fdf6bb3a3441a9ad3319eb33cec3a		mortgage	monthly mortgage	mortgage		n	0/1	0/100	1970-01-01 00:00:00
===== END
===== START
===== END
===== START
D	694a80b599c04bab946ffaa011afe45e	99f61d1729fa440ebbfc3b6123ec5dee	2022-12-28 16:05:36	2022-12-28 16:05:36	2022-12-28 10:59:00								n	0/1	0/100	1970-01-01 00:00:00
===== END
===== START
===== END
===== START
D	ee8d03325db74aa58299c688f113ce16	e7a3c3435d154ca8a2336e34a07f078c	2022-12-28 16:06:32	2022-12-28 16:06:32	2022-12-28 10:59:00								n	0/1	0/100	1970-01-01 00:00:00
===== END
===== START
D	5c7cb06aa6fd4de790d22d3e706132ed	4b207a7979154244a5b643e8afc20f70	2022-12-28 16:07:33	2022-12-28 16:07:33	2022-12-28 10:59:00								n	0/1	0/100	1970-01-01 00:00:00
===== END
