mod	trans_guid	split_guid	time_now	date_entered	date_posted	acc_guid	acc_name	num	description	notes	memo	action	reconciled	amount	value	date_reconciled
-----------------
===== START
B	762835aa2fbf45a9bcd7ddc3fbcb86ea	2a418a5bb2c54bf7964a45f94e43d338	2023-01-10 16:21:39	2022-12-28 16:04:46	2022-12-28 10:59:00	32f5fe9392574e3195b97a66da882e8d	ff3fdf6bb3a3441a9ad3319eb33cec3a		mortgage	monthly mortgage	mortgage		n	0/1	0/100	1970-01-01 00:00:00
B	762835aa2fbf45a9bcd7ddc3fbcb86ea	a802754c30a54668b9f83ba0a54c4c2b	2023-01-10 16:21:39	2022-12-28 16:04:46	2022-12-28 10:59:00	32f5fe9392574e3195b97a66da882e8d	ff3fdf6bb3a3441a9ad3319eb33cec3a		mortgage	monthly mortgage	mortgage		n	0/1	0/100	1970-01-01 00:00:00
===== END
===== START
R	762835aa2fbf45a9bcd7ddc3fbcb86ea	2a418a5bb2c54bf7964a45f94e43d338	2023-01-10 16:21:39	2022-12-28 16:04:46	2022-12-28 10:59:00	32f5fe9392574e3195b97a66da882e8d	ff3fdf6bb3a3441a9ad3319eb33cec3a		mortgage	monthly mortgage	mortgage		n	0/1	0/100	1970-01-01 00:00:00
R	762835aa2fbf45a9bcd7ddc3fbcb86ea	a802754c30a54668b9f83ba0a54c4c2b	2023-01-10 16:21:39	2022-12-28 16:04:46	2022-12-28 10:59:00	32f5fe9392574e3195b97a66da882e8d	ff3fdf6bb3a3441a9ad3319eb33cec3a		mortgage	monthly mortgage	mortgage		n	0/1	0/100	1970-01-01 00:00:00
===== END
===== START
B	762835aa2fbf45a9bcd7ddc3fbcb86ea	2a418a5bb2c54bf7964a45f94e43d338	2023-01-10 16:21:39	2022-12-28 16:04:46	2022-12-28 10:59:00	32f5fe9392574e3195b97a66da882e8d	ff3fdf6bb3a3441a9ad3319eb33cec3a		mortgage	monthly mortgage	mortgage		n	0/1	0/100	1970-01-01 00:00:00
B	762835aa2fbf45a9bcd7ddc3fbcb86ea	a802754c30a54668b9f83ba0a54c4c2b	2023-01-10 16:21:39	2022-12-28 16:04:46	2022-12-28 10:59:00	32f5fe9392574e3195b97a66da882e8d	ff3fdf6bb3a3441a9ad3319eb33cec3a		mortgage	monthly mortgage	mortgage		n	0/1	0/100	1970-01-01 00:00:00
===== END
===== START
R	762835aa2fbf45a9bcd7ddc3fbcb86ea	2a418a5bb2c54bf7964a45f94e43d338	2023-01-10 16:21:39	2022-12-28 16:04:46	2022-12-28 10:59:00	32f5fe9392574e3195b97a66da882e8d	ff3fdf6bb3a3441a9ad3319eb33cec3a		mortgage	monthly mortgage	mortgage		n	0/1	0/100	1970-01-01 00:00:00
R	762835aa2fbf45a9bcd7ddc3fbcb86ea	a802754c30a54668b9f83ba0a54c4c2b	2023-01-10 16:21:39	2022-12-28 16:04:46	2022-12-28 10:59:00	32f5fe9392574e3195b97a66da882e8d	ff3fdf6bb3a3441a9ad3319eb33cec3a		mortgage	monthly mortgage	mortgage		n	0/1	0/100	1970-01-01 00:00:00
===== END
===== START
===== END
===== START
D	1de4db722aa3477cbd7f6fb20ed202a4	b01b5b9c08bb4b5aafd6754704c01aa3	2023-01-10 16:21:42	2023-01-10 16:21:42	2023-01-10 10:59:00								n	0/1	0/100	1970-01-01 00:00:00
===== END
===== START
===== END
===== START
C	aaf81c3a2a3842d28a18f24a444f67b9	0a5e3c55a0f24498951525e9e23cb26d	2023-01-10 16:24:09	2023-01-10 16:24:09	2023-01-10 10:59:00	30b1db52875e46c88f389dccbb4e213d	BECU - Savings_Long Term - 5549		Transfer to checking - 2023 IRA transfer				n	-650000/100	-650000/100	1970-01-01 00:00:00
C	aaf81c3a2a3842d28a18f24a444f67b9	390752275d444461a59fe5286055ace7	2023-01-10 16:24:09	2023-01-10 16:24:09	2023-01-10 10:59:00	c4cddaa6e00340908fd5d69e3757b24f	BECU - Savings Short - 0486		Transfer to checking - 2023 IRA transfer				n	650000/100	650000/100	1970-01-01 00:00:00
===== END
===== START
===== END
===== START
B	d069704e27c94edca168a0b1828cbad0	f06b28e8d82f4b57ae5f035e7c0ebb6b	2023-01-10 16:24:14	2022-12-17 17:44:32	2023-01-28 10:59:00	c5858ef77d29454dad7644482a92c632	Miscellaneous		2023 Roth IRA contributions - waiting for new year to pass along to Josh				n	650000/100	650000/100	1970-01-01 00:00:00
B	d069704e27c94edca168a0b1828cbad0	09efc14078dd42848d20f405d6260f6d	2023-01-10 16:24:14	2022-12-17 17:44:32	2023-01-28 10:59:00	30b1db52875e46c88f389dccbb4e213d	BECU - Savings_Long Term - 5549		2023 Roth IRA contributions - waiting for new year to pass along to Josh				n	-650000/100	-650000/100	1970-01-01 00:00:00
===== END
===== START
D	d069704e27c94edca168a0b1828cbad0	f06b28e8d82f4b57ae5f035e7c0ebb6b	2023-01-10 16:24:14	2022-12-17 17:44:32	2023-01-28 10:59:00	c5858ef77d29454dad7644482a92c632	Miscellaneous		2023 Roth IRA contributions - waiting for new year to pass along to Josh				n	650000/100	650000/100	1970-01-01 00:00:00
D	d069704e27c94edca168a0b1828cbad0	09efc14078dd42848d20f405d6260f6d	2023-01-10 16:24:14	2022-12-17 17:44:32	2023-01-28 10:59:00	30b1db52875e46c88f389dccbb4e213d	BECU - Savings_Long Term - 5549		2023 Roth IRA contributions - waiting for new year to pass along to Josh				n	-650000/100	-650000/100	1970-01-01 00:00:00
===== END
