mod	trans_guid	split_guid	time_now	date_entered	date_posted	acc_guid	acc_name	num	description	notes	memo	action	reconciled	amount	value	date_reconciled
-----------------
===== START
D	d469e77d6b0d4a7cb209ef8545736a19	c19cf719d1e14bdb8d98b3358d7859d1	2022-12-27 18:11:05	2022-12-27 18:11:05	2022-12-09 10:59:00								n	0/1	0/100	1970-01-01 00:00:00
===== END
===== START
===== END
===== START
C	217af0dd57fc4f2ba876a98916b1b80a	e79d9eec1617403a93d82767fb81a4b5	2022-12-27 18:11:20	2022-12-27 18:11:20	2022-12-27 10:59:00	d33cba82414c4b95a50dbcbf0f6fdd02	BECU - Emergency - 4242		Initial Balance				n	3001468/100	3001468/100	1970-01-01 00:00:00
C	217af0dd57fc4f2ba876a98916b1b80a	5f97cef3cbd84b1188a4f2a5fb5011ef	2022-12-27 18:11:20	2022-12-27 18:11:20	2022-12-27 10:59:00	376c7deebed942dcb52efec4cf17a663	Other Income		Initial Balance				n	-3001468/100	-3001468/100	1970-01-01 00:00:00
===== END
===== START
===== END
===== START
D	dc808b0d25df46968a2979779b8b8c4e	b10bdec2c55d4c558307ca84a57079f9	2022-12-27 18:11:22	2022-12-27 18:11:22	2022-12-27 10:59:00								n	0/1	0/100	1970-01-01 00:00:00
===== END
===== START
===== END
===== START
C	4bb8bded6da147b89be2fdbe6599d9d2	933654f61597457e9d35dadd321a9f29	2022-12-27 18:12:41	2022-12-27 18:12:41	2022-12-23 10:59:00	30b1db52875e46c88f389dccbb4e213d	BECU - Savings_Long Term - 5549		Transfer - allocation for anniversary payment				n	300000/100	300000/100	1970-01-01 00:00:00
C	4bb8bded6da147b89be2fdbe6599d9d2	d835bb0e815540ee8215aa90fd99ecb7	2022-12-27 18:12:41	2022-12-27 18:12:41	2022-12-23 10:59:00	c4cddaa6e00340908fd5d69e3757b24f	BECU - Savings Short - 0486		Transfer - allocation for anniversary payment				n	-300000/100	-300000/100	1970-01-01 00:00:00
===== END
===== START
===== END
===== START
B	9ddbc79ff4044cea97277623c1821d77	97c7e3349c894687b5749ca9765ccea5	2022-12-27 18:13:13	2022-12-27 18:04:26	2022-12-23 10:59:00	4a13a92aeb7e467c9680564c6e0b936d	BECU - Checking Account - 0494		Transfer				n	73000/100	73000/100	1970-01-01 00:00:00
B	9ddbc79ff4044cea97277623c1821d77	ed74195935544e5cb1058e3991e94f41	2022-12-27 18:13:13	2022-12-27 18:04:26	2022-12-23 10:59:00	30b1db52875e46c88f389dccbb4e213d	BECU - Savings_Long Term - 5549		Transfer				n	-73000/100	-73000/100	1970-01-01 00:00:00
===== END
===== START
C	9ddbc79ff4044cea97277623c1821d77	97c7e3349c894687b5749ca9765ccea5	2022-12-27 18:13:13	2022-12-27 18:04:26	2022-12-23 10:59:00	4a13a92aeb7e467c9680564c6e0b936d	BECU - Checking Account - 0494		Transfer - prepayment for anniversary payment				n	73000/100	73000/100	1970-01-01 00:00:00
C	9ddbc79ff4044cea97277623c1821d77	ed74195935544e5cb1058e3991e94f41	2022-12-27 18:13:13	2022-12-27 18:04:26	2022-12-23 10:59:00	30b1db52875e46c88f389dccbb4e213d	BECU - Savings_Long Term - 5549		Transfer - prepayment for anniversary payment				n	-73000/100	-73000/100	1970-01-01 00:00:00
===== END
===== START
C	8271f4c696ed4220bb62b139a336f9fc	1f575bdae56a4418a259221dddce9a36	2022-12-27 18:13:57	2022-12-27 18:13:57	2022-12-23 10:59:00	30b1db52875e46c88f389dccbb4e213d	BECU - Savings_Long Term - 5549		Transfer - allocation for family vacation				n	200000/100	200000/100	1970-01-01 00:00:00
C	8271f4c696ed4220bb62b139a336f9fc	d145a20b25354ee587c0c20837b0c237	2022-12-27 18:13:57	2022-12-27 18:13:57	2022-12-23 10:59:00	c4cddaa6e00340908fd5d69e3757b24f	BECU - Savings Short - 0486		Transfer - allocation for family vacation				n	-200000/100	-200000/100	1970-01-01 00:00:00
===== END
===== START
===== END
===== START
B	7c8e8cc2f0f34e688d30035166330036	d00dda2ae6be4c99856250c8376400db	2022-12-27 18:14:43	2022-12-17 17:43:20	2022-12-23 10:59:00	c5858ef77d29454dad7644482a92c632	Miscellaneous		Iphone - Chase - Future payment for Iphone				n	110400/100	110400/100	1970-01-01 00:00:00
B	7c8e8cc2f0f34e688d30035166330036	974002d4f13540748895b92c20e98e32	2022-12-27 18:14:43	2022-12-17 17:43:20	2022-12-23 10:59:00	30b1db52875e46c88f389dccbb4e213d	BECU - Savings_Long Term - 5549		Iphone - Chase - Future payment for Iphone				n	-110400/100	-110400/100	1970-01-01 00:00:00
===== END
===== START
D	7c8e8cc2f0f34e688d30035166330036	d00dda2ae6be4c99856250c8376400db	2022-12-27 18:14:43	2022-12-17 17:43:20	2022-12-23 10:59:00	c5858ef77d29454dad7644482a92c632	Miscellaneous		Iphone - Chase - Future payment for Iphone				n	110400/100	110400/100	1970-01-01 00:00:00
D	7c8e8cc2f0f34e688d30035166330036	974002d4f13540748895b92c20e98e32	2022-12-27 18:14:43	2022-12-17 17:43:20	2022-12-23 10:59:00	30b1db52875e46c88f389dccbb4e213d	BECU - Savings_Long Term - 5549		Iphone - Chase - Future payment for Iphone				n	-110400/100	-110400/100	1970-01-01 00:00:00
===== END
===== START
B	84cba38d31fa4e6fba73c8309a85116d	6e6002e57f8e455a89b888a2a3ab3d1a	2022-12-27 18:14:52	2022-12-23 17:03:53	2022-12-23 10:59:00	c5858ef77d29454dad7644482a92c632	Miscellaneous		Anniversary - partial payment				n	73000/100	73000/100	1970-01-01 00:00:00
B	84cba38d31fa4e6fba73c8309a85116d	4fda152a7f334d4f9bcbb159e3b3e29e	2022-12-27 18:14:52	2022-12-23 17:03:53	2022-12-23 10:59:00	30b1db52875e46c88f389dccbb4e213d	BECU - Savings_Long Term - 5549		Anniversary - partial payment				n	-73000/100	-73000/100	1970-01-01 00:00:00
===== END
===== START
D	84cba38d31fa4e6fba73c8309a85116d	6e6002e57f8e455a89b888a2a3ab3d1a	2022-12-27 18:14:52	2022-12-23 17:03:53	2022-12-23 10:59:00	c5858ef77d29454dad7644482a92c632	Miscellaneous		Anniversary - partial payment				n	73000/100	73000/100	1970-01-01 00:00:00
D	84cba38d31fa4e6fba73c8309a85116d	4fda152a7f334d4f9bcbb159e3b3e29e	2022-12-27 18:14:52	2022-12-23 17:03:53	2022-12-23 10:59:00	30b1db52875e46c88f389dccbb4e213d	BECU - Savings_Long Term - 5549		Anniversary - partial payment				n	-73000/100	-73000/100	1970-01-01 00:00:00
===== END
===== START
B	d069704e27c94edca168a0b1828cbad0	f06b28e8d82f4b57ae5f035e7c0ebb6b	2022-12-27 18:15:32	2022-12-17 17:44:32	2023-01-28 10:59:00	c5858ef77d29454dad7644482a92c632	Miscellaneous		2023 Roth IRA contributions				n	650000/100	650000/100	1970-01-01 00:00:00
B	d069704e27c94edca168a0b1828cbad0	09efc14078dd42848d20f405d6260f6d	2022-12-27 18:15:32	2022-12-17 17:44:32	2023-01-28 10:59:00	30b1db52875e46c88f389dccbb4e213d	BECU - Savings_Long Term - 5549		2023 Roth IRA contributions				n	-650000/100	-650000/100	1970-01-01 00:00:00
===== END
===== START
C	d069704e27c94edca168a0b1828cbad0	f06b28e8d82f4b57ae5f035e7c0ebb6b	2022-12-27 18:15:32	2022-12-17 17:44:32	2023-01-28 10:59:00	c5858ef77d29454dad7644482a92c632	Miscellaneous		2023 Roth IRA contributions - waiting for new year to pass along to Josh				n	650000/100	650000/100	1970-01-01 00:00:00
C	d069704e27c94edca168a0b1828cbad0	09efc14078dd42848d20f405d6260f6d	2022-12-27 18:15:32	2022-12-17 17:44:32	2023-01-28 10:59:00	30b1db52875e46c88f389dccbb4e213d	BECU - Savings_Long Term - 5549		2023 Roth IRA contributions - waiting for new year to pass along to Josh				n	-650000/100	-650000/100	1970-01-01 00:00:00
===== END
===== START
B	b2ffc1ff1da64fc3bffb940a1ca35428	ccf4f22e231d49c4ab1037a2e7b30871	2022-12-27 18:15:51	2022-12-23 17:36:58	2023-06-23 10:59:00	c5858ef77d29454dad7644482a92c632	Miscellaneous		Vacation - Whistler trip plan				n	200000/100	200000/100	1970-01-01 00:00:00
B	b2ffc1ff1da64fc3bffb940a1ca35428	f74b330e355441228fd75d355d1953ae	2022-12-27 18:15:51	2022-12-23 17:36:58	2023-06-23 10:59:00	30b1db52875e46c88f389dccbb4e213d	BECU - Savings_Long Term - 5549		Vacation - Whistler trip plan				n	-200000/100	-200000/100	1970-01-01 00:00:00
===== END
===== START
C	b2ffc1ff1da64fc3bffb940a1ca35428	ccf4f22e231d49c4ab1037a2e7b30871	2022-12-27 18:15:51	2022-12-23 17:36:58	2023-06-23 10:59:00	c5858ef77d29454dad7644482a92c632	Miscellaneous		Vacation - plan for family with ron and reg				n	200000/100	200000/100	1970-01-01 00:00:00
C	b2ffc1ff1da64fc3bffb940a1ca35428	f74b330e355441228fd75d355d1953ae	2022-12-27 18:15:51	2022-12-23 17:36:58	2023-06-23 10:59:00	30b1db52875e46c88f389dccbb4e213d	BECU - Savings_Long Term - 5549		Vacation - plan for family with ron and reg				n	-200000/100	-200000/100	1970-01-01 00:00:00
===== END
