mod	trans_guid	split_guid	time_now	date_entered	date_posted	acc_guid	acc_name	num	description	notes	memo	action	reconciled	amount	value	date_reconciled
-----------------
===== START
===== END
===== START
===== END
===== START
C	d0e8be76833e489787029b597cc379e9	1b811ff4e6b54a95891e4ead40b2ef9f	2022-12-23 17:33:16	2022-12-23 17:33:16	2022-12-23 10:59:00	4a13a92aeb7e467c9680564c6e0b936d	Checking Account		Dishwasher Purchase				n	-160000/100	-160000/100	1970-01-01 00:00:00
C	d0e8be76833e489787029b597cc379e9	c5d16deb242841d3b69cc1f9acae807a	2022-12-23 17:33:16	2022-12-23 17:33:16	2022-12-23 10:59:00	c5858ef77d29454dad7644482a92c632	Miscellaneous		Dishwasher Purchase				n	160000/100	160000/100	1970-01-01 00:00:00
===== END
===== START
===== END
===== START
B	d0e8be76833e489787029b597cc379e9	c5d16deb242841d3b69cc1f9acae807a	2022-12-23 17:33:23	2022-12-23 17:33:16	2022-12-23 10:59:00	c5858ef77d29454dad7644482a92c632	Miscellaneous		Dishwasher Purchase				n	160000/100	160000/100	1970-01-01 00:00:00
B	d0e8be76833e489787029b597cc379e9	1b811ff4e6b54a95891e4ead40b2ef9f	2022-12-23 17:33:23	2022-12-23 17:33:16	2022-12-23 10:59:00	4a13a92aeb7e467c9680564c6e0b936d	Checking Account		Dishwasher Purchase				n	-160000/100	-160000/100	1970-01-01 00:00:00
===== END
===== START
C	d0e8be76833e489787029b597cc379e9	c5d16deb242841d3b69cc1f9acae807a	2022-12-23 17:33:23	2022-12-23 17:33:16	2022-12-23 10:59:00	c5858ef77d29454dad7644482a92c632	Miscellaneous		Dishwasher Purchase - transfer to normal checking				n	160000/100	160000/100	1970-01-01 00:00:00
C	d0e8be76833e489787029b597cc379e9	1b811ff4e6b54a95891e4ead40b2ef9f	2022-12-23 17:33:23	2022-12-23 17:33:16	2022-12-23 10:59:00	4a13a92aeb7e467c9680564c6e0b936d	Checking Account		Dishwasher Purchase - transfer to normal checking				n	-160000/100	-160000/100	1970-01-01 00:00:00
===== END
===== START
B	d0e8be76833e489787029b597cc379e9	c5d16deb242841d3b69cc1f9acae807a	2022-12-23 17:33:44	2022-12-23 17:33:16	2022-12-23 10:59:00	c5858ef77d29454dad7644482a92c632	Miscellaneous		Dishwasher Purchase - transfer to normal checking				n	160000/100	160000/100	1970-01-01 00:00:00
B	d0e8be76833e489787029b597cc379e9	1b811ff4e6b54a95891e4ead40b2ef9f	2022-12-23 17:33:44	2022-12-23 17:33:16	2022-12-23 10:59:00	4a13a92aeb7e467c9680564c6e0b936d	Checking Account		Dishwasher Purchase - transfer to normal checking				n	-160000/100	-160000/100	1970-01-01 00:00:00
===== END
===== START
C	d0e8be76833e489787029b597cc379e9	c5d16deb242841d3b69cc1f9acae807a	2022-12-23 17:33:44	2022-12-23 17:33:16	2022-12-23 10:59:00	c5858ef77d29454dad7644482a92c632	Miscellaneous		Dishwasher Purchase - transfer to normal checking				n	160000/100	160000/100	1970-01-01 00:00:00
C	d0e8be76833e489787029b597cc379e9	1b811ff4e6b54a95891e4ead40b2ef9f	2022-12-23 17:33:44	2022-12-23 17:33:16	2022-12-23 10:59:00	4a13a92aeb7e467c9680564c6e0b936d	Checking Account		Dishwasher Purchase - transfer to normal checking				n	-160000/100	-160000/100	1970-01-01 00:00:00
===== END
===== START
B	d0e8be76833e489787029b597cc379e9	c5d16deb242841d3b69cc1f9acae807a	2022-12-23 17:35:21	2022-12-23 17:33:16	2022-12-23 10:59:00	c5858ef77d29454dad7644482a92c632	Miscellaneous		Dishwasher Purchase - transfer to normal checking				n	160000/100	160000/100	1970-01-01 00:00:00
B	d0e8be76833e489787029b597cc379e9	1b811ff4e6b54a95891e4ead40b2ef9f	2022-12-23 17:35:21	2022-12-23 17:33:16	2022-12-23 10:59:00	4a13a92aeb7e467c9680564c6e0b936d	Checking Account		Dishwasher Purchase - transfer to normal checking				n	-160000/100	-160000/100	1970-01-01 00:00:00
===== END
===== START
C	d0e8be76833e489787029b597cc379e9	c5d16deb242841d3b69cc1f9acae807a	2022-12-23 17:35:21	2022-12-23 17:33:16	2022-12-23 10:59:00	c5858ef77d29454dad7644482a92c632	Miscellaneous		Dishwasher Purchase - transfer to normal checking				n	160000/100	160000/100	1970-01-01 00:00:00
C	d0e8be76833e489787029b597cc379e9	1b811ff4e6b54a95891e4ead40b2ef9f	2022-12-23 17:35:21	2022-12-23 17:33:16	2022-12-23 10:59:00	4a13a92aeb7e467c9680564c6e0b936d	Checking Account		Dishwasher Purchase - transfer to normal checking				n	-160000/100	-160000/100	1970-01-01 00:00:00
===== END
