mod	trans_guid	split_guid	time_now	date_entered	date_posted	acc_guid	acc_name	num	description	notes	memo	action	reconciled	amount	value	date_reconciled
-----------------
===== START
===== END
===== START
D	dbfb67b020c6430dab264e5d0d5dd30a	c9f9ee1522204151b557036f303dd6e5	2022-12-27 18:53:25	2022-12-27 18:53:25	2022-12-27 10:59:00								n	0/1	0/100	1970-01-01 00:00:00
===== END
===== START
===== END
===== START
B	604f21023c31413eab07de6fb3b2297a	154f6c0bbd054a42a6920d3ab2135cbd	2022-12-27 18:54:00	2022-12-27 18:47:27	2019-07-02 10:59:00	54d9601c406d4869a1befdd6186f6be9	Home Value		Initial Purchase				n	49300000/100	49300000/100	1970-01-01 00:00:00
B	604f21023c31413eab07de6fb3b2297a	1051dbe0c7a8432eb2e51ec0c881961d	2022-12-27 18:54:00	2022-12-27 18:47:27	2019-07-02 10:59:00	904a56b0f41447ea905c78d4f27c25ae	Opening Balances		Initial Purchase				n	-49300000/100	-49300000/100	1970-01-01 00:00:00
===== END
===== START
C	604f21023c31413eab07de6fb3b2297a	154f6c0bbd054a42a6920d3ab2135cbd	2022-12-27 18:54:00	2022-12-27 18:47:27	2019-07-02 10:59:00	54d9601c406d4869a1befdd6186f6be9	Home Value		Initial Purchase				n	49300000/100	49300000/100	1970-01-01 00:00:00
C	604f21023c31413eab07de6fb3b2297a	1051dbe0c7a8432eb2e51ec0c881961d	2022-12-27 18:54:00	2022-12-27 18:47:27	2019-07-02 10:59:00	376c7deebed942dcb52efec4cf17a663	Other Income		Initial Purchase				n	-49300000/100	-49300000/100	1970-01-01 00:00:00
===== END
===== START
D	1155abc5d24d4d0ea331aa57b7c14482	a7b1c3d00bcc4c9d85a65fb6130da018	2022-12-27 18:54:01	2022-12-27 18:54:01	2022-12-27 10:59:00								n	0/1	0/100	1970-01-01 00:00:00
===== END
===== START
===== END
===== START
===== END
===== START
B	604f21023c31413eab07de6fb3b2297a	154f6c0bbd054a42a6920d3ab2135cbd	2022-12-27 18:55:55	2022-12-27 18:47:27	2019-07-02 10:59:00	54d9601c406d4869a1befdd6186f6be9	Home Value		Initial Purchase				n	49300000/100	49300000/100	1970-01-01 00:00:00
B	604f21023c31413eab07de6fb3b2297a	1051dbe0c7a8432eb2e51ec0c881961d	2022-12-27 18:55:55	2022-12-27 18:47:27	2019-07-02 10:59:00	376c7deebed942dcb52efec4cf17a663	Other Income		Initial Purchase				n	-49300000/100	-49300000/100	1970-01-01 00:00:00
===== END
===== START
C	604f21023c31413eab07de6fb3b2297a	154f6c0bbd054a42a6920d3ab2135cbd	2022-12-27 18:55:55	2022-12-27 18:47:27	2019-07-02 10:59:00	54d9601c406d4869a1befdd6186f6be9	Home Value		Initial Purchase				n	49300000/100	49300000/100	1970-01-01 00:00:00
C	604f21023c31413eab07de6fb3b2297a	1051dbe0c7a8432eb2e51ec0c881961d	2022-12-27 18:55:55	2022-12-27 18:47:27	2019-07-02 10:59:00	6403838247ae435381da931088a18454	Other		Initial Purchase				n	-49300000/100	-49300000/100	1970-01-01 00:00:00
===== END
===== START
D	47ccc0a636a24bb3b6748a6fd372d4a9	2a9ced4edd124ca9a65200f2018bcd26	2022-12-27 18:55:58	2022-12-27 18:55:58	2022-12-27 10:59:00								n	0/1	0/100	1970-01-01 00:00:00
===== END
===== START
===== END
===== START
B	a286956136ed4916a5ac88b24087acf9	6751f5ac2c634ef78106bbd8523071ec	2022-12-27 18:56:08	2022-12-27 18:10:07	2022-12-09 10:59:00	560057875f6b438ab58ef1c725c9f6fd	BECU - Cole - 0765		Initial Balance				n	52708/100	52708/100	1970-01-01 00:00:00
B	a286956136ed4916a5ac88b24087acf9	83d5d2f2f8e1421f81711268d34cd28e	2022-12-27 18:56:08	2022-12-27 18:10:07	2022-12-09 10:59:00	376c7deebed942dcb52efec4cf17a663	Other Income		Initial Balance				n	-52708/100	-52708/100	1970-01-01 00:00:00
===== END
===== START
C	a286956136ed4916a5ac88b24087acf9	6751f5ac2c634ef78106bbd8523071ec	2022-12-27 18:56:08	2022-12-27 18:10:07	2022-12-09 10:59:00	560057875f6b438ab58ef1c725c9f6fd	BECU - Cole - 0765		Initial Balance				n	52708/100	52708/100	1970-01-01 00:00:00
C	a286956136ed4916a5ac88b24087acf9	83d5d2f2f8e1421f81711268d34cd28e	2022-12-27 18:56:08	2022-12-27 18:10:07	2022-12-09 10:59:00	6403838247ae435381da931088a18454	Other		Initial Balance				n	-52708/100	-52708/100	1970-01-01 00:00:00
===== END
===== START
D	2e8da84d49b346309912501a1877fce0	7b8a80a9a0a24236a27cd422cfbec196	2022-12-27 18:56:10	2022-12-27 18:56:10	2022-12-27 10:59:00								n	0/1	0/100	1970-01-01 00:00:00
===== END
===== START
===== END
===== START
B	e5685525858243799891714c7c9a10b9	47e53cac75c8483fb58add084b6e043e	2022-12-27 18:56:17	2022-12-27 18:10:43	2022-12-09 10:59:00	7dc30e3587a2449abad98c67883fbf7d	BECU - Dylan - 1028		Initial Balance				n	48446/100	48446/100	1970-01-01 00:00:00
B	e5685525858243799891714c7c9a10b9	fea13a102a614a91aabad201f303f5ff	2022-12-27 18:56:17	2022-12-27 18:10:43	2022-12-09 10:59:00	376c7deebed942dcb52efec4cf17a663	Other Income		Initial Balance				n	-48446/100	-48446/100	1970-01-01 00:00:00
===== END
===== START
C	e5685525858243799891714c7c9a10b9	47e53cac75c8483fb58add084b6e043e	2022-12-27 18:56:17	2022-12-27 18:10:43	2022-12-09 10:59:00	7dc30e3587a2449abad98c67883fbf7d	BECU - Dylan - 1028		Initial Balance				n	48446/100	48446/100	1970-01-01 00:00:00
C	e5685525858243799891714c7c9a10b9	fea13a102a614a91aabad201f303f5ff	2022-12-27 18:56:17	2022-12-27 18:10:43	2022-12-09 10:59:00	6403838247ae435381da931088a18454	Other		Initial Balance				n	-48446/100	-48446/100	1970-01-01 00:00:00
===== END
===== START
D	22389b74bfa740a3925f2d93dfaac207	da3043906b4f47a2bdd9149812616bbe	2022-12-27 18:56:19	2022-12-27 18:56:19	2022-12-27 10:59:00								n	0/1	0/100	1970-01-01 00:00:00
===== END
===== START
===== END
===== START
B	d765d8fbd4d84c348c2e412cea8cbc82	f69a804d5213458ca5f609f1654d7b32	2022-12-27 18:56:26	2022-12-17 17:42:41	2022-12-17 10:59:00	30b1db52875e46c88f389dccbb4e213d	BECU - Savings_Long Term - 5549		Initial Balance				n	757262/100	757262/100	1970-01-01 00:00:00
B	d765d8fbd4d84c348c2e412cea8cbc82	4817b8ae2e654158afceec5b599417e5	2022-12-27 18:56:26	2022-12-17 17:42:41	2022-12-17 10:59:00	376c7deebed942dcb52efec4cf17a663	Other Income		Initial Balance				n	-757262/100	-757262/100	1970-01-01 00:00:00
===== END
===== START
C	d765d8fbd4d84c348c2e412cea8cbc82	f69a804d5213458ca5f609f1654d7b32	2022-12-27 18:56:26	2022-12-17 17:42:41	2022-12-17 10:59:00	30b1db52875e46c88f389dccbb4e213d	BECU - Savings_Long Term - 5549		Initial Balance				n	757262/100	757262/100	1970-01-01 00:00:00
C	d765d8fbd4d84c348c2e412cea8cbc82	4817b8ae2e654158afceec5b599417e5	2022-12-27 18:56:26	2022-12-17 17:42:41	2022-12-17 10:59:00	6403838247ae435381da931088a18454	Other		Initial Balance				n	-757262/100	-757262/100	1970-01-01 00:00:00
===== END
===== START
D	a4a05c2fdcc54cedb60a6ab347848703	08b75575828245519ad398036d7a77d1	2022-12-27 18:56:28	2022-12-27 18:56:28	2022-12-27 10:59:00								n	0/1	0/100	1970-01-01 00:00:00
===== END
===== START
===== END
===== START
B	330d0092143847ac9f5465c8ea78afb0	3191512445364ffab1b51091e0b3ed37	2022-12-27 18:56:33	2022-12-27 18:16:41	2022-12-17 10:59:00	c4cddaa6e00340908fd5d69e3757b24f	BECU - Savings Short - 0486		Initial Balance				n	991230/100	991230/100	1970-01-01 00:00:00
B	330d0092143847ac9f5465c8ea78afb0	9d1741348b9d4780b2adbff1bb574a73	2022-12-27 18:56:33	2022-12-27 18:16:41	2022-12-17 10:59:00	376c7deebed942dcb52efec4cf17a663	Other Income		Initial Balance				n	-991230/100	-991230/100	1970-01-01 00:00:00
===== END
===== START
C	330d0092143847ac9f5465c8ea78afb0	3191512445364ffab1b51091e0b3ed37	2022-12-27 18:56:33	2022-12-27 18:16:41	2022-12-17 10:59:00	c4cddaa6e00340908fd5d69e3757b24f	BECU - Savings Short - 0486		Initial Balance				n	991230/100	991230/100	1970-01-01 00:00:00
C	330d0092143847ac9f5465c8ea78afb0	9d1741348b9d4780b2adbff1bb574a73	2022-12-27 18:56:33	2022-12-27 18:16:41	2022-12-17 10:59:00	6403838247ae435381da931088a18454	Other		Initial Balance				n	-991230/100	-991230/100	1970-01-01 00:00:00
===== END
===== START
D	6a714ede7b634cef807d556f350631f7	24f25053bad14daebbc51cf2ec9a022b	2022-12-27 18:56:36	2022-12-27 18:56:36	2022-12-27 10:59:00								n	0/1	0/100	1970-01-01 00:00:00
===== END
===== START
===== END
===== START
B	f6e7fdec2d264f8bb701afb2fd036704	8b0b0632bf09496da5d5fd7a3148f45c	2022-12-27 18:56:42	2022-12-23 16:51:52	2022-12-23 10:59:00	4a13a92aeb7e467c9680564c6e0b936d	BECU - Checking Account - 0494		Initial Deposit				n	109111/100	109111/100	1970-01-01 00:00:00
B	f6e7fdec2d264f8bb701afb2fd036704	7b15ab1c578c4cb686dff46c71536dfe	2022-12-27 18:56:42	2022-12-23 16:51:52	2022-12-23 10:59:00	376c7deebed942dcb52efec4cf17a663	Other Income		Initial Deposit				n	-109111/100	-109111/100	1970-01-01 00:00:00
===== END
===== START
C	f6e7fdec2d264f8bb701afb2fd036704	8b0b0632bf09496da5d5fd7a3148f45c	2022-12-27 18:56:42	2022-12-23 16:51:52	2022-12-23 10:59:00	4a13a92aeb7e467c9680564c6e0b936d	BECU - Checking Account - 0494		Initial Deposit				n	109111/100	109111/100	1970-01-01 00:00:00
C	f6e7fdec2d264f8bb701afb2fd036704	7b15ab1c578c4cb686dff46c71536dfe	2022-12-27 18:56:42	2022-12-23 16:51:52	2022-12-23 10:59:00	6403838247ae435381da931088a18454	Other		Initial Deposit				n	-109111/100	-109111/100	1970-01-01 00:00:00
===== END
===== START
D	9465ab2fc72e4052865eabb8b66088e6	9fdd73f3341144e9b156a3fcfae9c96a	2022-12-27 18:56:44	2022-12-27 18:56:44	2022-12-27 10:59:00								n	0/1	0/100	1970-01-01 00:00:00
===== END
===== START
===== END
===== START
B	48039bedf28f480e8126e0bb390acdf6	5ea5c1f81a654f1ba512375512f36407	2022-12-27 18:56:51	2022-12-27 18:17:30	2022-12-26 10:59:00	c4cddaa6e00340908fd5d69e3757b24f	BECU - Savings Short - 0486		Christmas Deposite				n	10000/100	10000/100	1970-01-01 00:00:00
B	48039bedf28f480e8126e0bb390acdf6	16751bec2f8c46428aa9c74fb8341412	2022-12-27 18:56:51	2022-12-27 18:17:30	2022-12-26 10:59:00	376c7deebed942dcb52efec4cf17a663	Other Income		Christmas Deposite				n	-10000/100	-10000/100	1970-01-01 00:00:00
===== END
===== START
C	48039bedf28f480e8126e0bb390acdf6	5ea5c1f81a654f1ba512375512f36407	2022-12-27 18:56:51	2022-12-27 18:17:30	2022-12-26 10:59:00	c4cddaa6e00340908fd5d69e3757b24f	BECU - Savings Short - 0486		Christmas Deposite				n	10000/100	10000/100	1970-01-01 00:00:00
C	48039bedf28f480e8126e0bb390acdf6	16751bec2f8c46428aa9c74fb8341412	2022-12-27 18:56:51	2022-12-27 18:17:30	2022-12-26 10:59:00	6403838247ae435381da931088a18454	Other		Christmas Deposite				n	-10000/100	-10000/100	1970-01-01 00:00:00
===== END
===== START
B	48039bedf28f480e8126e0bb390acdf6	5ea5c1f81a654f1ba512375512f36407	2022-12-27 18:56:59	2022-12-27 18:17:30	2022-12-26 10:59:00	c4cddaa6e00340908fd5d69e3757b24f	BECU - Savings Short - 0486		Christmas Deposite				n	10000/100	10000/100	1970-01-01 00:00:00
B	48039bedf28f480e8126e0bb390acdf6	16751bec2f8c46428aa9c74fb8341412	2022-12-27 18:56:59	2022-12-27 18:17:30	2022-12-26 10:59:00	6403838247ae435381da931088a18454	Other		Christmas Deposite				n	-10000/100	-10000/100	1970-01-01 00:00:00
===== END
===== START
C	48039bedf28f480e8126e0bb390acdf6	5ea5c1f81a654f1ba512375512f36407	2022-12-27 18:56:59	2022-12-27 18:17:30	2022-12-26 10:59:00	c4cddaa6e00340908fd5d69e3757b24f	BECU - Savings Short - 0486		Christmas Deposite				n	10000/100	10000/100	1970-01-01 00:00:00
C	48039bedf28f480e8126e0bb390acdf6	16751bec2f8c46428aa9c74fb8341412	2022-12-27 18:56:59	2022-12-27 18:17:30	2022-12-26 10:59:00	376c7deebed942dcb52efec4cf17a663	Other Income		Christmas Deposite				n	-10000/100	-10000/100	1970-01-01 00:00:00
===== END
===== START
D	3054a323e5eb4c16ac0e8d97b76267b6	b4bfa7b669bc459f95e9f74019480aa4	2022-12-27 18:57:01	2022-12-27 18:57:01	2022-12-27 10:59:00								n	0/1	0/100	1970-01-01 00:00:00
===== END
===== START
===== END
===== START
B	8aa8899892714bf288c421743c541156	05da4eff69b44b929309a3358f27ce09	2022-12-27 18:57:10	2022-12-27 18:00:48	2022-12-27 10:59:00	83ca48ab7f924e41afdf06a0fe2bec73	BECU - Bill Pay -  1083		Initial Balance				n	4823/100	4823/100	1970-01-01 00:00:00
B	8aa8899892714bf288c421743c541156	21514a39bf534688a920eb9f2989113f	2022-12-27 18:57:10	2022-12-27 18:00:48	2022-12-27 10:59:00	376c7deebed942dcb52efec4cf17a663	Other Income		Initial Balance				n	-4823/100	-4823/100	1970-01-01 00:00:00
===== END
===== START
C	8aa8899892714bf288c421743c541156	05da4eff69b44b929309a3358f27ce09	2022-12-27 18:57:10	2022-12-27 18:00:48	2022-12-27 10:59:00	83ca48ab7f924e41afdf06a0fe2bec73	BECU - Bill Pay -  1083		Initial Balance				n	4823/100	4823/100	1970-01-01 00:00:00
C	8aa8899892714bf288c421743c541156	21514a39bf534688a920eb9f2989113f	2022-12-27 18:57:10	2022-12-27 18:00:48	2022-12-27 10:59:00	6403838247ae435381da931088a18454	Other		Initial Balance				n	-4823/100	-4823/100	1970-01-01 00:00:00
===== END
===== START
D	9c70238ee35044d1bd83bdfc052e656a	1e4273379bc84356830ff431b2df0b5a	2022-12-27 18:57:12	2022-12-27 18:57:12	2022-12-27 10:59:00								n	0/1	0/100	1970-01-01 00:00:00
===== END
===== START
===== END
===== START
B	217af0dd57fc4f2ba876a98916b1b80a	e79d9eec1617403a93d82767fb81a4b5	2022-12-27 18:57:19	2022-12-27 18:11:20	2022-12-27 10:59:00	d33cba82414c4b95a50dbcbf0f6fdd02	BECU - Emergency - 4242		Initial Balance				n	3001468/100	3001468/100	1970-01-01 00:00:00
B	217af0dd57fc4f2ba876a98916b1b80a	5f97cef3cbd84b1188a4f2a5fb5011ef	2022-12-27 18:57:19	2022-12-27 18:11:20	2022-12-27 10:59:00	376c7deebed942dcb52efec4cf17a663	Other Income		Initial Balance				n	-3001468/100	-3001468/100	1970-01-01 00:00:00
===== END
===== START
C	217af0dd57fc4f2ba876a98916b1b80a	e79d9eec1617403a93d82767fb81a4b5	2022-12-27 18:57:19	2022-12-27 18:11:20	2022-12-27 10:59:00	d33cba82414c4b95a50dbcbf0f6fdd02	BECU - Emergency - 4242		Initial Balance				n	3001468/100	3001468/100	1970-01-01 00:00:00
C	217af0dd57fc4f2ba876a98916b1b80a	5f97cef3cbd84b1188a4f2a5fb5011ef	2022-12-27 18:57:19	2022-12-27 18:11:20	2022-12-27 10:59:00	6403838247ae435381da931088a18454	Other		Initial Balance				n	-3001468/100	-3001468/100	1970-01-01 00:00:00
===== END
===== START
D	afc2e71503af45338897e1be430a7993	8f7fdefe4f864ad89cbea8895756677d	2022-12-27 18:57:21	2022-12-27 18:57:21	2022-12-27 10:59:00								n	0/1	0/100	1970-01-01 00:00:00
===== END
===== START
D	ad52f048c65f4ea9af13eca199ae21f9	5e8b339b21b54308b4b3d1200af41c67	2022-12-27 18:57:23	2022-12-27 18:57:23	2022-12-27 10:59:00								n	0/1	0/100	1970-01-01 00:00:00
===== END
