mod	trans_guid	split_guid	time_now	date_entered	date_posted	acc_guid	acc_name	num	description	notes	memo	action	reconciled	amount	value	date_reconciled
-----------------
===== START
===== END
===== START
C	7c1146944a82487ebdd4be4240cc4bc8	776c9545295a471ea532cf84201d2495	2022-12-27 18:39:58	2022-12-27 18:39:58	2022-12-27 10:59:00	eb2136c6cce142ba9da88b54419fcb26	Mortgage		Current Principal				n	-29248483/100	-29248483/100	1970-01-01 00:00:00
C	7c1146944a82487ebdd4be4240cc4bc8	2b276c1140ca4dd789992fb1a580d574	2022-12-27 18:39:58	2022-12-27 18:39:58	2022-12-27 10:59:00	c5858ef77d29454dad7644482a92c632	Miscellaneous		Current Principal				n	29248483/100	29248483/100	1970-01-01 00:00:00
===== END
===== START
===== END
===== START
C	fd9c11213bb540d5a3a246d305227cc1	977a11acb93b4536bda18690935efb26	2022-12-27 18:41:37	2022-12-27 18:41:37	2021-12-27 10:59:00	eb2136c6cce142ba9da88b54419fcb26	Mortgage		Principal Amount				n	-30232882/100	-30232882/100	1970-01-01 00:00:00
C	fd9c11213bb540d5a3a246d305227cc1	46185d1d0ffc444ea04a014d1f8e7fbe	2022-12-27 18:41:37	2022-12-27 18:41:37	2021-12-27 10:59:00	243c8705f9004b1e88a938de959452d0	Adjustment		Principal Amount				n	30232882/100	30232882/100	1970-01-01 00:00:00
===== END
===== START
===== END
===== START
C	ed6a5c1921f84857803a588b9f8d2a7e	595e97ced7dc48398aa0c2f6f8e462fa	2022-12-27 18:42:42	2022-12-27 18:42:42	2021-03-01 10:59:00	eb2136c6cce142ba9da88b54419fcb26	Mortgage		Initial Princpal  - earliest amount I had				n	-30779916/100	-30779916/100	1970-01-01 00:00:00
C	ed6a5c1921f84857803a588b9f8d2a7e	ee63fd6b457b481c8ebccda04a02df43	2022-12-27 18:42:42	2022-12-27 18:42:42	2021-03-01 10:59:00	c5858ef77d29454dad7644482a92c632	Miscellaneous		Initial Princpal  - earliest amount I had				n	30779916/100	30779916/100	1970-01-01 00:00:00
===== END
===== START
===== END
===== START
B	fd9c11213bb540d5a3a246d305227cc1	46185d1d0ffc444ea04a014d1f8e7fbe	2022-12-27 18:43:18	2022-12-27 18:41:37	2021-12-27 10:59:00	243c8705f9004b1e88a938de959452d0	Adjustment		Principal Amount				n	30232882/100	30232882/100	1970-01-01 00:00:00
B	fd9c11213bb540d5a3a246d305227cc1	977a11acb93b4536bda18690935efb26	2022-12-27 18:43:18	2022-12-27 18:41:37	2021-12-27 10:59:00	eb2136c6cce142ba9da88b54419fcb26	Mortgage		Principal Amount				n	-30232882/100	-30232882/100	1970-01-01 00:00:00
===== END
===== START
C	fd9c11213bb540d5a3a246d305227cc1	46185d1d0ffc444ea04a014d1f8e7fbe	2022-12-27 18:43:18	2022-12-27 18:41:37	2021-12-27 10:59:00	243c8705f9004b1e88a938de959452d0	Adjustment		Principal Amount				n	-547034/100	-547034/100	1970-01-01 00:00:00
C	fd9c11213bb540d5a3a246d305227cc1	977a11acb93b4536bda18690935efb26	2022-12-27 18:43:18	2022-12-27 18:41:37	2021-12-27 10:59:00	eb2136c6cce142ba9da88b54419fcb26	Mortgage		Principal Amount				n	547034/100	547034/100	1970-01-01 00:00:00
===== END
===== START
B	7c1146944a82487ebdd4be4240cc4bc8	2b276c1140ca4dd789992fb1a580d574	2022-12-27 18:43:42	2022-12-27 18:39:58	2022-12-27 10:59:00	c5858ef77d29454dad7644482a92c632	Miscellaneous		Current Principal				n	29248483/100	29248483/100	1970-01-01 00:00:00
B	7c1146944a82487ebdd4be4240cc4bc8	776c9545295a471ea532cf84201d2495	2022-12-27 18:43:42	2022-12-27 18:39:58	2022-12-27 10:59:00	eb2136c6cce142ba9da88b54419fcb26	Mortgage		Current Principal				n	-29248483/100	-29248483/100	1970-01-01 00:00:00
===== END
===== START
C	7c1146944a82487ebdd4be4240cc4bc8	2b276c1140ca4dd789992fb1a580d574	2022-12-27 18:43:42	2022-12-27 18:39:58	2022-12-27 10:59:00	c5858ef77d29454dad7644482a92c632	Miscellaneous		Current Principal				n	-984399/100	-984399/100	1970-01-01 00:00:00
C	7c1146944a82487ebdd4be4240cc4bc8	776c9545295a471ea532cf84201d2495	2022-12-27 18:43:42	2022-12-27 18:39:58	2022-12-27 10:59:00	eb2136c6cce142ba9da88b54419fcb26	Mortgage		Current Principal				n	984399/100	984399/100	1970-01-01 00:00:00
===== END
===== START
B	fd9c11213bb540d5a3a246d305227cc1	977a11acb93b4536bda18690935efb26	2022-12-27 18:44:00	2022-12-27 18:41:37	2021-12-27 10:59:00	eb2136c6cce142ba9da88b54419fcb26	Mortgage		Principal Amount				n	547034/100	547034/100	1970-01-01 00:00:00
B	fd9c11213bb540d5a3a246d305227cc1	46185d1d0ffc444ea04a014d1f8e7fbe	2022-12-27 18:44:00	2022-12-27 18:41:37	2021-12-27 10:59:00	243c8705f9004b1e88a938de959452d0	Adjustment		Principal Amount				n	-547034/100	-547034/100	1970-01-01 00:00:00
===== END
===== START
C	fd9c11213bb540d5a3a246d305227cc1	977a11acb93b4536bda18690935efb26	2022-12-27 18:44:00	2022-12-27 18:41:37	2021-12-27 10:59:00	eb2136c6cce142ba9da88b54419fcb26	Mortgage		2021 payments				n	547034/100	547034/100	1970-01-01 00:00:00
C	fd9c11213bb540d5a3a246d305227cc1	46185d1d0ffc444ea04a014d1f8e7fbe	2022-12-27 18:44:00	2022-12-27 18:41:37	2021-12-27 10:59:00	243c8705f9004b1e88a938de959452d0	Adjustment		2021 payments				n	-547034/100	-547034/100	1970-01-01 00:00:00
===== END
