mod	trans_guid	split_guid	time_now	date_entered	date_posted	acc_guid	acc_name	num	description	notes	memo	action	reconciled	amount	value	date_reconciled
-----------------
===== START
D	18e1aed097cc4bc9ae7e6f1fb4176aa2	8140b4b7622a43ceb7f4b1c2066ad9bf	2023-01-21 19:08:58	2023-01-21 19:08:58	2023-01-20 10:59:00								n	0/1	0/100	1970-01-01 00:00:00
===== END
===== START
===== END
===== START
C	dca242eaddcb4a148a19702533c5efd0	4c4675c7fa6249f7843bc54f48fb06d8	2023-01-21 19:09:23	2023-01-21 19:09:23	2023-01-13 10:59:00	560057875f6b438ab58ef1c725c9f6fd	BECU - Cole - 0765		Interest				n	289/100	289/100	1970-01-01 00:00:00
C	dca242eaddcb4a148a19702533c5efd0	62a21c22c70044938f378c08874d8ae4	2023-01-21 19:09:23	2023-01-21 19:09:23	2023-01-13 10:59:00	04584277cae14872b6403674e3d84e74	Interest Income		Interest				n	-289/100	-289/100	1970-01-01 00:00:00
===== END
===== START
===== END
===== START
D	5b3d06de5ddd4b5992452f3864b1ad0b	3737bca8eb4b41cb8e2584df7f7418ca	2023-01-21 19:09:44	2023-01-21 19:09:44	2023-01-13 10:59:00								n	0/1	0/100	1970-01-01 00:00:00
===== END
===== START
===== END
===== START
C	f84c8351da3c4241824ea634d1cbcad4	b67658c145024b9b8353603bc02142b7	2023-01-21 19:10:03	2023-01-21 19:10:03	2023-01-13 10:59:00	7dc30e3587a2449abad98c67883fbf7d	BECU - Dylan - 1028		Interest				n	284/100	284/100	1970-01-01 00:00:00
C	f84c8351da3c4241824ea634d1cbcad4	3164aa0dfd754a62a30180647b8d0444	2023-01-21 19:10:03	2023-01-21 19:10:03	2023-01-13 10:59:00	04584277cae14872b6403674e3d84e74	Interest Income		Interest				n	-284/100	-284/100	1970-01-01 00:00:00
===== END
===== START
===== END
===== START
D	ecd5a2c02ffc49f8b87cf2b8e1c0854f	77b886cfaee64c08ab0b105c979eb9dc	2023-01-21 19:10:48	2023-01-21 19:10:48	2023-01-13 10:59:00								n	0/1	0/100	1970-01-01 00:00:00
===== END
===== START
===== END
===== START
C	74009c26c1994f0b81bca34347cd1612	01df79dace454ce38fe4d1bc148b1020	2023-01-21 19:12:27	2023-01-21 19:12:27	2023-01-18 10:59:00	d33cba82414c4b95a50dbcbf0f6fdd02	BECU - Emergency - 4242		Chase Account				n	-200000/100	-200000/100	1970-01-01 00:00:00
C	74009c26c1994f0b81bca34347cd1612	9f2583d1a83f42e1b015c510cb75ad87	2023-01-21 19:12:27	2023-01-21 19:12:27	2023-01-18 10:59:00	f03576cee1a5423098bdab9c50f9281b	Chase Checking		Chase Account				n	200000/100	200000/100	1970-01-01 00:00:00
===== END
===== START
===== END
===== START
C	f15f0fbee9fa4bbabc4056c26c11b5df	b1d5a79c1772498596072e97e413dece	2023-01-21 19:12:37	2023-01-21 19:12:37	2023-01-18 10:59:00	d33cba82414c4b95a50dbcbf0f6fdd02	BECU - Emergency - 4242		chase savings				n	-1500001/100	-1500001/100	1970-01-01 00:00:00
C	f15f0fbee9fa4bbabc4056c26c11b5df	43e5b1f938854f5b89e82c9bf2e188ff	2023-01-21 19:12:37	2023-01-21 19:12:37	2023-01-18 10:59:00	80493eca59684db0906d1007132766f6	Chase Savings		chase savings				n	1500001/100	1500001/100	1970-01-01 00:00:00
===== END
===== START
===== END
===== START
B	f15f0fbee9fa4bbabc4056c26c11b5df	43e5b1f938854f5b89e82c9bf2e188ff	2023-01-21 19:12:43	2023-01-21 19:12:37	2023-01-18 10:59:00	80493eca59684db0906d1007132766f6	Chase Savings		chase savings				n	1500001/100	1500001/100	1970-01-01 00:00:00
B	f15f0fbee9fa4bbabc4056c26c11b5df	b1d5a79c1772498596072e97e413dece	2023-01-21 19:12:43	2023-01-21 19:12:37	2023-01-18 10:59:00	d33cba82414c4b95a50dbcbf0f6fdd02	BECU - Emergency - 4242		chase savings				n	-1500001/100	-1500001/100	1970-01-01 00:00:00
===== END
===== START
C	f15f0fbee9fa4bbabc4056c26c11b5df	43e5b1f938854f5b89e82c9bf2e188ff	2023-01-21 19:12:43	2023-01-21 19:12:37	2023-01-18 10:59:00	80493eca59684db0906d1007132766f6	Chase Savings		chase savings				n	1500100/100	1500100/100	1970-01-01 00:00:00
C	f15f0fbee9fa4bbabc4056c26c11b5df	b1d5a79c1772498596072e97e413dece	2023-01-21 19:12:43	2023-01-21 19:12:37	2023-01-18 10:59:00	d33cba82414c4b95a50dbcbf0f6fdd02	BECU - Emergency - 4242		chase savings				n	-1500100/100	-1500100/100	1970-01-01 00:00:00
===== END
===== START
C	0c4cf0d394d54af6b4e997bd9de84ac0	e29b56b4fd93430f9dc677b95ea60b35	2023-01-21 19:12:59	2023-01-21 19:12:59	2023-01-20 10:59:00	d33cba82414c4b95a50dbcbf0f6fdd02	BECU - Emergency - 4242		interest				n	1363/100	1363/100	1970-01-01 00:00:00
C	0c4cf0d394d54af6b4e997bd9de84ac0	9ebecf93bfb742ea9f3e639bbc7ec0c2	2023-01-21 19:12:59	2023-01-21 19:12:59	2023-01-20 10:59:00	04584277cae14872b6403674e3d84e74	Interest Income		interest				n	-1363/100	-1363/100	1970-01-01 00:00:00
===== END
===== START
===== END
