mod	trans_guid	split_guid	time_now	date_entered	date_posted	acc_guid	acc_name	num	description	notes	memo	action	reconciled	amount	value	date_reconciled
-----------------
===== START
D	72a7f843ac714170a16839cfe3adc136	49ac16d8b4444261bcc0de873b938b5f	2022-12-27 18:15:59	2022-12-27 18:15:59	2022-12-23 10:59:00								n	0/1	0/100	1970-01-01 00:00:00
===== END
===== START
===== END
===== START
C	330d0092143847ac9f5465c8ea78afb0	3191512445364ffab1b51091e0b3ed37	2022-12-27 18:16:41	2022-12-27 18:16:41	2022-12-17 10:59:00	c4cddaa6e00340908fd5d69e3757b24f	BECU - Savings Short - 0486		Initial Balance				n	991230/100	991230/100	1970-01-01 00:00:00
C	330d0092143847ac9f5465c8ea78afb0	9d1741348b9d4780b2adbff1bb574a73	2022-12-27 18:16:41	2022-12-27 18:16:41	2022-12-17 10:59:00	376c7deebed942dcb52efec4cf17a663	Other Income		Initial Balance				n	-991230/100	-991230/100	1970-01-01 00:00:00
===== END
===== START
===== END
===== START
C	48039bedf28f480e8126e0bb390acdf6	5ea5c1f81a654f1ba512375512f36407	2022-12-27 18:17:30	2022-12-27 18:17:30	2022-12-26 10:59:00	c4cddaa6e00340908fd5d69e3757b24f	BECU - Savings Short - 0486		Christmas Deposite				n	10000/100	10000/100	1970-01-01 00:00:00
C	48039bedf28f480e8126e0bb390acdf6	16751bec2f8c46428aa9c74fb8341412	2022-12-27 18:17:30	2022-12-27 18:17:30	2022-12-26 10:59:00	376c7deebed942dcb52efec4cf17a663	Other Income		Christmas Deposite				n	-10000/100	-10000/100	1970-01-01 00:00:00
===== END
===== START
===== END
===== START
C	f036579acbe8449c8c5fc597395201bc	d6492e45c779494397eb60406b4d5177	2022-12-27 18:17:44	2022-12-27 18:17:44	2022-12-26 10:59:00	c4cddaa6e00340908fd5d69e3757b24f	BECU - Savings Short - 0486		Christmas Deposit				n	18000/100	18000/100	1970-01-01 00:00:00
C	f036579acbe8449c8c5fc597395201bc	fae61ecea13d4cb092742e2a7ea21deb	2022-12-27 18:17:44	2022-12-27 18:17:44	2022-12-26 10:59:00	376c7deebed942dcb52efec4cf17a663	Other Income		Christmas Deposit				n	-18000/100	-18000/100	1970-01-01 00:00:00
===== END
===== START
===== END
===== START
D	98091b6652ce4c2c9d19c9e1f10dd27d	af733f7dbebe4c42b363c273807e9cd9	2022-12-27 18:18:04	2022-12-27 18:18:04	2022-12-26 10:59:00								n	0/1	0/100	1970-01-01 00:00:00
===== END
