mod	trans_guid	split_guid	time_now	date_entered	date_posted	acc_guid	acc_name	num	description	notes	memo	action	reconciled	amount	value	date_reconciled
-----------------
===== START
B	e0c641d98a604db5866cf0546de5cf56	efa779b45f1741fea26d81110ac15305	2022-12-27 18:05:52	2022-12-23 16:54:13	2022-12-23 10:59:00	30b1db52875e46c88f389dccbb4e213d	BECU - Savings_Long Term - 5549		Transfer for Anniversary Vacation - Oct 2023				n	300000/100	300000/100	1970-01-01 00:00:00
B	e0c641d98a604db5866cf0546de5cf56	712da10564a24f37a3bcc68ab9158053	2022-12-27 18:05:52	2022-12-23 16:54:13	2022-12-23 10:59:00	4a13a92aeb7e467c9680564c6e0b936d	BECU - Checking Account - 0494		Transfer for Anniversary Vacation - Oct 2023				n	-300000/100	-300000/100	1970-01-01 00:00:00
===== END
===== START
D	e0c641d98a604db5866cf0546de5cf56	efa779b45f1741fea26d81110ac15305	2022-12-27 18:05:52	2022-12-23 16:54:13	2022-12-23 10:59:00	30b1db52875e46c88f389dccbb4e213d	BECU - Savings_Long Term - 5549		Transfer for Anniversary Vacation - Oct 2023				n	300000/100	300000/100	1970-01-01 00:00:00
D	e0c641d98a604db5866cf0546de5cf56	712da10564a24f37a3bcc68ab9158053	2022-12-27 18:05:52	2022-12-23 16:54:13	2022-12-23 10:59:00	4a13a92aeb7e467c9680564c6e0b936d	BECU - Checking Account - 0494		Transfer for Anniversary Vacation - Oct 2023				n	-300000/100	-300000/100	1970-01-01 00:00:00
===== END
===== START
C	5dfe689aa2c74f7291ee756ae5177624	5331a3db0333439daaf881af5783a6ad	2022-12-27 18:06:07	2022-12-27 18:06:07	2022-12-23 10:59:00	4a13a92aeb7e467c9680564c6e0b936d	BECU - Checking Account - 0494		Hagens				n	-11017/100	-11017/100	1970-01-01 00:00:00
C	5dfe689aa2c74f7291ee756ae5177624	425b0abd86c94deaa7cdffeaca4459a3	2022-12-27 18:06:07	2022-12-27 18:06:07	2022-12-23 10:59:00	f93a05282e674563a3f6a5a8fcad4df5	Groceries		Hagens				n	11017/100	11017/100	1970-01-01 00:00:00
===== END
===== START
===== END
===== START
C	aadad42be3c045729411c3168bf60912	b7d2b3ba2d2440afaccc7804c589db10	2022-12-27 18:06:22	2022-12-27 18:06:22	2022-12-23 10:59:00	4a13a92aeb7e467c9680564c6e0b936d	BECU - Checking Account - 0494		Transfer				n	-2000/100	-2000/100	1970-01-01 00:00:00
C	aadad42be3c045729411c3168bf60912	c781dc2e069f4b57ad1cd9b7a12f4c26	2022-12-27 18:06:22	2022-12-27 18:06:22	2022-12-23 10:59:00	560057875f6b438ab58ef1c725c9f6fd	BECU - Cole - 0765		Transfer				n	2000/100	2000/100	1970-01-01 00:00:00
===== END
===== START
===== END
===== START
C	1972acdb36934a39913d34f53670a420	3a84e7c577e94dab9dd4152185fb8723	2022-12-27 18:06:38	2022-12-27 18:06:38	2022-12-23 10:59:00	7dc30e3587a2449abad98c67883fbf7d	BECU - Dylan - 1028		Transfer				n	2000/100	2000/100	1970-01-01 00:00:00
C	1972acdb36934a39913d34f53670a420	bc182fab55b94c3da0ea5464d9fad25d	2022-12-27 18:06:38	2022-12-27 18:06:38	2022-12-23 10:59:00	4a13a92aeb7e467c9680564c6e0b936d	BECU - Checking Account - 0494		Transfer				n	-2000/100	-2000/100	1970-01-01 00:00:00
===== END
===== START
===== END
===== START
B	aadad42be3c045729411c3168bf60912	c781dc2e069f4b57ad1cd9b7a12f4c26	2022-12-27 18:06:39	2022-12-27 18:06:22	2022-12-23 10:59:00	560057875f6b438ab58ef1c725c9f6fd	BECU - Cole - 0765		Transfer				n	2000/100	2000/100	1970-01-01 00:00:00
B	aadad42be3c045729411c3168bf60912	b7d2b3ba2d2440afaccc7804c589db10	2022-12-27 18:06:39	2022-12-27 18:06:22	2022-12-23 10:59:00	4a13a92aeb7e467c9680564c6e0b936d	BECU - Checking Account - 0494		Transfer				n	-2000/100	-2000/100	1970-01-01 00:00:00
===== END
===== START
C	aadad42be3c045729411c3168bf60912	c781dc2e069f4b57ad1cd9b7a12f4c26	2022-12-27 18:06:39	2022-12-27 18:06:22	2022-12-23 10:59:00	560057875f6b438ab58ef1c725c9f6fd	BECU - Cole - 0765		Transfer for Anniversary Vacation - Oct 2023				n	2000/100	2000/100	1970-01-01 00:00:00
C	aadad42be3c045729411c3168bf60912	b7d2b3ba2d2440afaccc7804c589db10	2022-12-27 18:06:39	2022-12-27 18:06:22	2022-12-23 10:59:00	4a13a92aeb7e467c9680564c6e0b936d	BECU - Checking Account - 0494		Transfer for Anniversary Vacation - Oct 2023				n	-2000/100	-2000/100	1970-01-01 00:00:00
===== END
===== START
B	aadad42be3c045729411c3168bf60912	c781dc2e069f4b57ad1cd9b7a12f4c26	2022-12-27 18:06:50	2022-12-27 18:06:22	2022-12-23 10:59:00	560057875f6b438ab58ef1c725c9f6fd	BECU - Cole - 0765		Transfer for Anniversary Vacation - Oct 2023				n	2000/100	2000/100	1970-01-01 00:00:00
B	aadad42be3c045729411c3168bf60912	b7d2b3ba2d2440afaccc7804c589db10	2022-12-27 18:06:50	2022-12-27 18:06:22	2022-12-23 10:59:00	4a13a92aeb7e467c9680564c6e0b936d	BECU - Checking Account - 0494		Transfer for Anniversary Vacation - Oct 2023				n	-2000/100	-2000/100	1970-01-01 00:00:00
===== END
===== START
C	aadad42be3c045729411c3168bf60912	c781dc2e069f4b57ad1cd9b7a12f4c26	2022-12-27 18:06:50	2022-12-27 18:06:22	2022-12-23 10:59:00	560057875f6b438ab58ef1c725c9f6fd	BECU - Cole - 0765		Transfer - Cole's christmas money				n	2000/100	2000/100	1970-01-01 00:00:00
C	aadad42be3c045729411c3168bf60912	b7d2b3ba2d2440afaccc7804c589db10	2022-12-27 18:06:50	2022-12-27 18:06:22	2022-12-23 10:59:00	4a13a92aeb7e467c9680564c6e0b936d	BECU - Checking Account - 0494		Transfer - Cole's christmas money				n	-2000/100	-2000/100	1970-01-01 00:00:00
===== END
===== START
B	1972acdb36934a39913d34f53670a420	3a84e7c577e94dab9dd4152185fb8723	2022-12-27 18:06:55	2022-12-27 18:06:38	2022-12-23 10:59:00	7dc30e3587a2449abad98c67883fbf7d	BECU - Dylan - 1028		Transfer				n	2000/100	2000/100	1970-01-01 00:00:00
B	1972acdb36934a39913d34f53670a420	bc182fab55b94c3da0ea5464d9fad25d	2022-12-27 18:06:55	2022-12-27 18:06:38	2022-12-23 10:59:00	4a13a92aeb7e467c9680564c6e0b936d	BECU - Checking Account - 0494		Transfer				n	-2000/100	-2000/100	1970-01-01 00:00:00
===== END
===== START
C	1972acdb36934a39913d34f53670a420	3a84e7c577e94dab9dd4152185fb8723	2022-12-27 18:06:55	2022-12-27 18:06:38	2022-12-23 10:59:00	7dc30e3587a2449abad98c67883fbf7d	BECU - Dylan - 1028		Transfer - Dylan's christmas money				n	2000/100	2000/100	1970-01-01 00:00:00
C	1972acdb36934a39913d34f53670a420	bc182fab55b94c3da0ea5464d9fad25d	2022-12-27 18:06:55	2022-12-27 18:06:38	2022-12-23 10:59:00	4a13a92aeb7e467c9680564c6e0b936d	BECU - Checking Account - 0494		Transfer - Dylan's christmas money				n	-2000/100	-2000/100	1970-01-01 00:00:00
===== END
===== START
C	cf8de18bda464cf0ae7fedea897b5c3a	15972cefe5d94d9098e98a13145aa8e8	2022-12-27 18:07:09	2022-12-27 18:07:09	2022-12-23 10:59:00	4a13a92aeb7e467c9680564c6e0b936d	BECU - Checking Account - 0494		Paypal				n	0/100	0/100	1970-01-01 00:00:00
===== END
===== START
===== END
===== START
B	5dfe689aa2c74f7291ee756ae5177624	425b0abd86c94deaa7cdffeaca4459a3	2022-12-27 18:07:12	2022-12-27 18:06:07	2022-12-23 10:59:00	f93a05282e674563a3f6a5a8fcad4df5	Groceries		Hagens				n	11017/100	11017/100	1970-01-01 00:00:00
B	5dfe689aa2c74f7291ee756ae5177624	5331a3db0333439daaf881af5783a6ad	2022-12-27 18:07:12	2022-12-27 18:06:07	2022-12-23 10:59:00	4a13a92aeb7e467c9680564c6e0b936d	BECU - Checking Account - 0494		Hagens				n	-11017/100	-11017/100	1970-01-01 00:00:00
===== END
===== START
C	5dfe689aa2c74f7291ee756ae5177624	425b0abd86c94deaa7cdffeaca4459a3	2022-12-27 18:07:12	2022-12-27 18:06:07	2022-12-24 10:59:00	f93a05282e674563a3f6a5a8fcad4df5	Groceries		Hagens				n	11017/100	11017/100	1970-01-01 00:00:00
C	5dfe689aa2c74f7291ee756ae5177624	5331a3db0333439daaf881af5783a6ad	2022-12-27 18:07:12	2022-12-27 18:06:07	2022-12-24 10:59:00	4a13a92aeb7e467c9680564c6e0b936d	BECU - Checking Account - 0494		Hagens				n	-11017/100	-11017/100	1970-01-01 00:00:00
===== END
===== START
B	aadad42be3c045729411c3168bf60912	c781dc2e069f4b57ad1cd9b7a12f4c26	2022-12-27 18:07:16	2022-12-27 18:06:22	2022-12-23 10:59:00	560057875f6b438ab58ef1c725c9f6fd	BECU - Cole - 0765		Transfer - Cole's christmas money				n	2000/100	2000/100	1970-01-01 00:00:00
B	aadad42be3c045729411c3168bf60912	b7d2b3ba2d2440afaccc7804c589db10	2022-12-27 18:07:16	2022-12-27 18:06:22	2022-12-23 10:59:00	4a13a92aeb7e467c9680564c6e0b936d	BECU - Checking Account - 0494		Transfer - Cole's christmas money				n	-2000/100	-2000/100	1970-01-01 00:00:00
===== END
===== START
C	aadad42be3c045729411c3168bf60912	c781dc2e069f4b57ad1cd9b7a12f4c26	2022-12-27 18:07:16	2022-12-27 18:06:22	2022-12-26 10:59:00	560057875f6b438ab58ef1c725c9f6fd	BECU - Cole - 0765		Transfer - Cole's christmas money				n	2000/100	2000/100	1970-01-01 00:00:00
C	aadad42be3c045729411c3168bf60912	b7d2b3ba2d2440afaccc7804c589db10	2022-12-27 18:07:16	2022-12-27 18:06:22	2022-12-26 10:59:00	4a13a92aeb7e467c9680564c6e0b936d	BECU - Checking Account - 0494		Transfer - Cole's christmas money				n	-2000/100	-2000/100	1970-01-01 00:00:00
===== END
===== START
B	1972acdb36934a39913d34f53670a420	3a84e7c577e94dab9dd4152185fb8723	2022-12-27 18:07:20	2022-12-27 18:06:38	2022-12-23 10:59:00	7dc30e3587a2449abad98c67883fbf7d	BECU - Dylan - 1028		Transfer - Dylan's christmas money				n	2000/100	2000/100	1970-01-01 00:00:00
B	1972acdb36934a39913d34f53670a420	bc182fab55b94c3da0ea5464d9fad25d	2022-12-27 18:07:20	2022-12-27 18:06:38	2022-12-23 10:59:00	4a13a92aeb7e467c9680564c6e0b936d	BECU - Checking Account - 0494		Transfer - Dylan's christmas money				n	-2000/100	-2000/100	1970-01-01 00:00:00
===== END
===== START
C	1972acdb36934a39913d34f53670a420	3a84e7c577e94dab9dd4152185fb8723	2022-12-27 18:07:20	2022-12-27 18:06:38	2022-12-26 10:59:00	7dc30e3587a2449abad98c67883fbf7d	BECU - Dylan - 1028		Transfer - Dylan's christmas money				n	2000/100	2000/100	1970-01-01 00:00:00
C	1972acdb36934a39913d34f53670a420	bc182fab55b94c3da0ea5464d9fad25d	2022-12-27 18:07:20	2022-12-27 18:06:38	2022-12-26 10:59:00	4a13a92aeb7e467c9680564c6e0b936d	BECU - Checking Account - 0494		Transfer - Dylan's christmas money				n	-2000/100	-2000/100	1970-01-01 00:00:00
===== END
===== START
C	7128a027b6a048e5939f0da118357a79	3fdc2ea2ea054dabb442bc87fd0eabff	2022-12-27 18:07:36	2022-12-27 18:07:36	2022-12-27 10:59:00	4a13a92aeb7e467c9680564c6e0b936d	BECU - Checking Account - 0494		Paypal				n	-386/100	-386/100	1970-01-01 00:00:00
C	7128a027b6a048e5939f0da118357a79	2377e49b50c143c98587bfcd2c04b01f	2022-12-27 18:07:36	2022-12-27 18:07:36	2022-12-27 10:59:00	c5858ef77d29454dad7644482a92c632	Miscellaneous		Paypal				n	386/100	386/100	1970-01-01 00:00:00
===== END
===== START
===== END
===== START
C	cdef9ca535734085b6ab4b545406b97a	ba9b8593b27249458770305bdb9b4a9c	2022-12-27 18:07:50	2022-12-27 18:07:50	2022-12-27 10:59:00	c5858ef77d29454dad7644482a92c632	Miscellaneous		Paypal				n	8181/100	8181/100	1970-01-01 00:00:00
C	cdef9ca535734085b6ab4b545406b97a	60f9a91c886841c4a22c68f15c84bae3	2022-12-27 18:07:50	2022-12-27 18:07:50	2022-12-27 10:59:00	4a13a92aeb7e467c9680564c6e0b936d	BECU - Checking Account - 0494		Paypal				n	-8181/100	-8181/100	1970-01-01 00:00:00
===== END
===== START
===== END
===== START
C	059c8992f784449dbf4263795bf7aa47	ad72d4c921fb42c4a3d8d9f1f1e72ab5	2022-12-27 18:08:11	2022-12-27 18:08:11	2022-12-27 10:59:00	4a13a92aeb7e467c9680564c6e0b936d	BECU - Checking Account - 0494		AMX CC Payment				n	-96846/100	-96846/100	1970-01-01 00:00:00
C	059c8992f784449dbf4263795bf7aa47	dffb37eee7a94542bf5b3d549f6075f5	2022-12-27 18:08:11	2022-12-27 18:08:11	2022-12-27 10:59:00	2019e05a272f45ef8f67d3767678343b	CC - AMX		AMX CC Payment				n	96846/100	96846/100	1970-01-01 00:00:00
===== END
===== START
===== END
===== START
C	2d7e922eb54246b9b3a66e56ecdc00fe	28d297c85f8445f2a6982405db10d8db	2022-12-27 18:08:26	2022-12-27 18:08:26	2022-12-27 10:59:00	4a13a92aeb7e467c9680564c6e0b936d	BECU - Checking Account - 0494		Chase CC Payment				n	-203536/100	-203536/100	1970-01-01 00:00:00
C	2d7e922eb54246b9b3a66e56ecdc00fe	f81565385a834e56b2237cd35778ba57	2022-12-27 18:08:26	2022-12-27 18:08:26	2022-12-27 10:59:00	350346cfa34843529ed60ab5e9549b50	CC - Chase		Chase CC Payment				n	203536/100	203536/100	1970-01-01 00:00:00
===== END
===== START
===== END
===== START
C	5b945013fd454b9190072d20bc364499	a34f6323a9e943fa925d3f1acf065298	2022-12-27 18:09:00	2022-12-27 18:09:00	2022-12-27 10:59:00	4a13a92aeb7e467c9680564c6e0b936d	BECU - Checking Account - 0494						n	0/100	0/100	1970-01-01 00:00:00
===== END
===== START
===== END
===== START
D	b9203d7747fd42dc87998f829af6057d	492bd902b0e84f848e85b6a7bdd1ad65	2022-12-27 18:09:00	2022-12-27 18:09:00	2022-12-27 10:59:00								n	0/1	0/100	1970-01-01 00:00:00
===== END
===== START
D	bc7ca3ca2d174147ade512df9da517f4	19c2c17cb31140b09edff66028c2f249	2022-12-27 18:09:02	2022-12-27 18:09:02	2022-12-27 10:59:00								n	0/1	0/100	1970-01-01 00:00:00
===== END
===== START
===== END
===== START
D	2418aab101f1435ea235b2cab7071f60	5306072013bf4bb494287ee9c48b591c	2022-12-27 18:09:27	2022-12-27 18:09:27	2022-12-27 10:59:00								n	0/1	0/100	1970-01-01 00:00:00
===== END
===== START
===== END
===== START
C	a286956136ed4916a5ac88b24087acf9	6751f5ac2c634ef78106bbd8523071ec	2022-12-27 18:10:07	2022-12-27 18:10:07	2022-12-09 10:59:00	560057875f6b438ab58ef1c725c9f6fd	BECU - Cole - 0765		Initial Balance				n	52708/100	52708/100	1970-01-01 00:00:00
C	a286956136ed4916a5ac88b24087acf9	83d5d2f2f8e1421f81711268d34cd28e	2022-12-27 18:10:07	2022-12-27 18:10:07	2022-12-09 10:59:00	376c7deebed942dcb52efec4cf17a663	Other Income		Initial Balance				n	-52708/100	-52708/100	1970-01-01 00:00:00
===== END
===== START
===== END
===== START
D	3bafdeacf82d4473b66efb45e8a2e473	8279abec99984f4380f24e5ca960308a	2022-12-27 18:10:26	2022-12-27 18:10:26	2022-12-09 10:59:00								n	0/1	0/100	1970-01-01 00:00:00
===== END
===== START
===== END
===== START
C	e5685525858243799891714c7c9a10b9	47e53cac75c8483fb58add084b6e043e	2022-12-27 18:10:43	2022-12-27 18:10:43	2022-12-09 10:59:00	7dc30e3587a2449abad98c67883fbf7d	BECU - Dylan - 1028		Initial Balance				n	48446/100	48446/100	1970-01-01 00:00:00
C	e5685525858243799891714c7c9a10b9	fea13a102a614a91aabad201f303f5ff	2022-12-27 18:10:43	2022-12-27 18:10:43	2022-12-09 10:59:00	376c7deebed942dcb52efec4cf17a663	Other Income		Initial Balance				n	-48446/100	-48446/100	1970-01-01 00:00:00
===== END
===== START
===== END
