mod	trans_guid	split_guid	time_now	date_entered	date_posted	acc_guid	acc_name	num	description	notes	memo	action	reconciled	amount	value	date_reconciled
-----------------
===== START
===== END
===== START
C	fa9b6ad959574324be427efec396da00	d077fb8bb0eb494fbeb1b0ea1935027a	2023-01-15 18:41:10	2023-01-15 18:41:10	2023-01-15 10:59:00	772f34b555c74f338b0aacabc9e1dbae	401k - Fidelity - Motional 		Initial Balance				n	1098997/100	1098997/100	1970-01-01 00:00:00
C	fa9b6ad959574324be427efec396da00	531f2cd4b3be415eb7cccf6859433e77	2023-01-15 18:41:10	2023-01-15 18:41:10	2023-01-15 10:59:00	6403838247ae435381da931088a18454	Other		Initial Balance				n	-1098997/100	-1098997/100	1970-01-01 00:00:00
===== END
===== START
===== END
===== START
D	69237f7289df4d18854d9cda2c67bf27	50458ea139be41b9898902e012a7dee3	2023-01-15 18:41:14	2023-01-15 18:41:14	2023-01-15 10:59:00								n	0/1	0/100	1970-01-01 00:00:00
===== END
===== START
===== END
===== START
C	df175e6544424d87ad394c2f09c3a8b9	0a562b9c7fc34138acd134c318bc301e	2023-01-15 18:41:35	2023-01-15 18:41:35	2023-01-15 10:59:00	d2bc273e55194cca875c772e2d452694	401k - Fidelity - Boeing		Initial Balance				n	15116084/100	15116084/100	1970-01-01 00:00:00
C	df175e6544424d87ad394c2f09c3a8b9	79c23b39e7214a45b369e42a92ae0986	2023-01-15 18:41:35	2023-01-15 18:41:35	2023-01-15 10:59:00	6403838247ae435381da931088a18454	Other		Initial Balance				n	-15116084/100	-15116084/100	1970-01-01 00:00:00
===== END
===== START
===== END
===== START
D	cf8581f1aa5042d39e4ce048ba4251b3	9b2a8c86354548d595bd659025d4a27e	2023-01-15 18:41:37	2023-01-15 18:41:37	2023-01-15 10:59:00								n	0/1	0/100	1970-01-01 00:00:00
===== END
