mod	trans_guid	split_guid	time_now	date_entered	date_posted	acc_guid	acc_name	num	description	notes	memo	action	reconciled	amount	value	date_reconciled
-----------------
===== START
===== END
===== START
B	2d7e922eb54246b9b3a66e56ecdc00fe	f81565385a834e56b2237cd35778ba57	2022-12-27 18:25:55	2022-12-27 18:08:26	2022-12-27 10:59:00	350346cfa34843529ed60ab5e9549b50	CC - Chase		Chase CC Payment				n	203536/100	203536/100	1970-01-01 00:00:00
B	2d7e922eb54246b9b3a66e56ecdc00fe	28d297c85f8445f2a6982405db10d8db	2022-12-27 18:25:55	2022-12-27 18:08:26	2022-12-27 10:59:00	4a13a92aeb7e467c9680564c6e0b936d	BECU - Checking Account - 0494		Chase CC Payment				n	-203536/100	-203536/100	1970-01-01 00:00:00
===== END
===== START
C	2d7e922eb54246b9b3a66e56ecdc00fe	f81565385a834e56b2237cd35778ba57	2022-12-27 18:25:55	2022-12-27 18:08:26	2022-12-27 10:59:00	350346cfa34843529ed60ab5e9549b50	CC - Chase		Chase CC Payment (taken out of chase on 12/23/2022)				n	203536/100	203536/100	1970-01-01 00:00:00
C	2d7e922eb54246b9b3a66e56ecdc00fe	28d297c85f8445f2a6982405db10d8db	2022-12-27 18:25:55	2022-12-27 18:08:26	2022-12-27 10:59:00	4a13a92aeb7e467c9680564c6e0b936d	BECU - Checking Account - 0494		Chase CC Payment (taken out of chase on 12/23/2022)				n	-203536/100	-203536/100	1970-01-01 00:00:00
===== END
===== START
C	9fa2e615a7ac4b109526e7d9a798ac57	f451fedf0b97485282652796b1f6c71f	2022-12-27 18:26:42	2022-12-27 18:26:42	2022-12-27 10:59:00	350346cfa34843529ed60ab5e9549b50	CC - Chase		Current Balance - starting the tracking here				n	-38365/100	-38365/100	1970-01-01 00:00:00
C	9fa2e615a7ac4b109526e7d9a798ac57	2b525fd85fc24f28977c4c2d7b82d37f	2022-12-27 18:26:42	2022-12-27 18:26:42	2022-12-27 10:59:00	c5858ef77d29454dad7644482a92c632	Miscellaneous		Current Balance - starting the tracking here				n	38365/100	38365/100	1970-01-01 00:00:00
===== END
===== START
===== END
===== START
C	c454de0b35f0448ab43c596553f58c22	88ef483873a349bf88f11a9287ec0ad0	2022-12-27 18:27:10	2022-12-27 18:27:10	2022-12-26 10:59:00	350346cfa34843529ed60ab5e9549b50	CC - Chase		cancel out payment				n	-203536/100	-203536/100	1970-01-01 00:00:00
C	c454de0b35f0448ab43c596553f58c22	6a5f440b05204a0b8c1d3d7b4618461d	2022-12-27 18:27:10	2022-12-27 18:27:10	2022-12-26 10:59:00	c5858ef77d29454dad7644482a92c632	Miscellaneous		cancel out payment				n	203536/100	203536/100	1970-01-01 00:00:00
===== END
===== START
===== END
===== START
D	b075346f74b64a1db562a9494307d808	d08a7bb2746f4b7d904e9fd0931c2a98	2022-12-27 18:27:14	2022-12-27 18:27:14	2022-12-26 10:59:00								n	0/1	0/100	1970-01-01 00:00:00
===== END
===== START
===== END
===== START
D	079c7804247440ccaa6831c808755d4f	86e31faa5d194d47b86b60a7c494e023	2022-12-27 18:27:30	2022-12-27 18:27:30	2022-12-27 10:59:00								n	0/1	0/100	1970-01-01 00:00:00
===== END
===== START
===== END
===== START
===== END
===== START
C	2ecb16d8d03b4bd5a6a2cee6405baf29	bc74991fade34289ae7515655ba553b7	2022-12-27 18:28:18	2022-12-27 18:28:18	2022-12-23 10:59:00	350346cfa34843529ed60ab5e9549b50	CC - Chase		Amazon - Kindle				n	-247/100	-247/100	1970-01-01 00:00:00
C	2ecb16d8d03b4bd5a6a2cee6405baf29	b681c27b2f224194816e7aa7f1aefc75	2022-12-27 18:28:18	2022-12-27 18:28:18	2022-12-23 10:59:00	f6a02742ff8b4b7582953b005314ab2e	Books		Amazon - Kindle				n	247/100	247/100	1970-01-01 00:00:00
===== END
===== START
===== END
===== START
C	1d1614e092204983a2be5e57c791b4ad	a0d4da8afc2947fe90ec8b06fbffac15	2022-12-27 18:28:34	2022-12-27 18:28:34	2022-12-23 10:59:00	350346cfa34843529ed60ab5e9549b50	CC - Chase		Amazon				n	-2373/100	-2373/100	1970-01-01 00:00:00
C	1d1614e092204983a2be5e57c791b4ad	2137e86be8c6439b836cfc57fbf70771	2022-12-27 18:28:34	2022-12-27 18:28:34	2022-12-23 10:59:00	c5858ef77d29454dad7644482a92c632	Miscellaneous		Amazon				n	2373/100	2373/100	1970-01-01 00:00:00
===== END
===== START
===== END
===== START
B	9fa2e615a7ac4b109526e7d9a798ac57	2b525fd85fc24f28977c4c2d7b82d37f	2022-12-27 18:29:12	2022-12-27 18:26:42	2022-12-27 10:59:00	c5858ef77d29454dad7644482a92c632	Miscellaneous		Current Balance - starting the tracking here				n	38365/100	38365/100	1970-01-01 00:00:00
B	9fa2e615a7ac4b109526e7d9a798ac57	f451fedf0b97485282652796b1f6c71f	2022-12-27 18:29:12	2022-12-27 18:26:42	2022-12-27 10:59:00	350346cfa34843529ed60ab5e9549b50	CC - Chase		Current Balance - starting the tracking here				n	-38365/100	-38365/100	1970-01-01 00:00:00
===== END
===== START
C	9fa2e615a7ac4b109526e7d9a798ac57	2b525fd85fc24f28977c4c2d7b82d37f	2022-12-27 18:29:12	2022-12-27 18:26:42	2022-12-27 10:59:00	c5858ef77d29454dad7644482a92c632	Miscellaneous		Current Balance - starting the tracking here				n	35745/100	35745/100	1970-01-01 00:00:00
C	9fa2e615a7ac4b109526e7d9a798ac57	f451fedf0b97485282652796b1f6c71f	2022-12-27 18:29:12	2022-12-27 18:26:42	2022-12-27 10:59:00	350346cfa34843529ed60ab5e9549b50	CC - Chase		Current Balance - starting the tracking here				n	-35745/100	-35745/100	1970-01-01 00:00:00
===== END
===== START
B	9fa2e615a7ac4b109526e7d9a798ac57	2b525fd85fc24f28977c4c2d7b82d37f	2022-12-27 18:30:24	2022-12-27 18:26:42	2022-12-27 10:59:00	c5858ef77d29454dad7644482a92c632	Miscellaneous		Current Balance - starting the tracking here				n	35745/100	35745/100	1970-01-01 00:00:00
B	9fa2e615a7ac4b109526e7d9a798ac57	f451fedf0b97485282652796b1f6c71f	2022-12-27 18:30:24	2022-12-27 18:26:42	2022-12-27 10:59:00	350346cfa34843529ed60ab5e9549b50	CC - Chase		Current Balance - starting the tracking here				n	-35745/100	-35745/100	1970-01-01 00:00:00
===== END
===== START
C	9fa2e615a7ac4b109526e7d9a798ac57	2b525fd85fc24f28977c4c2d7b82d37f	2022-12-27 18:30:24	2022-12-27 18:26:42	2022-12-27 10:59:00	c5858ef77d29454dad7644482a92c632	Miscellaneous		Current Balance - starting the tracking here. 				n	35745/100	35745/100	1970-01-01 00:00:00
C	9fa2e615a7ac4b109526e7d9a798ac57	f451fedf0b97485282652796b1f6c71f	2022-12-27 18:30:24	2022-12-27 18:26:42	2022-12-27 10:59:00	350346cfa34843529ed60ab5e9549b50	CC - Chase		Current Balance - starting the tracking here. 				n	-35745/100	-35745/100	1970-01-01 00:00:00
===== END
===== START
D	bd7349996f7442588900158461c8c4ac	0e7f80f683b0453196f83db9adc77263	2022-12-27 18:30:24	2022-12-27 18:30:24	2022-12-23 10:59:00								n	0/1	0/100	1970-01-01 00:00:00
===== END
