mod	trans_guid	split_guid	time_now	date_entered	date_posted	acc_guid	acc_name	num	description	notes	memo	action	reconciled	amount	value	date_reconciled
-----------------
===== START
D	bf24de831be24ece8cd8766932c79668	5007cfc8f2fe48d38ba22119ae9e0596	2023-01-21 19:15:42	2023-01-21 19:15:42	2023-01-20 10:59:00								n	0/1	0/100	1970-01-01 00:00:00
===== END
===== START
D	cf4661984a434d7ca5dd48adf1eb4b3f	e03fff20a5cb4940943d1d9bd9f496ab	2023-01-21 19:15:43	2023-01-21 19:15:43	2023-01-20 10:59:00								n	0/1	0/100	1970-01-01 00:00:00
===== END
===== START
===== END
===== START
C	d4a606ea454d4493b5aad9c094a8bd74	0169a4b6873d46bf869625c447846d70	2023-01-21 19:17:12	2023-01-21 19:17:12	2023-01-21 10:59:00	350346cfa34843529ed60ab5e9549b50	CC - Chase		Chase CC Payment				n	108940/100	108940/100	1970-01-01 00:00:00
C	d4a606ea454d4493b5aad9c094a8bd74	9f51a97c68b740f2a4b682bc4174921f	2023-01-21 19:17:12	2023-01-21 19:17:12	2023-01-21 10:59:00	4a13a92aeb7e467c9680564c6e0b936d	BECU - Checking Account - 0494		Chase CC Payment				n	-108940/100	-108940/100	1970-01-01 00:00:00
===== END
===== START
===== END
===== START
D	d1122e8349f44fb8a878a92dc53cc80a	e59aae15ac9344d092b9e52ca2fbff36	2023-01-21 19:18:34	2023-01-21 19:18:34	2023-01-21 10:59:00								n	0/1	0/100	1970-01-01 00:00:00
===== END
===== START
===== END
===== START
C	1a26666cc9a74c7780ddd172ab219045	cb8609b20fc04ba2b8c8dab87016cc0d	2023-01-21 19:18:51	2023-01-21 19:18:51	2023-01-21 10:59:00	2019e05a272f45ef8f67d3767678343b	CC - AMX		AMX CC Payment				n	150899/100	150899/100	1970-01-01 00:00:00
C	1a26666cc9a74c7780ddd172ab219045	e1c700c4468144f9923128e7fc8e16e1	2023-01-21 19:18:51	2023-01-21 19:18:51	2023-01-21 10:59:00	4a13a92aeb7e467c9680564c6e0b936d	BECU - Checking Account - 0494		AMX CC Payment				n	-150899/100	-150899/100	1970-01-01 00:00:00
===== END
===== START
===== END
===== START
C	a974dc68df3c489e946254dfa026d1ee	24166c5b5655439d8dce0b50ab677b2c	2023-01-21 19:19:49	2023-01-21 19:19:49	2023-01-21 10:59:00	4a13a92aeb7e467c9680564c6e0b936d	BECU - Checking Account - 0494		Transfer from Savings to pay credit cards				n	100000/100	100000/100	1970-01-01 00:00:00
C	a974dc68df3c489e946254dfa026d1ee	74d811a16fcb4a0f890735674594832e	2023-01-21 19:19:49	2023-01-21 19:19:49	2023-01-21 10:59:00	c4cddaa6e00340908fd5d69e3757b24f	BECU - Savings Short - 0486		Transfer from Savings to pay credit cards				n	-100000/100	-100000/100	1970-01-01 00:00:00
===== END
===== START
===== END
