mod	trans_guid	split_guid	time_now	date_entered	date_posted	acc_guid	acc_name	num	description	notes	memo	action	reconciled	amount	value	date_reconciled
-----------------
===== START
C	2b6b1db73a1a471bb226c6e15faa405c	3c76c31824414bab80e3454909ece8ad	2022-12-27 18:32:43	2022-12-27 18:32:43	2022-12-23 10:59:00	2019e05a272f45ef8f67d3767678343b	CC - AMX		RWORAL WELLNESS SYSTCOPLEY OH				n	-19997/100	-19997/100	1970-01-01 00:00:00
C	2b6b1db73a1a471bb226c6e15faa405c	cd4ff7d90a53496684cf2acfbdbdcd98	2022-12-27 18:32:43	2022-12-27 18:32:43	2022-12-23 10:59:00	c5858ef77d29454dad7644482a92c632	Miscellaneous		RWORAL WELLNESS SYSTCOPLEY OH				n	19997/100	19997/100	1970-01-01 00:00:00
===== END
===== START
===== END
===== START
C	725f1d10a5504d1e97e68e2f30f0a9b6	a08fdbe3a1d64ac0bf8cf7f6f3e13e96	2022-12-27 18:33:09	2022-12-27 18:33:09	2022-12-23 10:59:00	2019e05a272f45ef8f67d3767678343b	CC - AMX		Vacation - Post Hotel Deposit				n	-73033/100	-73033/100	1970-01-01 00:00:00
C	725f1d10a5504d1e97e68e2f30f0a9b6	08742943d0fd4413b730162c7f306a5e	2022-12-27 18:33:09	2022-12-27 18:33:09	2022-12-23 10:59:00	5cd9225c4d2449d08541f3febae9bf48	Travel		Vacation - Post Hotel Deposit				n	73033/100	73033/100	1970-01-01 00:00:00
===== END
===== START
===== END
===== START
B	059c8992f784449dbf4263795bf7aa47	dffb37eee7a94542bf5b3d549f6075f5	2022-12-27 18:33:29	2022-12-27 18:08:11	2022-12-27 10:59:00	2019e05a272f45ef8f67d3767678343b	CC - AMX		AMX CC Payment				n	96846/100	96846/100	1970-01-01 00:00:00
B	059c8992f784449dbf4263795bf7aa47	ad72d4c921fb42c4a3d8d9f1f1e72ab5	2022-12-27 18:33:29	2022-12-27 18:08:11	2022-12-27 10:59:00	4a13a92aeb7e467c9680564c6e0b936d	BECU - Checking Account - 0494		AMX CC Payment				n	-96846/100	-96846/100	1970-01-01 00:00:00
===== END
===== START
C	059c8992f784449dbf4263795bf7aa47	dffb37eee7a94542bf5b3d549f6075f5	2022-12-27 18:33:29	2022-12-27 18:08:11	2022-12-27 10:59:00	2019e05a272f45ef8f67d3767678343b	CC - AMX		AMX CC Payment (paid in AMX account on 12/23)				n	96846/100	96846/100	1970-01-01 00:00:00
C	059c8992f784449dbf4263795bf7aa47	ad72d4c921fb42c4a3d8d9f1f1e72ab5	2022-12-27 18:33:29	2022-12-27 18:08:11	2022-12-27 10:59:00	4a13a92aeb7e467c9680564c6e0b936d	BECU - Checking Account - 0494		AMX CC Payment (paid in AMX account on 12/23)				n	-96846/100	-96846/100	1970-01-01 00:00:00
===== END
===== START
C	3097015019c34681b9c6d8f269c784cf	e9c7dc2a21074e979e1b609e3c5df2dd	2022-12-27 18:35:10	2022-12-27 18:35:10	2022-12-23 10:59:00	2019e05a272f45ef8f67d3767678343b	CC - AMX		Judd and Black Appliances - Dishwasher				n	-160268/100	-160268/100	1970-01-01 00:00:00
C	3097015019c34681b9c6d8f269c784cf	3396c505948e4e1692cd8c8726fdf446	2022-12-27 18:35:10	2022-12-27 18:35:10	2022-12-23 10:59:00	b2bb18500aa440f592ecec6296fd3198	Home		Judd and Black Appliances - Dishwasher				n	160268/100	160268/100	1970-01-01 00:00:00
===== END
===== START
===== END
===== START
C	0e38b2004f344697b035da7b9f14abf3	37a794973de24200bb4e7efd5b878fd4	2022-12-27 18:35:28	2022-12-27 18:35:28	2022-12-24 10:59:00	2019e05a272f45ef8f67d3767678343b	CC - AMX		Kelso Meats				n	-14242/100	-14242/100	1970-01-01 00:00:00
C	0e38b2004f344697b035da7b9f14abf3	89d4e421d556405baba1345446249d7b	2022-12-27 18:35:28	2022-12-27 18:35:28	2022-12-24 10:59:00	f93a05282e674563a3f6a5a8fcad4df5	Groceries		Kelso Meats				n	14242/100	14242/100	1970-01-01 00:00:00
===== END
===== START
===== END
===== START
C	5cfc035514a444a999689f5a3e93f9cf	b1efac53e5e64e30af86a78ba0ec4482	2022-12-27 18:35:40	2022-12-27 18:35:40	2022-12-24 10:59:00	2019e05a272f45ef8f67d3767678343b	CC - AMX		Hagen				n	-2185/100	-2185/100	1970-01-01 00:00:00
C	5cfc035514a444a999689f5a3e93f9cf	6dd896461a80428490f5fe4ce610db13	2022-12-27 18:35:40	2022-12-27 18:35:40	2022-12-24 10:59:00	f93a05282e674563a3f6a5a8fcad4df5	Groceries		Hagen				n	2185/100	2185/100	1970-01-01 00:00:00
===== END
===== START
===== END
===== START
C	fcab052d590640b5a53204914a8987e4	3b43bdcfcd1245c980fb233f3e5991f5	2022-12-27 18:35:52	2022-12-27 18:35:52	2022-12-24 10:59:00	2019e05a272f45ef8f67d3767678343b	CC - AMX		Apple				n	-299/100	-299/100	1970-01-01 00:00:00
C	fcab052d590640b5a53204914a8987e4	78a269c9d5874d349da2d1a9e5a3021e	2022-12-27 18:35:52	2022-12-27 18:35:52	2022-12-24 10:59:00	c5858ef77d29454dad7644482a92c632	Miscellaneous		Apple				n	299/100	299/100	1970-01-01 00:00:00
===== END
===== START
===== END
===== START
C	0b5211424ceb45b2a78a5ab8b219f2c6	ef8ab5d75e294ab7b1e86f62569b9ebe	2022-12-27 18:36:44	2022-12-27 18:36:44	2022-12-23 10:59:00	2019e05a272f45ef8f67d3767678343b	CC - AMX		Initial deposit				n	-124766/100	-124766/100	1970-01-01 00:00:00
C	0b5211424ceb45b2a78a5ab8b219f2c6	f1ca3aabdecb461c8ed310b9ffbea47b	2022-12-27 18:36:44	2022-12-27 18:36:44	2022-12-23 10:59:00	c5858ef77d29454dad7644482a92c632	Miscellaneous		Initial deposit				n	124766/100	124766/100	1970-01-01 00:00:00
===== END
===== START
===== END
===== START
D	146650d46b3e49f7a7b659dd421b149e	efc4da4dee44458ebdb3c0bea2c1388a	2022-12-27 18:37:05	2022-12-27 18:37:05	2022-12-23 10:59:00								n	0/1	0/100	1970-01-01 00:00:00
===== END
