mod	trans_guid	split_guid	time_now	date_entered	date_posted	acc_guid	acc_name	num	description	notes	memo	action	reconciled	amount	value	date_reconciled
-----------------
===== START
C	28eb04944f29468f97e41ae187eb72b0	518daed8f485475484bff33bd717548b	2023-01-07 18:13:20	2023-01-07 18:13:20	2023-01-06 10:59:00	2019e05a272f45ef8f67d3767678343b	CC - AMX		Sephoria				n	-2159/100	-2159/100	1970-01-01 00:00:00
C	28eb04944f29468f97e41ae187eb72b0	3d976e1bc79d409ea5e51d232f9f9619	2023-01-07 18:13:20	2023-01-07 18:13:20	2023-01-06 10:59:00	c5858ef77d29454dad7644482a92c632	Miscellaneous		Sephoria				n	2159/100	2159/100	1970-01-01 00:00:00
===== END
===== START
===== END
===== START
C	d2b355aaf46942c48d8cdceacbac8f94	58b182b02e8d458fb42bf7c35602180e	2023-01-07 18:17:15	2023-01-07 18:17:15	2023-01-06 10:59:00	2019e05a272f45ef8f67d3767678343b	CC - AMX		Thrive Market				n	-5608/100	-5608/100	1970-01-01 00:00:00
C	d2b355aaf46942c48d8cdceacbac8f94	7b03f4dee757410abc5d4a23ae3bda30	2023-01-07 18:17:15	2023-01-07 18:17:15	2023-01-06 10:59:00	62e9901389884d65b1b3847bc637591e	Restauraunts		Thrive Market				n	5608/100	5608/100	1970-01-01 00:00:00
===== END
===== START
===== END
===== START
C	f77eedee57de4271948db4eb19ae8da4	e6430db23d9242118db3ba3643cd141d	2023-01-07 18:17:36	2023-01-07 18:17:36	2023-01-05 10:59:00	2019e05a272f45ef8f67d3767678343b	CC - AMX		Bua Thai Fusion				n	-5450/100	-5450/100	1970-01-01 00:00:00
C	f77eedee57de4271948db4eb19ae8da4	6f710c1956fd423ab6b5e5362f4f3f62	2023-01-07 18:17:36	2023-01-07 18:17:36	2023-01-05 10:59:00	62e9901389884d65b1b3847bc637591e	Restauraunts		Bua Thai Fusion				n	5450/100	5450/100	1970-01-01 00:00:00
===== END
===== START
===== END
