mod	trans_guid	split_guid	time_now	date_entered	date_posted	acc_guid	acc_name	num	description	notes	memo	action	reconciled	amount	value	date_reconciled
-----------------
===== START
===== END
===== START
===== END
===== START
B	2ecb16d8d03b4bd5a6a2cee6405baf29	b681c27b2f224194816e7aa7f1aefc75	2022-12-28 01:59:52	2022-12-27 18:28:18	2022-12-23 10:59:00	f6a02742ff8b4b7582953b005314ab2e	Books		Amazon - Kindle				n	247/100	247/100	1970-01-01 00:00:00
B	2ecb16d8d03b4bd5a6a2cee6405baf29	bc74991fade34289ae7515655ba553b7	2022-12-28 01:59:52	2022-12-27 18:28:18	2022-12-23 10:59:00	350346cfa34843529ed60ab5e9549b50	CC - Chase		Amazon - Kindle				n	-247/100	-247/100	1970-01-01 00:00:00
===== END
===== START
C	2ecb16d8d03b4bd5a6a2cee6405baf29	b681c27b2f224194816e7aa7f1aefc75	2022-12-28 01:59:52	2022-12-27 18:28:18	2022-12-23 10:59:00	c5858ef77d29454dad7644482a92c632	Miscellaneous		Amazon - Kindle				n	247/100	247/100	1970-01-01 00:00:00
C	2ecb16d8d03b4bd5a6a2cee6405baf29	bc74991fade34289ae7515655ba553b7	2022-12-28 01:59:52	2022-12-27 18:28:18	2022-12-23 10:59:00	350346cfa34843529ed60ab5e9549b50	CC - Chase		Amazon - Kindle				n	-247/100	-247/100	1970-01-01 00:00:00
===== END
===== START
D	09848385dceb476793f8feb572ef908c	cfd2d0917c95453f886855c026d01d88	2022-12-28 01:59:54	2022-12-28 01:59:54	2022-12-27 10:59:00								n	0/1	0/100	1970-01-01 00:00:00
===== END
===== START
D	f41a173d0936436db754afe0132cac88	667b6e35ac3e4fa38114fd995e8ca6bf	2022-12-28 01:59:56	2022-12-28 01:59:56	2022-12-27 10:59:00								n	0/1	0/100	1970-01-01 00:00:00
===== END
