mod	trans_guid	split_guid	time_now	date_entered	date_posted	acc_guid	acc_name	num	description	notes	memo	action	reconciled	amount	value	date_reconciled
-----------------
===== START
C	26beaeb8dc224ec2b1a5c7d8a127d02f	3a7a197d026b4a24ab3ca8f5022e4321	2023-01-21 19:37:01	2023-01-21 19:37:01	2023-01-20 10:59:00	2019e05a272f45ef8f67d3767678343b	CC - AMX		Potery Barn				n	-18329/100	-18329/100	1970-01-01 00:00:00
C	26beaeb8dc224ec2b1a5c7d8a127d02f	19ed7548235a4751957d728d42fecd03	2023-01-21 19:37:01	2023-01-21 19:37:01	2023-01-20 10:59:00	c5858ef77d29454dad7644482a92c632	Miscellaneous		Potery Barn				n	18329/100	18329/100	1970-01-01 00:00:00
===== END
===== START
===== END
===== START
C	6dcd500fb162442d9664d38c33c3b049	7596732cf6a34aa3b1a6ad8910cd96eb	2023-01-21 19:37:47	2023-01-21 19:37:47	2023-01-19 10:59:00	2019e05a272f45ef8f67d3767678343b	CC - AMX		ABC Mouse				n	-9500/100	-9500/100	1970-01-01 00:00:00
C	6dcd500fb162442d9664d38c33c3b049	8b415c970781438a8e01399f03fc5a7f	2023-01-21 19:37:47	2023-01-21 19:37:47	2023-01-19 10:59:00	183ccf190b654a8d97cd3cb984ab82ec	Education		ABC Mouse				n	9500/100	9500/100	1970-01-01 00:00:00
===== END
===== START
===== END
===== START
C	867959ac8036483dba36f1aedea5417b	1ea086812a974319b33fa9c71fb71c18	2023-01-21 19:38:02	2023-01-21 19:38:02	2023-01-19 10:59:00	2019e05a272f45ef8f67d3767678343b	CC - AMX		Ace				n	-2726/100	-2726/100	1970-01-01 00:00:00
C	867959ac8036483dba36f1aedea5417b	0ebfc0a85ddd49cf9530bad064137996	2023-01-21 19:38:02	2023-01-21 19:38:02	2023-01-19 10:59:00	c5858ef77d29454dad7644482a92c632	Miscellaneous		Ace				n	2726/100	2726/100	1970-01-01 00:00:00
===== END
===== START
===== END
===== START
C	8f05f1f408714a7c8626853b43e88491	c382075e217b4655b3586437bf7aa410	2023-01-21 19:38:20	2023-01-21 19:38:20	2023-01-18 10:59:00	2019e05a272f45ef8f67d3767678343b	CC - AMX		Haggen				n	-238/100	-238/100	1970-01-01 00:00:00
C	8f05f1f408714a7c8626853b43e88491	740782501ae84cd0addcb070523ced48	2023-01-21 19:38:20	2023-01-21 19:38:20	2023-01-18 10:59:00	f93a05282e674563a3f6a5a8fcad4df5	Groceries		Haggen				n	238/100	238/100	1970-01-01 00:00:00
===== END
===== START
===== END
===== START
C	8bd9b2eab6024605839d134883492da7	867e438d0a8544fe945664cc4ce1409f	2023-01-21 19:38:43	2023-01-21 19:38:43	2023-01-17 10:59:00	2019e05a272f45ef8f67d3767678343b	CC - AMX		Pottery Barn				n	-31094/100	-31094/100	1970-01-01 00:00:00
C	8bd9b2eab6024605839d134883492da7	cc4b0fdc97084d6eaf22a47c3338d977	2023-01-21 19:38:43	2023-01-21 19:38:43	2023-01-17 10:59:00	c5858ef77d29454dad7644482a92c632	Miscellaneous		Pottery Barn				n	31094/100	31094/100	1970-01-01 00:00:00
===== END
===== START
===== END
===== START
B	26beaeb8dc224ec2b1a5c7d8a127d02f	19ed7548235a4751957d728d42fecd03	2023-01-21 19:38:47	2023-01-21 19:37:01	2023-01-20 10:59:00	c5858ef77d29454dad7644482a92c632	Miscellaneous		Potery Barn				n	18329/100	18329/100	1970-01-01 00:00:00
B	26beaeb8dc224ec2b1a5c7d8a127d02f	3a7a197d026b4a24ab3ca8f5022e4321	2023-01-21 19:38:47	2023-01-21 19:37:01	2023-01-20 10:59:00	2019e05a272f45ef8f67d3767678343b	CC - AMX		Potery Barn				n	-18329/100	-18329/100	1970-01-01 00:00:00
===== END
===== START
C	26beaeb8dc224ec2b1a5c7d8a127d02f	19ed7548235a4751957d728d42fecd03	2023-01-21 19:38:47	2023-01-21 19:37:01	2023-01-20 10:59:00	c5858ef77d29454dad7644482a92c632	Miscellaneous		Pottery Barn				n	18329/100	18329/100	1970-01-01 00:00:00
C	26beaeb8dc224ec2b1a5c7d8a127d02f	3a7a197d026b4a24ab3ca8f5022e4321	2023-01-21 19:38:47	2023-01-21 19:37:01	2023-01-20 10:59:00	2019e05a272f45ef8f67d3767678343b	CC - AMX		Pottery Barn				n	-18329/100	-18329/100	1970-01-01 00:00:00
===== END
===== START
B	26beaeb8dc224ec2b1a5c7d8a127d02f	19ed7548235a4751957d728d42fecd03	2023-01-21 19:39:13	2023-01-21 19:37:01	2023-01-20 10:59:00	c5858ef77d29454dad7644482a92c632	Miscellaneous		Pottery Barn				n	18329/100	18329/100	1970-01-01 00:00:00
B	26beaeb8dc224ec2b1a5c7d8a127d02f	3a7a197d026b4a24ab3ca8f5022e4321	2023-01-21 19:39:13	2023-01-21 19:37:01	2023-01-20 10:59:00	2019e05a272f45ef8f67d3767678343b	CC - AMX		Pottery Barn				n	-18329/100	-18329/100	1970-01-01 00:00:00
===== END
===== START
C	26beaeb8dc224ec2b1a5c7d8a127d02f	19ed7548235a4751957d728d42fecd03	2023-01-21 19:39:13	2023-01-21 19:37:01	2023-01-20 10:59:00	c5858ef77d29454dad7644482a92c632	Miscellaneous		Pottery Barn				n	18329/100	18329/100	1970-01-01 00:00:00
C	26beaeb8dc224ec2b1a5c7d8a127d02f	3a7a197d026b4a24ab3ca8f5022e4321	2023-01-21 19:39:13	2023-01-21 19:37:01	2023-01-20 10:59:00	2019e05a272f45ef8f67d3767678343b	CC - AMX		Pottery Barn				c	-18329/100	-18329/100	1970-01-01 00:00:00
===== END
===== START
B	1a26666cc9a74c7780ddd172ab219045	cb8609b20fc04ba2b8c8dab87016cc0d	2023-01-21 19:39:19	2023-01-21 19:18:51	2023-01-21 10:59:00	2019e05a272f45ef8f67d3767678343b	CC - AMX		AMX CC Payment				n	150899/100	150899/100	1970-01-01 00:00:00
B	1a26666cc9a74c7780ddd172ab219045	e1c700c4468144f9923128e7fc8e16e1	2023-01-21 19:39:19	2023-01-21 19:18:51	2023-01-21 10:59:00	4a13a92aeb7e467c9680564c6e0b936d	BECU - Checking Account - 0494		AMX CC Payment				n	-150899/100	-150899/100	1970-01-01 00:00:00
===== END
===== START
C	1a26666cc9a74c7780ddd172ab219045	cb8609b20fc04ba2b8c8dab87016cc0d	2023-01-21 19:39:19	2023-01-21 19:18:51	2023-01-21 10:59:00	2019e05a272f45ef8f67d3767678343b	CC - AMX		AMX CC Payment				c	150899/100	150899/100	1970-01-01 00:00:00
C	1a26666cc9a74c7780ddd172ab219045	e1c700c4468144f9923128e7fc8e16e1	2023-01-21 19:39:19	2023-01-21 19:18:51	2023-01-21 10:59:00	4a13a92aeb7e467c9680564c6e0b936d	BECU - Checking Account - 0494		AMX CC Payment				n	-150899/100	-150899/100	1970-01-01 00:00:00
===== END
===== START
B	8bd9b2eab6024605839d134883492da7	cc4b0fdc97084d6eaf22a47c3338d977	2023-01-21 19:39:46	2023-01-21 19:38:43	2023-01-17 10:59:00	c5858ef77d29454dad7644482a92c632	Miscellaneous		Pottery Barn				n	31094/100	31094/100	1970-01-01 00:00:00
B	8bd9b2eab6024605839d134883492da7	867e438d0a8544fe945664cc4ce1409f	2023-01-21 19:39:46	2023-01-21 19:38:43	2023-01-17 10:59:00	2019e05a272f45ef8f67d3767678343b	CC - AMX		Pottery Barn				n	-31094/100	-31094/100	1970-01-01 00:00:00
===== END
===== START
C	8bd9b2eab6024605839d134883492da7	cc4b0fdc97084d6eaf22a47c3338d977	2023-01-21 19:39:46	2023-01-21 19:38:43	2023-01-17 10:59:00	c5858ef77d29454dad7644482a92c632	Miscellaneous		Pottery Barn				n	31094/100	31094/100	1970-01-01 00:00:00
C	8bd9b2eab6024605839d134883492da7	867e438d0a8544fe945664cc4ce1409f	2023-01-21 19:39:46	2023-01-21 19:38:43	2023-01-17 10:59:00	2019e05a272f45ef8f67d3767678343b	CC - AMX		Pottery Barn				c	-31094/100	-31094/100	1970-01-01 00:00:00
===== END
===== START
C	43e02695cb6b46a29f12b25f99a5e50a	03c1f9b33bd14b78bf0cd64c0f1412d9	2023-01-21 19:39:55	2023-01-21 19:39:55	2023-01-18 10:59:00	2019e05a272f45ef8f67d3767678343b	CC - AMX		Amazon				n	-1114/100	-1114/100	1970-01-01 00:00:00
C	43e02695cb6b46a29f12b25f99a5e50a	73fa69ccf3da4fb793b606553efb6160	2023-01-21 19:39:55	2023-01-21 19:39:55	2023-01-18 10:59:00	c5858ef77d29454dad7644482a92c632	Miscellaneous		Amazon				n	1114/100	1114/100	1970-01-01 00:00:00
===== END
===== START
===== END
===== START
C	363dac67dd9b4ed398112519387af774	de4f6ff7137d447bab12824e8cc8fe2f	2023-01-21 19:40:23	2023-01-21 19:40:23	2023-01-16 10:59:00	c5858ef77d29454dad7644482a92c632	Miscellaneous		Amazon				n	2576/100	2576/100	1970-01-01 00:00:00
C	363dac67dd9b4ed398112519387af774	f81242d74a9240e5ab5696672565dee8	2023-01-21 19:40:23	2023-01-21 19:40:23	2023-01-16 10:59:00	2019e05a272f45ef8f67d3767678343b	CC - AMX		Amazon				n	-2576/100	-2576/100	1970-01-01 00:00:00
===== END
===== START
===== END
===== START
C	2f0ac57118744412a20ac4a9d273eddd	0ffec4d0df9643c0b1f68636cb8994ee	2023-01-21 19:40:37	2023-01-21 19:40:37	2023-01-17 10:59:00	2019e05a272f45ef8f67d3767678343b	CC - AMX		Renewal Membership				n	-9500/100	-9500/100	1970-01-01 00:00:00
C	2f0ac57118744412a20ac4a9d273eddd	96b4cb3a49c4484c8b76cb5d960f8624	2023-01-21 19:40:37	2023-01-21 19:40:37	2023-01-17 10:59:00	c5858ef77d29454dad7644482a92c632	Miscellaneous		Renewal Membership				n	9500/100	9500/100	1970-01-01 00:00:00
===== END
===== START
===== END
===== START
C	be6e3c9883404cf296e22013fc2e1859	b34caa994e3343dea68ccb9e8a78a1cc	2023-01-21 19:41:25	2023-01-21 19:41:25	2023-01-15 10:59:00	2019e05a272f45ef8f67d3767678343b	CC - AMX		Fred Meyer				n	-16814/100	-16814/100	1970-01-01 00:00:00
C	be6e3c9883404cf296e22013fc2e1859	30962417a58e4bcba8e8344f1e118d5d	2023-01-21 19:41:25	2023-01-21 19:41:25	2023-01-15 10:59:00	f93a05282e674563a3f6a5a8fcad4df5	Groceries		Fred Meyer				n	16814/100	16814/100	1970-01-01 00:00:00
===== END
===== START
===== END
===== START
C	1d8719fe99634ab397da09609a41f1cd	3050f951a7304ce281904f7218e1f65f	2023-01-21 19:41:48	2023-01-21 19:41:48	2023-01-15 10:59:00	2019e05a272f45ef8f67d3767678343b	CC - AMX		Swinomish markets				n	-7013/100	-7013/100	1970-01-01 00:00:00
C	1d8719fe99634ab397da09609a41f1cd	b99aac9c7ce04d8a844f9be134ea116b	2023-01-21 19:41:48	2023-01-21 19:41:48	2023-01-15 10:59:00	c5858ef77d29454dad7644482a92c632	Miscellaneous		Swinomish markets				n	7013/100	7013/100	1970-01-01 00:00:00
===== END
===== START
===== END
===== START
B	1d8719fe99634ab397da09609a41f1cd	b99aac9c7ce04d8a844f9be134ea116b	2023-01-21 19:41:52	2023-01-21 19:41:48	2023-01-15 10:59:00	c5858ef77d29454dad7644482a92c632	Miscellaneous		Swinomish markets				n	7013/100	7013/100	1970-01-01 00:00:00
B	1d8719fe99634ab397da09609a41f1cd	3050f951a7304ce281904f7218e1f65f	2023-01-21 19:41:52	2023-01-21 19:41:48	2023-01-15 10:59:00	2019e05a272f45ef8f67d3767678343b	CC - AMX		Swinomish markets				n	-7013/100	-7013/100	1970-01-01 00:00:00
===== END
===== START
C	1d8719fe99634ab397da09609a41f1cd	b99aac9c7ce04d8a844f9be134ea116b	2023-01-21 19:41:52	2023-01-21 19:41:48	2023-01-15 10:59:00	c5858ef77d29454dad7644482a92c632	Miscellaneous		Swinomish markets				n	7012/100	7012/100	1970-01-01 00:00:00
C	1d8719fe99634ab397da09609a41f1cd	3050f951a7304ce281904f7218e1f65f	2023-01-21 19:41:52	2023-01-21 19:41:48	2023-01-15 10:59:00	2019e05a272f45ef8f67d3767678343b	CC - AMX		Swinomish markets				n	-7012/100	-7012/100	1970-01-01 00:00:00
===== END
