mod	trans_guid	split_guid	time_now	date_entered	date_posted	acc_guid	acc_name	num	description	notes	memo	action	reconciled	amount	value	date_reconciled
-----------------
===== START
D	3341d50229ea4440b688e4518f522490	51d2ea3dcba74ae79b95ecf595a8b56b	2023-01-21 22:42:27	2023-01-21 22:42:27	2023-01-06 10:59:00								n	0/1	0/100	1970-01-01 00:00:00
===== END
===== START
===== END
===== START
B	28b7f6e2212842a3baf263546cc8da3d	2ea4bf8ca85244ef965ce34cf896b545	2023-01-21 22:46:52	2023-01-07 18:04:18	2022-12-30 10:59:00	c5858ef77d29454dad7644482a92c632	Miscellaneous		Amazon				n	6795/100	6795/100	1970-01-01 00:00:00
B	28b7f6e2212842a3baf263546cc8da3d	c1f93b6bb8684857871c577fd37a3003	2023-01-21 22:46:52	2023-01-07 18:04:18	2022-12-30 10:59:00	350346cfa34843529ed60ab5e9549b50	CC - Chase		Amazon				n	-6795/100	-6795/100	1970-01-01 00:00:00
===== END
===== START
C	28b7f6e2212842a3baf263546cc8da3d	2ea4bf8ca85244ef965ce34cf896b545	2023-01-21 22:46:52	2023-01-07 18:04:18	2022-12-30 10:59:00	c5858ef77d29454dad7644482a92c632	Miscellaneous		Amazon	dododo			n	6795/100	6795/100	1970-01-01 00:00:00
C	28b7f6e2212842a3baf263546cc8da3d	c1f93b6bb8684857871c577fd37a3003	2023-01-21 22:46:52	2023-01-07 18:04:18	2022-12-30 10:59:00	350346cfa34843529ed60ab5e9549b50	CC - Chase		Amazon	dododo			n	-6795/100	-6795/100	1970-01-01 00:00:00
===== END
===== START
B	5ad0e0bf992649c48eeae32e1a58832b	bfaa35d20e7245b8bdbb57eb47480ce9	2023-01-21 22:47:04	2023-01-07 17:39:02	2023-01-01 10:59:00	c5858ef77d29454dad7644482a92c632	Miscellaneous		POS Withdrawal - DAIRY QUEEN #12513 325 MARYSVILLE MALL MARYSVILLE WAUS - Card Ending In 4001				n	4480/100	4480/100	1970-01-01 00:00:00
B	5ad0e0bf992649c48eeae32e1a58832b	64f29a44d9fc4852ac1660e5e110e5fb	2023-01-21 22:47:04	2023-01-07 17:39:02	2023-01-01 10:59:00	4a13a92aeb7e467c9680564c6e0b936d	BECU - Checking Account - 0494		POS Withdrawal - DAIRY QUEEN #12513 325 MARYSVILLE MALL MARYSVILLE WAUS - Card Ending In 4001				n	-4480/100	-4480/100	1970-01-01 00:00:00
===== END
===== START
C	5ad0e0bf992649c48eeae32e1a58832b	bfaa35d20e7245b8bdbb57eb47480ce9	2023-01-21 22:47:04	2023-01-07 17:39:02	2023-01-01 10:59:00	c5858ef77d29454dad7644482a92c632	Miscellaneous		POS Withdrawal - DAIRY QUEEN #12513 325 MARYSVILLE MALL MARYSVILLE WAUS - Card Ending In 4001	dododo			n	4480/100	4480/100	1970-01-01 00:00:00
C	5ad0e0bf992649c48eeae32e1a58832b	64f29a44d9fc4852ac1660e5e110e5fb	2023-01-21 22:47:04	2023-01-07 17:39:02	2023-01-01 10:59:00	4a13a92aeb7e467c9680564c6e0b936d	BECU - Checking Account - 0494		POS Withdrawal - DAIRY QUEEN #12513 325 MARYSVILLE MALL MARYSVILLE WAUS - Card Ending In 4001	dododo			n	-4480/100	-4480/100	1970-01-01 00:00:00
===== END
===== START
D	e0a3b2c9a62b45119ba539b676e7dce5	ec188918ce85447a9f2c2700f29fc064	2023-01-21 22:47:22	2023-01-21 22:47:22	2023-01-21 10:59:00								n	0/1	0/100	1970-01-01 00:00:00
===== END
