mod	trans_guid	split_guid	time_now	date_entered	date_posted	acc_guid	acc_name	num	description	notes	memo	action	reconciled	amount	value	date_reconciled
-----------------
===== START
===== END
===== START
C	d9824a7b7d8a4ae1b9895a5002b9bc64	fe7708c378fc470d9fc3bf5db751867b	2023-01-15 18:51:39	2023-01-15 18:51:39	2023-01-01 10:59:00	14879a5898064115a4541dc93e24f0a1	Vanguard - Dylan's college - 7368		Initial Balance				n	5513624/100	5513624/100	1970-01-01 00:00:00
C	d9824a7b7d8a4ae1b9895a5002b9bc64	7bd5bfc24bdd4392b550321fe7b8c340	2023-01-15 18:51:39	2023-01-15 18:51:39	2023-01-01 10:59:00	6403838247ae435381da931088a18454	Other		Initial Balance				n	-5513624/100	-5513624/100	1970-01-01 00:00:00
===== END
===== START
===== END
===== START
B	d9824a7b7d8a4ae1b9895a5002b9bc64	fe7708c378fc470d9fc3bf5db751867b	2023-01-15 18:51:52	2023-01-15 18:51:39	2023-01-01 10:59:00	14879a5898064115a4541dc93e24f0a1	Vanguard - Dylan's college - 7368		Initial Balance				n	5513624/100	5513624/100	1970-01-01 00:00:00
B	d9824a7b7d8a4ae1b9895a5002b9bc64	7bd5bfc24bdd4392b550321fe7b8c340	2023-01-15 18:51:52	2023-01-15 18:51:39	2023-01-01 10:59:00	6403838247ae435381da931088a18454	Other		Initial Balance				n	-5513624/100	-5513624/100	1970-01-01 00:00:00
===== END
===== START
C	d9824a7b7d8a4ae1b9895a5002b9bc64	fe7708c378fc470d9fc3bf5db751867b	2023-01-15 18:51:52	2023-01-15 18:51:39	2023-01-01 10:59:00	14879a5898064115a4541dc93e24f0a1	Vanguard - Dylan's college - 7368		Initial Balance				n	927726/100	927726/100	1970-01-01 00:00:00
C	d9824a7b7d8a4ae1b9895a5002b9bc64	7bd5bfc24bdd4392b550321fe7b8c340	2023-01-15 18:51:52	2023-01-15 18:51:39	2023-01-01 10:59:00	6403838247ae435381da931088a18454	Other		Initial Balance				n	-927726/100	-927726/100	1970-01-01 00:00:00
===== END
===== START
B	d9824a7b7d8a4ae1b9895a5002b9bc64	fe7708c378fc470d9fc3bf5db751867b	2023-01-15 18:52:19	2023-01-15 18:51:39	2023-01-01 10:59:00	14879a5898064115a4541dc93e24f0a1	Vanguard - Dylan's college - 7368		Initial Balance				n	927726/100	927726/100	1970-01-01 00:00:00
B	d9824a7b7d8a4ae1b9895a5002b9bc64	7bd5bfc24bdd4392b550321fe7b8c340	2023-01-15 18:52:19	2023-01-15 18:51:39	2023-01-01 10:59:00	6403838247ae435381da931088a18454	Other		Initial Balance				n	-927726/100	-927726/100	1970-01-01 00:00:00
===== END
===== START
C	d9824a7b7d8a4ae1b9895a5002b9bc64	fe7708c378fc470d9fc3bf5db751867b	2023-01-15 18:52:19	2023-01-15 18:51:39	2023-01-01 10:59:00	14879a5898064115a4541dc93e24f0a1	Vanguard - Dylan's college - 7368		Initial Balance				n	929322/100	929322/100	1970-01-01 00:00:00
C	d9824a7b7d8a4ae1b9895a5002b9bc64	7bd5bfc24bdd4392b550321fe7b8c340	2023-01-15 18:52:19	2023-01-15 18:51:39	2023-01-01 10:59:00	6403838247ae435381da931088a18454	Other		Initial Balance				n	-929322/100	-929322/100	1970-01-01 00:00:00
===== END
===== START
D	cd0b62c51924450488662c7a53ea1e28	afd505d7ff4a4dd99ea54236c3830785	2023-01-15 18:52:23	2023-01-15 18:52:23	2023-01-01 10:59:00								n	0/1	0/100	1970-01-01 00:00:00
===== END
===== START
===== END
===== START
C	a4987d3e622a46deb53c8ab7534a29ef	b8ecb7b9d33843c7ab18eba3ca1fd140	2023-01-15 18:52:47	2023-01-15 18:52:47	2023-01-01 10:59:00	d89d55dc9b934f1385a18789adbafc77	Vanguard - Cole's college - 7155						n	0/100	0/100	1970-01-01 00:00:00
===== END
===== START
===== END
===== START
B	a4987d3e622a46deb53c8ab7534a29ef	b8ecb7b9d33843c7ab18eba3ca1fd140	2023-01-15 18:52:57	2023-01-15 18:52:47	2023-01-01 10:59:00	d89d55dc9b934f1385a18789adbafc77	Vanguard - Cole's college - 7155						n	0/100	0/100	1970-01-01 00:00:00
===== END
===== START
C	a4987d3e622a46deb53c8ab7534a29ef	b8ecb7b9d33843c7ab18eba3ca1fd140	2023-01-15 18:52:57	2023-01-15 18:52:47	2023-01-01 10:59:00	d89d55dc9b934f1385a18789adbafc77	Vanguard - Cole's college - 7155		Initial Balance				n	927726/100	927726/100	1970-01-01 00:00:00
C	a4987d3e622a46deb53c8ab7534a29ef	07f683324ef248b8b95a0841e647b3c0	2023-01-15 18:52:57	2023-01-15 18:52:47	2023-01-01 10:59:00	6403838247ae435381da931088a18454	Other		Initial Balance				n	-927726/100	-927726/100	1970-01-01 00:00:00
===== END
