mod	trans_guid	split_guid	time_now	date_entered	date_posted	acc_guid	acc_name	num	description	notes	memo	action	reconciled	amount	value	date_reconciled
-----------------
===== START
B	3487db6943ce4794938910154e170d9b	0c439a5ce255483abd5bd2b18b5f44f9	2023-01-07 18:06:52	2023-01-07 17:40:32	2023-01-03 10:59:00	350346cfa34843529ed60ab5e9549b50	CC - Chase		Chase CC Payment				n	67832/100	67832/100	1970-01-01 00:00:00
B	3487db6943ce4794938910154e170d9b	b6062d49dd4a4c1eb9c7ba899ed51b6b	2023-01-07 18:06:52	2023-01-07 17:40:32	2023-01-03 10:59:00	4a13a92aeb7e467c9680564c6e0b936d	BECU - Checking Account - 0494		Chase CC Payment				n	-67832/100	-67832/100	1970-01-01 00:00:00
===== END
===== START
C	3487db6943ce4794938910154e170d9b	0c439a5ce255483abd5bd2b18b5f44f9	2023-01-07 18:06:52	2023-01-07 17:40:32	2023-01-03 10:59:00	350346cfa34843529ed60ab5e9549b50	CC - Chase		Chase CC Payment (12/31 on chas)				n	67832/100	67832/100	1970-01-01 00:00:00
C	3487db6943ce4794938910154e170d9b	b6062d49dd4a4c1eb9c7ba899ed51b6b	2023-01-07 18:06:52	2023-01-07 17:40:32	2023-01-03 10:59:00	4a13a92aeb7e467c9680564c6e0b936d	BECU - Checking Account - 0494		Chase CC Payment (12/31 on chas)				n	-67832/100	-67832/100	1970-01-01 00:00:00
===== END
===== START
B	3487db6943ce4794938910154e170d9b	0c439a5ce255483abd5bd2b18b5f44f9	2023-01-07 18:06:56	2023-01-07 17:40:32	2023-01-03 10:59:00	350346cfa34843529ed60ab5e9549b50	CC - Chase		Chase CC Payment (12/31 on chas)				n	67832/100	67832/100	1970-01-01 00:00:00
B	3487db6943ce4794938910154e170d9b	b6062d49dd4a4c1eb9c7ba899ed51b6b	2023-01-07 18:06:56	2023-01-07 17:40:32	2023-01-03 10:59:00	4a13a92aeb7e467c9680564c6e0b936d	BECU - Checking Account - 0494		Chase CC Payment (12/31 on chas)				n	-67832/100	-67832/100	1970-01-01 00:00:00
===== END
===== START
C	3487db6943ce4794938910154e170d9b	0c439a5ce255483abd5bd2b18b5f44f9	2023-01-07 18:06:56	2023-01-07 17:40:32	2023-01-03 10:59:00	350346cfa34843529ed60ab5e9549b50	CC - Chase		Chase CC Payment (12/31 on chase)				n	67832/100	67832/100	1970-01-01 00:00:00
C	3487db6943ce4794938910154e170d9b	b6062d49dd4a4c1eb9c7ba899ed51b6b	2023-01-07 18:06:56	2023-01-07 17:40:32	2023-01-03 10:59:00	4a13a92aeb7e467c9680564c6e0b936d	BECU - Checking Account - 0494		Chase CC Payment (12/31 on chase)				n	-67832/100	-67832/100	1970-01-01 00:00:00
===== END
===== START
C	f49bf9b76d9a4558bfff8d6af11d5cd0	a8d7cbbddae74c0b973fb5e1780ed912	2023-01-07 18:07:33	2023-01-07 18:07:33	2023-01-01 10:59:00	350346cfa34843529ed60ab5e9549b50	CC - Chase		YMCA				n	-13500/100	-13500/100	1970-01-01 00:00:00
C	f49bf9b76d9a4558bfff8d6af11d5cd0	345c419549dd42c2af24c19f43fe0f67	2023-01-07 18:07:33	2023-01-07 18:07:33	2023-01-01 10:59:00	c5858ef77d29454dad7644482a92c632	Miscellaneous		YMCA				n	13500/100	13500/100	1970-01-01 00:00:00
===== END
===== START
===== END
===== START
C	6bf3a823478641dd891c47e97b45152b	fa6e1913fe2940089c1a5dbf9d6ca9bd	2023-01-07 18:07:50	2023-01-07 18:07:50	2023-01-02 10:59:00	350346cfa34843529ed60ab5e9549b50	CC - Chase		South Lake Pizza				n	-10856/100	-10856/100	1970-01-01 00:00:00
C	6bf3a823478641dd891c47e97b45152b	49730b80a37b441caf44574e3ca40744	2023-01-07 18:07:50	2023-01-07 18:07:50	2023-01-02 10:59:00	62e9901389884d65b1b3847bc637591e	Restauraunts		South Lake Pizza				n	10856/100	10856/100	1970-01-01 00:00:00
===== END
===== START
===== END
===== START
C	26325ee91f7a48cc841d22341ca94d51	dd8d5f9785d548ce89a14b626a25f451	2023-01-07 18:07:58	2023-01-07 18:07:58	2023-01-02 10:59:00	c5858ef77d29454dad7644482a92c632	Miscellaneous		Amazon				n	1743/100	1743/100	1970-01-01 00:00:00
C	26325ee91f7a48cc841d22341ca94d51	e7d5201699494ed99eb7bef430c42b17	2023-01-07 18:07:58	2023-01-07 18:07:58	2023-01-02 10:59:00	350346cfa34843529ed60ab5e9549b50	CC - Chase		Amazon				n	-1743/100	-1743/100	1970-01-01 00:00:00
===== END
===== START
===== END
===== START
C	05584674498b464b9dc321db856f7ff0	cf30f1014c5845e384eea48105bcdd25	2023-01-07 18:08:14	2023-01-07 18:08:14	2023-01-03 10:59:00	350346cfa34843529ed60ab5e9549b50	CC - Chase		Costco Gas				n	-6718/100	-6718/100	1970-01-01 00:00:00
C	05584674498b464b9dc321db856f7ff0	40d06c180f414eaf977d5260fcb51104	2023-01-07 18:08:14	2023-01-07 18:08:14	2023-01-03 10:59:00	d3450def98174d09a27e295013d36f5f	Fuel		Costco Gas				n	6718/100	6718/100	1970-01-01 00:00:00
===== END
===== START
===== END
===== START
D	f37fea7d718f41889ba04411d05abb3d	432912a4dc5b441a884892b696ca1bb3	2023-01-07 18:09:20	2023-01-07 18:09:20	2023-01-03 10:59:00								n	0/1	0/100	1970-01-01 00:00:00
===== END
===== START
===== END
