mod	trans_guid	split_guid	time_now	date_entered	date_posted	acc_guid	acc_name	num	description	notes	memo	action	reconciled	amount	value	date_reconciled
-----------------
===== START
D	3481054ced0f4f91884dac0168a48e69	a91b612f7f364600b80ccbab704c853c	2023-01-21 19:20:41	2023-01-21 19:20:41	2023-01-21 10:59:00								n	0/1	0/100	1970-01-01 00:00:00
===== END
===== START
===== END
===== START
C	93bf76dd8eee4d8990877c0e93a872b3	d94e644dcdd3412d86fada63092c8e0b	2023-01-21 19:21:14	2023-01-21 19:21:14	2023-01-21 10:59:00	350346cfa34843529ed60ab5e9549b50	CC - Chase		Ace				n	-1311/100	-1311/100	1970-01-01 00:00:00
C	93bf76dd8eee4d8990877c0e93a872b3	4d28ad54e06f44578aa519a7ca3d4e14	2023-01-21 19:21:14	2023-01-21 19:21:14	2023-01-21 10:59:00	c5858ef77d29454dad7644482a92c632	Miscellaneous		Ace				n	1311/100	1311/100	1970-01-01 00:00:00
===== END
===== START
===== END
===== START
C	0a73318f4c334d118306b2b4ae0998be	76060c9da3ed433aa27195f73f7f280a	2023-01-21 19:21:31	2023-01-21 19:21:31	2023-01-21 10:59:00	350346cfa34843529ed60ab5e9549b50	CC - Chase		State Parks - E Permit				n	-2500/100	-2500/100	1970-01-01 00:00:00
C	0a73318f4c334d118306b2b4ae0998be	d8ac22762e914280b4d18d30ac1b3cbe	2023-01-21 19:21:31	2023-01-21 19:21:31	2023-01-21 10:59:00	c5858ef77d29454dad7644482a92c632	Miscellaneous		State Parks - E Permit				n	2500/100	2500/100	1970-01-01 00:00:00
===== END
===== START
===== END
===== START
C	bb70539665ae4fc9960f42c0efa94a6d	5254b69dbda7415b843eebed46dc7e53	2023-01-21 19:21:40	2023-01-21 19:21:40	2023-01-21 10:59:00	c5858ef77d29454dad7644482a92c632	Miscellaneous		Amazon				n	2336/100	2336/100	1970-01-01 00:00:00
C	bb70539665ae4fc9960f42c0efa94a6d	00ab0a128efb480ab21e4737d2dae46d	2023-01-21 19:21:40	2023-01-21 19:21:40	2023-01-21 10:59:00	350346cfa34843529ed60ab5e9549b50	CC - Chase		Amazon				n	-2336/100	-2336/100	1970-01-01 00:00:00
===== END
===== START
===== END
===== START
C	8c4aad0160eb42b0bcc7990430085167	34c6b7bec73d408293e01e9bb5af994b	2023-01-21 19:22:03	2023-01-21 19:22:03	2023-01-20 10:59:00	350346cfa34843529ed60ab5e9549b50	CC - Chase		Sushi				n	-7686/100	-7686/100	1970-01-01 00:00:00
C	8c4aad0160eb42b0bcc7990430085167	88eb11c53493461abcf611935e02e42d	2023-01-21 19:22:03	2023-01-21 19:22:03	2023-01-20 10:59:00	62e9901389884d65b1b3847bc637591e	Restauraunts		Sushi				n	7686/100	7686/100	1970-01-01 00:00:00
===== END
===== START
===== END
===== START
C	48a110c2d10840f89d9b75b3f8b4e810	ec4df4479fb648939bdcc8c681c6de2e	2023-01-21 19:22:12	2023-01-21 19:22:12	2023-01-20 10:59:00	c5858ef77d29454dad7644482a92c632	Miscellaneous		Amazon				n	637/100	637/100	1970-01-01 00:00:00
C	48a110c2d10840f89d9b75b3f8b4e810	19e5483970014982825b06de1c64fc22	2023-01-21 19:22:12	2023-01-21 19:22:12	2023-01-20 10:59:00	350346cfa34843529ed60ab5e9549b50	CC - Chase		Amazon				n	-637/100	-637/100	1970-01-01 00:00:00
===== END
===== START
===== END
===== START
C	afea1da3e4c7436ca72e70887bd134c3	362df699eaae44abbf7d8b44aa3c3b83	2023-01-21 19:22:18	2023-01-21 19:22:18	2023-01-20 10:59:00	c5858ef77d29454dad7644482a92c632	Miscellaneous		Amazon				n	2449/100	2449/100	1970-01-01 00:00:00
C	afea1da3e4c7436ca72e70887bd134c3	472b5c65c93947fcbc2c0e3a9770c5e9	2023-01-21 19:22:18	2023-01-21 19:22:18	2023-01-20 10:59:00	350346cfa34843529ed60ab5e9549b50	CC - Chase		Amazon				n	-2449/100	-2449/100	1970-01-01 00:00:00
===== END
===== START
===== END
===== START
C	1fd526d5908541438f89005e27655f7e	3107b210afad4a97bd40ee54a89850db	2023-01-21 19:22:42	2023-01-21 19:22:42	2023-01-19 10:59:00	62e9901389884d65b1b3847bc637591e	Restauraunts		South Lake Pizza				n	4078/100	4078/100	1970-01-01 00:00:00
C	1fd526d5908541438f89005e27655f7e	54540d33a02d427f88c72fcd998c2ceb	2023-01-21 19:22:42	2023-01-21 19:22:42	2023-01-19 10:59:00	350346cfa34843529ed60ab5e9549b50	CC - Chase		South Lake Pizza				n	-4078/100	-4078/100	1970-01-01 00:00:00
===== END
===== START
===== END
===== START
B	93bf76dd8eee4d8990877c0e93a872b3	4d28ad54e06f44578aa519a7ca3d4e14	2023-01-21 19:22:47	2023-01-21 19:21:14	2023-01-21 10:59:00	c5858ef77d29454dad7644482a92c632	Miscellaneous		Ace				n	1311/100	1311/100	1970-01-01 00:00:00
B	93bf76dd8eee4d8990877c0e93a872b3	d94e644dcdd3412d86fada63092c8e0b	2023-01-21 19:22:47	2023-01-21 19:21:14	2023-01-21 10:59:00	350346cfa34843529ed60ab5e9549b50	CC - Chase		Ace				n	-1311/100	-1311/100	1970-01-01 00:00:00
===== END
===== START
C	93bf76dd8eee4d8990877c0e93a872b3	4d28ad54e06f44578aa519a7ca3d4e14	2023-01-21 19:22:47	2023-01-21 19:21:14	2023-01-21 10:59:00	c5858ef77d29454dad7644482a92c632	Miscellaneous		Ace				n	1311/100	1311/100	1970-01-01 00:00:00
C	93bf76dd8eee4d8990877c0e93a872b3	d94e644dcdd3412d86fada63092c8e0b	2023-01-21 19:22:47	2023-01-21 19:21:14	2023-01-21 10:59:00	350346cfa34843529ed60ab5e9549b50	CC - Chase		Ace				n	-1311/100	-1311/100	1970-01-01 00:00:00
===== END
===== START
B	1fd526d5908541438f89005e27655f7e	3107b210afad4a97bd40ee54a89850db	2023-01-21 19:22:51	2023-01-21 19:22:42	2023-01-19 10:59:00	62e9901389884d65b1b3847bc637591e	Restauraunts		South Lake Pizza				n	4078/100	4078/100	1970-01-01 00:00:00
B	1fd526d5908541438f89005e27655f7e	54540d33a02d427f88c72fcd998c2ceb	2023-01-21 19:22:51	2023-01-21 19:22:42	2023-01-19 10:59:00	350346cfa34843529ed60ab5e9549b50	CC - Chase		South Lake Pizza				n	-4078/100	-4078/100	1970-01-01 00:00:00
===== END
===== START
C	1fd526d5908541438f89005e27655f7e	3107b210afad4a97bd40ee54a89850db	2023-01-21 19:22:51	2023-01-21 19:22:42	2023-01-19 10:59:00	62e9901389884d65b1b3847bc637591e	Restauraunts		South Lake Pizza				n	4078/100	4078/100	1970-01-01 00:00:00
C	1fd526d5908541438f89005e27655f7e	54540d33a02d427f88c72fcd998c2ceb	2023-01-21 19:22:51	2023-01-21 19:22:42	2023-01-19 10:59:00	350346cfa34843529ed60ab5e9549b50	CC - Chase		South Lake Pizza				c	-4078/100	-4078/100	1970-01-01 00:00:00
===== END
===== START
B	ada3d73202ec40a89b17ebb6b9b74657	31aa5fec55274ff2a442bd2fa6334318	2023-01-21 19:22:52	2023-01-07 17:04:59	2023-01-09 10:59:00	350346cfa34843529ed60ab5e9549b50	CC - Chase		Chase CC Payment				n	52349/100	52349/100	1970-01-01 00:00:00
B	ada3d73202ec40a89b17ebb6b9b74657	5912d3059f81408288e896390b75110f	2023-01-21 19:22:52	2023-01-07 17:04:59	2023-01-09 10:59:00	4a13a92aeb7e467c9680564c6e0b936d	BECU - Checking Account - 0494		Chase CC Payment				n	-52349/100	-52349/100	1970-01-01 00:00:00
===== END
===== START
C	ada3d73202ec40a89b17ebb6b9b74657	31aa5fec55274ff2a442bd2fa6334318	2023-01-21 19:22:52	2023-01-07 17:04:59	2023-01-09 10:59:00	350346cfa34843529ed60ab5e9549b50	CC - Chase		Chase CC Payment				c	52349/100	52349/100	1970-01-01 00:00:00
C	ada3d73202ec40a89b17ebb6b9b74657	5912d3059f81408288e896390b75110f	2023-01-21 19:22:52	2023-01-07 17:04:59	2023-01-09 10:59:00	4a13a92aeb7e467c9680564c6e0b936d	BECU - Checking Account - 0494		Chase CC Payment				n	-52349/100	-52349/100	1970-01-01 00:00:00
===== END
===== START
B	1fd526d5908541438f89005e27655f7e	3107b210afad4a97bd40ee54a89850db	2023-01-21 19:22:53	2023-01-21 19:22:42	2023-01-19 10:59:00	62e9901389884d65b1b3847bc637591e	Restauraunts		South Lake Pizza				n	4078/100	4078/100	1970-01-01 00:00:00
B	1fd526d5908541438f89005e27655f7e	54540d33a02d427f88c72fcd998c2ceb	2023-01-21 19:22:53	2023-01-21 19:22:42	2023-01-19 10:59:00	350346cfa34843529ed60ab5e9549b50	CC - Chase		South Lake Pizza				c	-4078/100	-4078/100	1970-01-01 00:00:00
===== END
===== START
C	1fd526d5908541438f89005e27655f7e	3107b210afad4a97bd40ee54a89850db	2023-01-21 19:22:53	2023-01-21 19:22:42	2023-01-19 10:59:00	62e9901389884d65b1b3847bc637591e	Restauraunts		South Lake Pizza				n	4078/100	4078/100	1970-01-01 00:00:00
C	1fd526d5908541438f89005e27655f7e	54540d33a02d427f88c72fcd998c2ceb	2023-01-21 19:22:53	2023-01-21 19:22:42	2023-01-19 10:59:00	350346cfa34843529ed60ab5e9549b50	CC - Chase		South Lake Pizza				n	-4078/100	-4078/100	1970-01-01 00:00:00
===== END
===== START
B	05584674498b464b9dc321db856f7ff0	40d06c180f414eaf977d5260fcb51104	2023-01-21 19:22:54	2023-01-07 18:08:14	2023-01-03 10:59:00	d3450def98174d09a27e295013d36f5f	Fuel		Costco Gas				n	6718/100	6718/100	1970-01-01 00:00:00
B	05584674498b464b9dc321db856f7ff0	cf30f1014c5845e384eea48105bcdd25	2023-01-21 19:22:54	2023-01-07 18:08:14	2023-01-03 10:59:00	350346cfa34843529ed60ab5e9549b50	CC - Chase		Costco Gas				n	-6718/100	-6718/100	1970-01-01 00:00:00
===== END
===== START
C	05584674498b464b9dc321db856f7ff0	40d06c180f414eaf977d5260fcb51104	2023-01-21 19:22:54	2023-01-07 18:08:14	2023-01-03 10:59:00	d3450def98174d09a27e295013d36f5f	Fuel		Costco Gas				n	6718/100	6718/100	1970-01-01 00:00:00
C	05584674498b464b9dc321db856f7ff0	cf30f1014c5845e384eea48105bcdd25	2023-01-21 19:22:54	2023-01-07 18:08:14	2023-01-03 10:59:00	350346cfa34843529ed60ab5e9549b50	CC - Chase		Costco Gas				c	-6718/100	-6718/100	1970-01-01 00:00:00
===== END
===== START
B	3487db6943ce4794938910154e170d9b	0c439a5ce255483abd5bd2b18b5f44f9	2023-01-21 19:22:59	2023-01-07 17:40:32	2023-01-03 10:59:00	350346cfa34843529ed60ab5e9549b50	CC - Chase		Chase CC Payment (12/31 on chase)				n	67832/100	67832/100	1970-01-01 00:00:00
B	3487db6943ce4794938910154e170d9b	b6062d49dd4a4c1eb9c7ba899ed51b6b	2023-01-21 19:22:59	2023-01-07 17:40:32	2023-01-03 10:59:00	4a13a92aeb7e467c9680564c6e0b936d	BECU - Checking Account - 0494		Chase CC Payment (12/31 on chase)				n	-67832/100	-67832/100	1970-01-01 00:00:00
===== END
===== START
C	3487db6943ce4794938910154e170d9b	0c439a5ce255483abd5bd2b18b5f44f9	2023-01-21 19:22:59	2023-01-07 17:40:32	2023-01-03 10:59:00	350346cfa34843529ed60ab5e9549b50	CC - Chase		Chase CC Payment (12/31 on chase)				c	67832/100	67832/100	1970-01-01 00:00:00
C	3487db6943ce4794938910154e170d9b	b6062d49dd4a4c1eb9c7ba899ed51b6b	2023-01-21 19:22:59	2023-01-07 17:40:32	2023-01-03 10:59:00	4a13a92aeb7e467c9680564c6e0b936d	BECU - Checking Account - 0494		Chase CC Payment (12/31 on chase)				n	-67832/100	-67832/100	1970-01-01 00:00:00
===== END
===== START
B	26325ee91f7a48cc841d22341ca94d51	dd8d5f9785d548ce89a14b626a25f451	2023-01-21 19:23:01	2023-01-07 18:07:58	2023-01-02 10:59:00	c5858ef77d29454dad7644482a92c632	Miscellaneous		Amazon				n	1743/100	1743/100	1970-01-01 00:00:00
B	26325ee91f7a48cc841d22341ca94d51	e7d5201699494ed99eb7bef430c42b17	2023-01-21 19:23:01	2023-01-07 18:07:58	2023-01-02 10:59:00	350346cfa34843529ed60ab5e9549b50	CC - Chase		Amazon				n	-1743/100	-1743/100	1970-01-01 00:00:00
===== END
===== START
C	26325ee91f7a48cc841d22341ca94d51	dd8d5f9785d548ce89a14b626a25f451	2023-01-21 19:23:01	2023-01-07 18:07:58	2023-01-02 10:59:00	c5858ef77d29454dad7644482a92c632	Miscellaneous		Amazon				n	1743/100	1743/100	1970-01-01 00:00:00
C	26325ee91f7a48cc841d22341ca94d51	e7d5201699494ed99eb7bef430c42b17	2023-01-21 19:23:01	2023-01-07 18:07:58	2023-01-02 10:59:00	350346cfa34843529ed60ab5e9549b50	CC - Chase		Amazon				c	-1743/100	-1743/100	1970-01-01 00:00:00
===== END
===== START
B	6bf3a823478641dd891c47e97b45152b	49730b80a37b441caf44574e3ca40744	2023-01-21 19:23:03	2023-01-07 18:07:50	2023-01-02 10:59:00	62e9901389884d65b1b3847bc637591e	Restauraunts		South Lake Pizza				n	10856/100	10856/100	1970-01-01 00:00:00
B	6bf3a823478641dd891c47e97b45152b	fa6e1913fe2940089c1a5dbf9d6ca9bd	2023-01-21 19:23:03	2023-01-07 18:07:50	2023-01-02 10:59:00	350346cfa34843529ed60ab5e9549b50	CC - Chase		South Lake Pizza				n	-10856/100	-10856/100	1970-01-01 00:00:00
===== END
===== START
C	6bf3a823478641dd891c47e97b45152b	49730b80a37b441caf44574e3ca40744	2023-01-21 19:23:03	2023-01-07 18:07:50	2023-01-02 10:59:00	62e9901389884d65b1b3847bc637591e	Restauraunts		South Lake Pizza				n	10856/100	10856/100	1970-01-01 00:00:00
C	6bf3a823478641dd891c47e97b45152b	fa6e1913fe2940089c1a5dbf9d6ca9bd	2023-01-21 19:23:03	2023-01-07 18:07:50	2023-01-02 10:59:00	350346cfa34843529ed60ab5e9549b50	CC - Chase		South Lake Pizza				c	-10856/100	-10856/100	1970-01-01 00:00:00
===== END
===== START
C	b50cb42b5a1442e1a34a6ce39d3db8c9	619bc46b5a3544f9b55efedf2c313957	2023-01-21 19:23:32	2023-01-21 19:23:32	2023-01-19 10:59:00	c5858ef77d29454dad7644482a92c632	Miscellaneous		Amazon				n	5672/100	5672/100	1970-01-01 00:00:00
C	b50cb42b5a1442e1a34a6ce39d3db8c9	4cd47f5789ad48f587c80188bc9440a7	2023-01-21 19:23:32	2023-01-21 19:23:32	2023-01-19 10:59:00	350346cfa34843529ed60ab5e9549b50	CC - Chase		Amazon				n	-5672/100	-5672/100	1970-01-01 00:00:00
===== END
===== START
===== END
===== START
C	702dbf580eb74dccb813001787754045	dbd6e9b0fb434ca0ad32d772b05539da	2023-01-21 19:23:42	2023-01-21 19:23:42	2023-01-18 10:59:00	c5858ef77d29454dad7644482a92c632	Miscellaneous		Amazon				n	4797/100	4797/100	1970-01-01 00:00:00
C	702dbf580eb74dccb813001787754045	7aeb36d2ec914f9b998b129bd13522e4	2023-01-21 19:23:42	2023-01-21 19:23:42	2023-01-18 10:59:00	350346cfa34843529ed60ab5e9549b50	CC - Chase		Amazon				n	-4797/100	-4797/100	1970-01-01 00:00:00
===== END
===== START
===== END
===== START
C	fa2f298557da4004a154abb78c868e92	4eab84713c40456d900fb19ea08fb255	2023-01-21 19:23:58	2023-01-21 19:23:58	2023-01-19 10:59:00	c5858ef77d29454dad7644482a92c632	Miscellaneous		Amazon				n	872/100	872/100	1970-01-01 00:00:00
C	fa2f298557da4004a154abb78c868e92	d3dd90c251f64177be5f22f92a39955c	2023-01-21 19:23:58	2023-01-21 19:23:58	2023-01-19 10:59:00	350346cfa34843529ed60ab5e9549b50	CC - Chase		Amazon				c	-872/100	-872/100	1970-01-01 00:00:00
===== END
===== START
===== END
===== START
C	1ed5a408f9ef4e1c8c7a2ed1c1dabd56	071be31a7af14b81b89d56dc34a86a15	2023-01-21 19:24:10	2023-01-21 19:24:10	2023-01-19 10:59:00	c5858ef77d29454dad7644482a92c632	Miscellaneous		Amazon				n	1281/100	1281/100	1970-01-01 00:00:00
C	1ed5a408f9ef4e1c8c7a2ed1c1dabd56	193ba3f70b6643a1ac30502352db35ef	2023-01-21 19:24:10	2023-01-21 19:24:10	2023-01-19 10:59:00	350346cfa34843529ed60ab5e9549b50	CC - Chase		Amazon				c	-1281/100	-1281/100	1970-01-01 00:00:00
===== END
===== START
===== END
===== START
C	4275a2d894274807933204c89d40b823	918ee99c6cfb41159ae3674cca0f34ab	2023-01-21 19:26:13	2023-01-21 19:26:13	2023-01-18 10:59:00	c5858ef77d29454dad7644482a92c632	Miscellaneous		Amazon				n	2790/100	2790/100	1970-01-01 00:00:00
C	4275a2d894274807933204c89d40b823	04ecd565447140ef844c315bcd26c1e2	2023-01-21 19:26:13	2023-01-21 19:26:13	2023-01-18 10:59:00	350346cfa34843529ed60ab5e9549b50	CC - Chase		Amazon				n	-2790/100	-2790/100	1970-01-01 00:00:00
===== END
===== START
===== END
