mod	trans_guid	split_guid	time_now	date_entered	date_posted	acc_guid	acc_name	num	description	notes	memo	action	reconciled	amount	value	date_reconciled
-----------------
===== START
B	762835aa2fbf45a9bcd7ddc3fbcb86ea	2a418a5bb2c54bf7964a45f94e43d338	2023-01-21 18:32:34	2022-12-28 16:04:46	2022-12-28 10:59:00	32f5fe9392574e3195b97a66da882e8d	ff3fdf6bb3a3441a9ad3319eb33cec3a		mortgage	monthly mortgage	mortgage		n	0/1	0/100	1970-01-01 00:00:00
B	762835aa2fbf45a9bcd7ddc3fbcb86ea	a802754c30a54668b9f83ba0a54c4c2b	2023-01-21 18:32:34	2022-12-28 16:04:46	2022-12-28 10:59:00	32f5fe9392574e3195b97a66da882e8d	ff3fdf6bb3a3441a9ad3319eb33cec3a		mortgage	monthly mortgage	mortgage		n	0/1	0/100	1970-01-01 00:00:00
===== END
===== START
R	762835aa2fbf45a9bcd7ddc3fbcb86ea	2a418a5bb2c54bf7964a45f94e43d338	2023-01-21 18:32:34	2022-12-28 16:04:46	2022-12-28 10:59:00	32f5fe9392574e3195b97a66da882e8d	ff3fdf6bb3a3441a9ad3319eb33cec3a		mortgage	monthly mortgage	mortgage		n	0/1	0/100	1970-01-01 00:00:00
R	762835aa2fbf45a9bcd7ddc3fbcb86ea	a802754c30a54668b9f83ba0a54c4c2b	2023-01-21 18:32:34	2022-12-28 16:04:46	2022-12-28 10:59:00	32f5fe9392574e3195b97a66da882e8d	ff3fdf6bb3a3441a9ad3319eb33cec3a		mortgage	monthly mortgage	mortgage		n	0/1	0/100	1970-01-01 00:00:00
===== END
===== START
B	762835aa2fbf45a9bcd7ddc3fbcb86ea	2a418a5bb2c54bf7964a45f94e43d338	2023-01-21 18:32:34	2022-12-28 16:04:46	2022-12-28 10:59:00	32f5fe9392574e3195b97a66da882e8d	ff3fdf6bb3a3441a9ad3319eb33cec3a		mortgage	monthly mortgage	mortgage		n	0/1	0/100	1970-01-01 00:00:00
B	762835aa2fbf45a9bcd7ddc3fbcb86ea	a802754c30a54668b9f83ba0a54c4c2b	2023-01-21 18:32:34	2022-12-28 16:04:46	2022-12-28 10:59:00	32f5fe9392574e3195b97a66da882e8d	ff3fdf6bb3a3441a9ad3319eb33cec3a		mortgage	monthly mortgage	mortgage		n	0/1	0/100	1970-01-01 00:00:00
===== END
===== START
R	762835aa2fbf45a9bcd7ddc3fbcb86ea	2a418a5bb2c54bf7964a45f94e43d338	2023-01-21 18:32:34	2022-12-28 16:04:46	2022-12-28 10:59:00	32f5fe9392574e3195b97a66da882e8d	ff3fdf6bb3a3441a9ad3319eb33cec3a		mortgage	monthly mortgage	mortgage		n	0/1	0/100	1970-01-01 00:00:00
R	762835aa2fbf45a9bcd7ddc3fbcb86ea	a802754c30a54668b9f83ba0a54c4c2b	2023-01-21 18:32:34	2022-12-28 16:04:46	2022-12-28 10:59:00	32f5fe9392574e3195b97a66da882e8d	ff3fdf6bb3a3441a9ad3319eb33cec3a		mortgage	monthly mortgage	mortgage		n	0/1	0/100	1970-01-01 00:00:00
===== END
===== START
===== END
===== START
C	711022fad17148cfb99d0a0a1faf5ae4	2a382bddc3be4d988c5d2eb9e9acf32a	2023-01-21 18:34:03	2023-01-21 18:34:03	2023-01-10 10:59:00	83ca48ab7f924e41afdf06a0fe2bec73	BECU - Bill Pay -  1083		Trustmark Long Term Care Insurance				n	-4137/100	-4137/100	1970-01-01 00:00:00
C	711022fad17148cfb99d0a0a1faf5ae4	ae6dabb477524966832e6ee238d61d5c	2023-01-21 18:34:03	2023-01-21 18:34:03	2023-01-10 10:59:00	90d42383e3f649399c2979ec5cd4ad36	Long Term Care		Trustmark Long Term Care Insurance				n	4137/100	4137/100	1970-01-01 00:00:00
===== END
===== START
===== END
===== START
C	b20e4279ff9b492498effe8df441a1b3	d85af11e377745d1a49ce5f7b845dbfc	2023-01-21 18:34:22	2023-01-21 18:34:22	2023-01-20 10:59:00	83ca48ab7f924e41afdf06a0fe2bec73	BECU - Bill Pay -  1083		Mortgage				n	-216297/100	-216297/100	1970-01-01 00:00:00
C	b20e4279ff9b492498effe8df441a1b3	0bbb09e3d67a48bd9d12072d89c3f345	2023-01-21 18:34:22	2023-01-21 18:34:22	2023-01-20 10:59:00	ddd0a9bb979f4e719ea6e6c7e74e3aa8	Mortgage		Mortgage				n	216297/100	216297/100	1970-01-01 00:00:00
===== END
===== START
===== END
===== START
C	038b5a2cf0564f179b4b960ddaecb109	ef777e7802bf4a8d965e561cb2d4b1b0	2023-01-21 18:34:42	2023-01-21 18:34:42	2023-01-20 10:59:00	83ca48ab7f924e41afdf06a0fe2bec73	BECU - Bill Pay -  1083		Interest				n	14/100	14/100	1970-01-01 00:00:00
C	038b5a2cf0564f179b4b960ddaecb109	963f56fbde2747a59e5b1d608a68e9a4	2023-01-21 18:34:42	2023-01-21 18:34:42	2023-01-20 10:59:00	04584277cae14872b6403674e3d84e74	Interest Income		Interest				n	-14/100	-14/100	1970-01-01 00:00:00
===== END
===== START
===== END
