mod	trans_guid	split_guid	time_now	date_entered	date_posted	acc_guid	acc_name	num	description	notes	memo	action	reconciled	amount	value	date_reconciled
-----------------
===== START
C	4a88dd25139447d3a065fd4fd448f197	ebb8ec777f614a3f8ed42e3af3bd9a1b	2023-01-21 19:26:32	2023-01-21 19:26:32	2023-01-18 10:59:00	c5858ef77d29454dad7644482a92c632	Miscellaneous		Amazon				n	3727/100	3727/100	1970-01-01 00:00:00
C	4a88dd25139447d3a065fd4fd448f197	cc393d5162574dafbf34290e9c4327c3	2023-01-21 19:26:32	2023-01-21 19:26:32	2023-01-18 10:59:00	350346cfa34843529ed60ab5e9549b50	CC - Chase		Amazon				n	-3727/100	-3727/100	1970-01-01 00:00:00
===== END
===== START
===== END
===== START
C	6f765aa1e6ce486a8c0fe4f5491d8fdb	61219ecc96f84690a5d0cc6fe1b72f62	2023-01-21 19:26:35	2023-01-21 19:26:35	2023-01-18 10:59:00	c5858ef77d29454dad7644482a92c632	Miscellaneous		Amazon				n	1526/100	1526/100	1970-01-01 00:00:00
C	6f765aa1e6ce486a8c0fe4f5491d8fdb	482146607c9445769b33cedb9ef1ee75	2023-01-21 19:26:35	2023-01-21 19:26:35	2023-01-18 10:59:00	350346cfa34843529ed60ab5e9549b50	CC - Chase		Amazon				n	-1526/100	-1526/100	1970-01-01 00:00:00
===== END
===== START
===== END
===== START
C	b97a15a6cb764093b7ccaa0d50135a94	34fc2b3715384f199c64bf8bca557f09	2023-01-21 19:26:41	2023-01-21 19:26:41	2023-01-18 10:59:00	c5858ef77d29454dad7644482a92c632	Miscellaneous		Amazon				n	2435/100	2435/100	1970-01-01 00:00:00
C	b97a15a6cb764093b7ccaa0d50135a94	3519426fe59c44418ec29ce5b847de61	2023-01-21 19:26:41	2023-01-21 19:26:41	2023-01-18 10:59:00	350346cfa34843529ed60ab5e9549b50	CC - Chase		Amazon				n	-2435/100	-2435/100	1970-01-01 00:00:00
===== END
===== START
===== END
===== START
C	c09fa253fe444879aab4cf8e1e9fbe56	4354cb87cfd842f68a51b685e4fc163b	2023-01-21 19:26:50	2023-01-21 19:26:50	2023-01-18 10:59:00	c5858ef77d29454dad7644482a92c632	Miscellaneous		Amazon				n	1110/100	1110/100	1970-01-01 00:00:00
C	c09fa253fe444879aab4cf8e1e9fbe56	0db3f24a2409479f95af11ba91dfe595	2023-01-21 19:26:50	2023-01-21 19:26:50	2023-01-18 10:59:00	350346cfa34843529ed60ab5e9549b50	CC - Chase		Amazon				n	-1110/100	-1110/100	1970-01-01 00:00:00
===== END
===== START
===== END
===== START
B	702dbf580eb74dccb813001787754045	dbd6e9b0fb434ca0ad32d772b05539da	2023-01-21 19:26:57	2023-01-21 19:23:42	2023-01-18 10:59:00	c5858ef77d29454dad7644482a92c632	Miscellaneous		Amazon				n	4797/100	4797/100	1970-01-01 00:00:00
B	702dbf580eb74dccb813001787754045	7aeb36d2ec914f9b998b129bd13522e4	2023-01-21 19:26:57	2023-01-21 19:23:42	2023-01-18 10:59:00	350346cfa34843529ed60ab5e9549b50	CC - Chase		Amazon				n	-4797/100	-4797/100	1970-01-01 00:00:00
===== END
===== START
C	702dbf580eb74dccb813001787754045	dbd6e9b0fb434ca0ad32d772b05539da	2023-01-21 19:26:57	2023-01-21 19:23:42	2023-01-18 10:59:00	c5858ef77d29454dad7644482a92c632	Miscellaneous		Amazon				n	4797/100	4797/100	1970-01-01 00:00:00
C	702dbf580eb74dccb813001787754045	7aeb36d2ec914f9b998b129bd13522e4	2023-01-21 19:26:57	2023-01-21 19:23:42	2023-01-18 10:59:00	350346cfa34843529ed60ab5e9549b50	CC - Chase		Amazon				c	-4797/100	-4797/100	1970-01-01 00:00:00
===== END
===== START
B	4275a2d894274807933204c89d40b823	918ee99c6cfb41159ae3674cca0f34ab	2023-01-21 19:26:58	2023-01-21 19:26:13	2023-01-18 10:59:00	c5858ef77d29454dad7644482a92c632	Miscellaneous		Amazon				n	2790/100	2790/100	1970-01-01 00:00:00
B	4275a2d894274807933204c89d40b823	04ecd565447140ef844c315bcd26c1e2	2023-01-21 19:26:58	2023-01-21 19:26:13	2023-01-18 10:59:00	350346cfa34843529ed60ab5e9549b50	CC - Chase		Amazon				n	-2790/100	-2790/100	1970-01-01 00:00:00
===== END
===== START
C	4275a2d894274807933204c89d40b823	918ee99c6cfb41159ae3674cca0f34ab	2023-01-21 19:26:58	2023-01-21 19:26:13	2023-01-18 10:59:00	c5858ef77d29454dad7644482a92c632	Miscellaneous		Amazon				n	2790/100	2790/100	1970-01-01 00:00:00
C	4275a2d894274807933204c89d40b823	04ecd565447140ef844c315bcd26c1e2	2023-01-21 19:26:58	2023-01-21 19:26:13	2023-01-18 10:59:00	350346cfa34843529ed60ab5e9549b50	CC - Chase		Amazon				c	-2790/100	-2790/100	1970-01-01 00:00:00
===== END
===== START
B	4a88dd25139447d3a065fd4fd448f197	ebb8ec777f614a3f8ed42e3af3bd9a1b	2023-01-21 19:26:59	2023-01-21 19:26:32	2023-01-18 10:59:00	c5858ef77d29454dad7644482a92c632	Miscellaneous		Amazon				n	3727/100	3727/100	1970-01-01 00:00:00
B	4a88dd25139447d3a065fd4fd448f197	cc393d5162574dafbf34290e9c4327c3	2023-01-21 19:26:59	2023-01-21 19:26:32	2023-01-18 10:59:00	350346cfa34843529ed60ab5e9549b50	CC - Chase		Amazon				n	-3727/100	-3727/100	1970-01-01 00:00:00
===== END
===== START
C	4a88dd25139447d3a065fd4fd448f197	ebb8ec777f614a3f8ed42e3af3bd9a1b	2023-01-21 19:26:59	2023-01-21 19:26:32	2023-01-18 10:59:00	c5858ef77d29454dad7644482a92c632	Miscellaneous		Amazon				n	3727/100	3727/100	1970-01-01 00:00:00
C	4a88dd25139447d3a065fd4fd448f197	cc393d5162574dafbf34290e9c4327c3	2023-01-21 19:26:59	2023-01-21 19:26:32	2023-01-18 10:59:00	350346cfa34843529ed60ab5e9549b50	CC - Chase		Amazon				c	-3727/100	-3727/100	1970-01-01 00:00:00
===== END
===== START
B	6f765aa1e6ce486a8c0fe4f5491d8fdb	61219ecc96f84690a5d0cc6fe1b72f62	2023-01-21 19:27:01	2023-01-21 19:26:35	2023-01-18 10:59:00	c5858ef77d29454dad7644482a92c632	Miscellaneous		Amazon				n	1526/100	1526/100	1970-01-01 00:00:00
B	6f765aa1e6ce486a8c0fe4f5491d8fdb	482146607c9445769b33cedb9ef1ee75	2023-01-21 19:27:01	2023-01-21 19:26:35	2023-01-18 10:59:00	350346cfa34843529ed60ab5e9549b50	CC - Chase		Amazon				n	-1526/100	-1526/100	1970-01-01 00:00:00
===== END
===== START
C	6f765aa1e6ce486a8c0fe4f5491d8fdb	61219ecc96f84690a5d0cc6fe1b72f62	2023-01-21 19:27:01	2023-01-21 19:26:35	2023-01-18 10:59:00	c5858ef77d29454dad7644482a92c632	Miscellaneous		Amazon				n	1526/100	1526/100	1970-01-01 00:00:00
C	6f765aa1e6ce486a8c0fe4f5491d8fdb	482146607c9445769b33cedb9ef1ee75	2023-01-21 19:27:01	2023-01-21 19:26:35	2023-01-18 10:59:00	350346cfa34843529ed60ab5e9549b50	CC - Chase		Amazon				c	-1526/100	-1526/100	1970-01-01 00:00:00
===== END
===== START
B	b97a15a6cb764093b7ccaa0d50135a94	34fc2b3715384f199c64bf8bca557f09	2023-01-21 19:27:02	2023-01-21 19:26:41	2023-01-18 10:59:00	c5858ef77d29454dad7644482a92c632	Miscellaneous		Amazon				n	2435/100	2435/100	1970-01-01 00:00:00
B	b97a15a6cb764093b7ccaa0d50135a94	3519426fe59c44418ec29ce5b847de61	2023-01-21 19:27:02	2023-01-21 19:26:41	2023-01-18 10:59:00	350346cfa34843529ed60ab5e9549b50	CC - Chase		Amazon				n	-2435/100	-2435/100	1970-01-01 00:00:00
===== END
===== START
C	b97a15a6cb764093b7ccaa0d50135a94	34fc2b3715384f199c64bf8bca557f09	2023-01-21 19:27:02	2023-01-21 19:26:41	2023-01-18 10:59:00	c5858ef77d29454dad7644482a92c632	Miscellaneous		Amazon				n	2435/100	2435/100	1970-01-01 00:00:00
C	b97a15a6cb764093b7ccaa0d50135a94	3519426fe59c44418ec29ce5b847de61	2023-01-21 19:27:02	2023-01-21 19:26:41	2023-01-18 10:59:00	350346cfa34843529ed60ab5e9549b50	CC - Chase		Amazon				c	-2435/100	-2435/100	1970-01-01 00:00:00
===== END
===== START
B	c09fa253fe444879aab4cf8e1e9fbe56	4354cb87cfd842f68a51b685e4fc163b	2023-01-21 19:27:10	2023-01-21 19:26:50	2023-01-18 10:59:00	c5858ef77d29454dad7644482a92c632	Miscellaneous		Amazon				n	1110/100	1110/100	1970-01-01 00:00:00
B	c09fa253fe444879aab4cf8e1e9fbe56	0db3f24a2409479f95af11ba91dfe595	2023-01-21 19:27:10	2023-01-21 19:26:50	2023-01-18 10:59:00	350346cfa34843529ed60ab5e9549b50	CC - Chase		Amazon				n	-1110/100	-1110/100	1970-01-01 00:00:00
===== END
===== START
C	c09fa253fe444879aab4cf8e1e9fbe56	4354cb87cfd842f68a51b685e4fc163b	2023-01-21 19:27:10	2023-01-21 19:26:50	2023-01-18 10:59:00	c5858ef77d29454dad7644482a92c632	Miscellaneous		Amazon				n	1110/100	1110/100	1970-01-01 00:00:00
C	c09fa253fe444879aab4cf8e1e9fbe56	0db3f24a2409479f95af11ba91dfe595	2023-01-21 19:27:10	2023-01-21 19:26:50	2023-01-18 10:59:00	350346cfa34843529ed60ab5e9549b50	CC - Chase		Amazon				c	-1110/100	-1110/100	1970-01-01 00:00:00
===== END
===== START
C	04dabc41aae7462eae654e9f34786169	20ea2732f3354dd9a6cf609272853ad0	2023-01-21 19:27:16	2023-01-21 19:27:16	2023-01-18 10:59:00	c5858ef77d29454dad7644482a92c632	Miscellaneous		Amazon				n	4188/100	4188/100	1970-01-01 00:00:00
C	04dabc41aae7462eae654e9f34786169	c88b7447b4194e888b524e6f1ad76ab3	2023-01-21 19:27:16	2023-01-21 19:27:16	2023-01-18 10:59:00	350346cfa34843529ed60ab5e9549b50	CC - Chase		Amazon				c	-4188/100	-4188/100	1970-01-01 00:00:00
===== END
===== START
===== END
===== START
C	7fa2e241a3b3459fb99e8f0d14182cd0	88ba0f5379804bfca76e6f7af6b36609	2023-01-21 19:27:26	2023-01-21 19:27:26	2023-01-18 10:59:00	c5858ef77d29454dad7644482a92c632	Miscellaneous		Amazon				n	788/100	788/100	1970-01-01 00:00:00
C	7fa2e241a3b3459fb99e8f0d14182cd0	1e1b7e89882b4f1c8f0d795074f79f78	2023-01-21 19:27:26	2023-01-21 19:27:26	2023-01-18 10:59:00	350346cfa34843529ed60ab5e9549b50	CC - Chase		Amazon				c	-788/100	-788/100	1970-01-01 00:00:00
===== END
===== START
===== END
===== START
C	7e538d17efe24a81bc6345b81a37860b	7486ab3b028f4cad9dd6a1e034367bdb	2023-01-21 19:27:36	2023-01-21 19:27:36	2023-01-18 10:59:00	c5858ef77d29454dad7644482a92c632	Miscellaneous		Amazon				n	1452/100	1452/100	1970-01-01 00:00:00
C	7e538d17efe24a81bc6345b81a37860b	45621c8b3449486bb75d5993642df8ac	2023-01-21 19:27:36	2023-01-21 19:27:36	2023-01-18 10:59:00	350346cfa34843529ed60ab5e9549b50	CC - Chase		Amazon				c	-1452/100	-1452/100	1970-01-01 00:00:00
===== END
===== START
===== END
===== START
C	f18fa659194342209c892f7deeda9304	629aef74a37c4f2cbfc1dda1756e4fd4	2023-01-21 19:27:46	2023-01-21 19:27:46	2023-01-18 10:59:00	c5858ef77d29454dad7644482a92c632	Miscellaneous		Amazon				n	1341/100	1341/100	1970-01-01 00:00:00
C	f18fa659194342209c892f7deeda9304	e7bf3f7917bd4f7996a4d9da26a08b3d	2023-01-21 19:27:46	2023-01-21 19:27:46	2023-01-18 10:59:00	350346cfa34843529ed60ab5e9549b50	CC - Chase		Amazon				c	-1341/100	-1341/100	1970-01-01 00:00:00
===== END
===== START
===== END
===== START
C	e81f285f568f4c8b92813c9071501c65	9a8f8c05b25f47598a667b8d148c8803	2023-01-21 19:27:57	2023-01-21 19:27:57	2023-01-18 10:59:00	c5858ef77d29454dad7644482a92c632	Miscellaneous		Amazon				n	649/100	649/100	1970-01-01 00:00:00
C	e81f285f568f4c8b92813c9071501c65	7b678d8fdd90479fb333f1520f5501f2	2023-01-21 19:27:57	2023-01-21 19:27:57	2023-01-18 10:59:00	350346cfa34843529ed60ab5e9549b50	CC - Chase		Amazon				c	-649/100	-649/100	1970-01-01 00:00:00
===== END
===== START
===== END
===== START
C	437ee4f723024f4bbfc26e8accb54b8b	9dd298b3b9494cffbaa6f18f3ae818b2	2023-01-21 19:28:12	2023-01-21 19:28:12	2023-01-17 10:59:00	c5858ef77d29454dad7644482a92c632	Miscellaneous		Amazon				n	3665/100	3665/100	1970-01-01 00:00:00
C	437ee4f723024f4bbfc26e8accb54b8b	da5e32f3c1db4b68ba0ffb0d9b906409	2023-01-21 19:28:12	2023-01-21 19:28:12	2023-01-17 10:59:00	350346cfa34843529ed60ab5e9549b50	CC - Chase		Amazon				c	-3665/100	-3665/100	1970-01-01 00:00:00
===== END
===== START
===== END
===== START
C	b1425165da6c47ada274c2825e37f109	12e4808974cc48319fe8a721b67ccd16	2023-01-21 19:28:24	2023-01-21 19:28:24	2023-01-17 10:59:00	c5858ef77d29454dad7644482a92c632	Miscellaneous		Amazon				n	2399/100	2399/100	1970-01-01 00:00:00
C	b1425165da6c47ada274c2825e37f109	1668be00a76b4b10b8101b1f5cd59694	2023-01-21 19:28:24	2023-01-21 19:28:24	2023-01-17 10:59:00	350346cfa34843529ed60ab5e9549b50	CC - Chase		Amazon				c	-2399/100	-2399/100	1970-01-01 00:00:00
===== END
===== START
===== END
===== START
C	1a3615ecd82e4e57b9bdbdcebfe0d7c5	90fe57a3a8024632a091a72b889d355f	2023-01-21 19:28:33	2023-01-21 19:28:33	2023-01-17 10:59:00	c5858ef77d29454dad7644482a92c632	Miscellaneous		Amazon				n	2790/100	2790/100	1970-01-01 00:00:00
C	1a3615ecd82e4e57b9bdbdcebfe0d7c5	5d9310f69da24362b4f5e88eefc37ea2	2023-01-21 19:28:33	2023-01-21 19:28:33	2023-01-17 10:59:00	350346cfa34843529ed60ab5e9549b50	CC - Chase		Amazon				c	-2790/100	-2790/100	1970-01-01 00:00:00
===== END
===== START
===== END
===== START
C	4fe17c41cadf4603a5a788fae55c3cb9	98c7d05a18534d76893bd901dba1ccf8	2023-01-21 19:28:42	2023-01-21 19:28:42	2023-01-17 10:59:00	c5858ef77d29454dad7644482a92c632	Miscellaneous		Amazon				n	1257/100	1257/100	1970-01-01 00:00:00
C	4fe17c41cadf4603a5a788fae55c3cb9	5272e96144e143e39766495f5a02adee	2023-01-21 19:28:42	2023-01-21 19:28:42	2023-01-17 10:59:00	350346cfa34843529ed60ab5e9549b50	CC - Chase		Amazon				c	-1257/100	-1257/100	1970-01-01 00:00:00
===== END
===== START
===== END
===== START
C	269ccfea8107496abceff3f8026602c8	c052098c1b38491a9e61ff6c70b64a8c	2023-01-21 19:29:28	2023-01-21 19:29:28	2023-01-17 10:59:00	350346cfa34843529ed60ab5e9549b50	CC - Chase		YMCA - kids swim				n	-5200/100	-5200/100	1970-01-01 00:00:00
C	269ccfea8107496abceff3f8026602c8	d6bd8adc8bd841da8de9ab340ca02fe2	2023-01-21 19:29:28	2023-01-21 19:29:28	2023-01-17 10:59:00	183ccf190b654a8d97cd3cb984ab82ec	Education		YMCA - kids swim				n	5200/100	5200/100	1970-01-01 00:00:00
===== END
===== START
===== END
===== START
C	71f38b8bcf254b54b83029a74f287833	37a8e2a87640481da8390c7b2557a376	2023-01-21 19:29:33	2023-01-21 19:29:33	2023-01-17 10:59:00	183ccf190b654a8d97cd3cb984ab82ec	Education		YMCA - kids swim				n	5200/100	5200/100	1970-01-01 00:00:00
C	71f38b8bcf254b54b83029a74f287833	728d40fb66d94796a2c8c0041a6c99a1	2023-01-21 19:29:33	2023-01-21 19:29:33	2023-01-17 10:59:00	350346cfa34843529ed60ab5e9549b50	CC - Chase		YMCA - kids swim				n	-5200/100	-5200/100	1970-01-01 00:00:00
===== END
===== START
===== END
===== START
C	fedc15fc9daa41219cf1433ce82b571c	dacbd52083d944b0a097da36f23019ab	2023-01-21 19:29:46	2023-01-21 19:29:46	2023-01-13 10:59:00	c5858ef77d29454dad7644482a92c632	Miscellaneous		Amazon				n	2004/100	2004/100	1970-01-01 00:00:00
C	fedc15fc9daa41219cf1433ce82b571c	905bfc3b79c640bf888126d69aa73767	2023-01-21 19:29:46	2023-01-21 19:29:46	2023-01-13 10:59:00	350346cfa34843529ed60ab5e9549b50	CC - Chase		Amazon				c	-2004/100	-2004/100	1970-01-01 00:00:00
===== END
===== START
===== END
===== START
C	f9dde61371d941429130003f8c25130d	130fcea978b246af8e3349798954ab9b	2023-01-21 19:29:59	2023-01-21 19:29:59	2023-01-12 10:59:00	c5858ef77d29454dad7644482a92c632	Miscellaneous		Amazon				n	1897/100	1897/100	1970-01-01 00:00:00
C	f9dde61371d941429130003f8c25130d	0eaa649ba7594e6bb7fe71713a062ed2	2023-01-21 19:29:59	2023-01-21 19:29:59	2023-01-12 10:59:00	350346cfa34843529ed60ab5e9549b50	CC - Chase		Amazon				c	-1897/100	-1897/100	1970-01-01 00:00:00
===== END
===== START
===== END
===== START
C	c8acbf7d6c0441058e14da1a1d0485e6	6dca645862ad459ebd4760b0c5b68f24	2023-01-21 19:30:20	2023-01-21 19:30:20	2023-01-11 10:59:00	c5858ef77d29454dad7644482a92c632	Miscellaneous		Amazon				n	4250/100	4250/100	1970-01-01 00:00:00
C	c8acbf7d6c0441058e14da1a1d0485e6	2c5d141c12784965b3982ae491cf15e5	2023-01-21 19:30:20	2023-01-21 19:30:20	2023-01-11 10:59:00	350346cfa34843529ed60ab5e9549b50	CC - Chase		Amazon				c	-4250/100	-4250/100	1970-01-01 00:00:00
===== END
===== START
===== END
===== START
C	51e7cf5a35ab43728fbfd853d1dadbf7	5ed70b019ba44bd2a0d361e8b6007637	2023-01-21 19:30:26	2023-01-21 19:30:26	2023-01-11 10:59:00	c5858ef77d29454dad7644482a92c632	Miscellaneous		Amazon				n	204/100	204/100	1970-01-01 00:00:00
C	51e7cf5a35ab43728fbfd853d1dadbf7	09c4f71c613c4b3a9be4d064476e1606	2023-01-21 19:30:26	2023-01-21 19:30:26	2023-01-11 10:59:00	350346cfa34843529ed60ab5e9549b50	CC - Chase		Amazon				c	-204/100	-204/100	1970-01-01 00:00:00
===== END
===== START
===== END
===== START
C	5ebda8bc33c645c9b4820d517880b7d3	8c129cb4619d4c74828f0eb022e3f08f	2023-01-21 19:30:35	2023-01-21 19:30:35	2023-01-11 10:59:00	c5858ef77d29454dad7644482a92c632	Miscellaneous		Amazon				n	1308/100	1308/100	1970-01-01 00:00:00
C	5ebda8bc33c645c9b4820d517880b7d3	4053437466db45c196281436bafad1cd	2023-01-21 19:30:35	2023-01-21 19:30:35	2023-01-11 10:59:00	350346cfa34843529ed60ab5e9549b50	CC - Chase		Amazon				c	-1308/100	-1308/100	1970-01-01 00:00:00
===== END
===== START
===== END
===== START
C	f7aa4351b45a433a882d712280e4ad54	df987dd70c8c40fb95c5af34692335b7	2023-01-21 19:30:44	2023-01-21 19:30:44	2023-01-11 10:59:00	c5858ef77d29454dad7644482a92c632	Miscellaneous		Amazon				n	2706/100	2706/100	1970-01-01 00:00:00
C	f7aa4351b45a433a882d712280e4ad54	411479f62b5249c8a6325fa0f53bd333	2023-01-21 19:30:44	2023-01-21 19:30:44	2023-01-11 10:59:00	350346cfa34843529ed60ab5e9549b50	CC - Chase		Amazon				c	-2706/100	-2706/100	1970-01-01 00:00:00
===== END
===== START
===== END
===== START
C	1e17063c8d1648749a9b710485f8e24c	1fbba5ed28934c1c8297a89987b09b09	2023-01-21 19:30:52	2023-01-21 19:30:52	2023-01-11 10:59:00	c5858ef77d29454dad7644482a92c632	Miscellaneous		Amazon				n	1417/100	1417/100	1970-01-01 00:00:00
C	1e17063c8d1648749a9b710485f8e24c	2662d8ab9def4828a297b90f1b61354d	2023-01-21 19:30:52	2023-01-21 19:30:52	2023-01-11 10:59:00	350346cfa34843529ed60ab5e9549b50	CC - Chase		Amazon				c	-1417/100	-1417/100	1970-01-01 00:00:00
===== END
===== START
===== END
===== START
C	0b988c1bcf1640ffa1ab8b099601aa45	f167d2a1ac1b4a0b9fc8ffbbc5c5ea92	2023-01-21 19:31:01	2023-01-21 19:31:01	2023-01-11 10:59:00	c5858ef77d29454dad7644482a92c632	Miscellaneous		Amazon				n	4363/100	4363/100	1970-01-01 00:00:00
C	0b988c1bcf1640ffa1ab8b099601aa45	02cb7b0388f744a8b1e284563f9b2bf2	2023-01-21 19:31:01	2023-01-21 19:31:01	2023-01-11 10:59:00	350346cfa34843529ed60ab5e9549b50	CC - Chase		Amazon				c	-4363/100	-4363/100	1970-01-01 00:00:00
===== END
===== START
===== END
===== START
C	df6ae002c7234e73bfc29404296adeb2	9b0f085f27ec4d4d988ebe529d90edb4	2023-01-21 19:31:10	2023-01-21 19:31:10	2023-01-11 10:59:00	c5858ef77d29454dad7644482a92c632	Miscellaneous		Amazon				n	2454/100	2454/100	1970-01-01 00:00:00
C	df6ae002c7234e73bfc29404296adeb2	caad69dea07c43e280dffd6c36069832	2023-01-21 19:31:10	2023-01-21 19:31:10	2023-01-11 10:59:00	350346cfa34843529ed60ab5e9549b50	CC - Chase		Amazon				c	-2454/100	-2454/100	1970-01-01 00:00:00
===== END
===== START
===== END
===== START
C	854a027b62de4ed6a483a7d6ad570d89	2819722f96064a4c89fad4af01b4612f	2023-01-21 19:31:33	2023-01-21 19:31:33	2023-01-10 10:59:00	c5858ef77d29454dad7644482a92c632	Miscellaneous		Amazon				n	743/100	743/100	1970-01-01 00:00:00
C	854a027b62de4ed6a483a7d6ad570d89	9ad9fae0631f464ba3b264f61c08fdd4	2023-01-21 19:31:33	2023-01-21 19:31:33	2023-01-10 10:59:00	350346cfa34843529ed60ab5e9549b50	CC - Chase		Amazon				c	-743/100	-743/100	1970-01-01 00:00:00
===== END
===== START
===== END
