mod	trans_guid	split_guid	time_now	date_entered	date_posted	acc_guid	acc_name	num	description	notes	memo	action	reconciled	amount	value	date_reconciled
-----------------
===== START
D	a073bef6798e4217b34144e4daff0fbe	bdaa05b594794c43a6c4a0d0b4bb1d5e	2022-12-17 17:41:56	2022-12-17 17:41:56	2022-12-17 10:59:00								n	0/1	0/100	1970-01-01 00:00:00
===== END
===== START
===== END
===== START
D	17bea93b058244688bb4ee323aff162d	769016892cdb4b45a250a7e9bb41529b	2022-12-17 17:42:13	2022-12-17 17:42:13	2022-12-17 10:59:00								n	0/1	0/100	1970-01-01 00:00:00
===== END
===== START
===== END
===== START
C	d765d8fbd4d84c348c2e412cea8cbc82	f69a804d5213458ca5f609f1654d7b32	2022-12-17 17:42:41	2022-12-17 17:42:41	2022-12-17 10:59:00	30b1db52875e46c88f389dccbb4e213d	Savings_Long Term		Initial Balance				n	757262/100	757262/100	1970-01-01 00:00:00
C	d765d8fbd4d84c348c2e412cea8cbc82	4817b8ae2e654158afceec5b599417e5	2022-12-17 17:42:41	2022-12-17 17:42:41	2022-12-17 10:59:00	376c7deebed942dcb52efec4cf17a663	Other Income		Initial Balance				n	-757262/100	-757262/100	1970-01-01 00:00:00
===== END
===== START
===== END
===== START
C	7c8e8cc2f0f34e688d30035166330036	974002d4f13540748895b92c20e98e32	2022-12-17 17:43:20	2022-12-17 17:43:20	2022-12-17 10:59:00	30b1db52875e46c88f389dccbb4e213d	Savings_Long Term		Iphone - Chase - Future payment for Iphone				n	-120000/100	-120000/100	1970-01-01 00:00:00
C	7c8e8cc2f0f34e688d30035166330036	d00dda2ae6be4c99856250c8376400db	2022-12-17 17:43:20	2022-12-17 17:43:20	2022-12-17 10:59:00	c5858ef77d29454dad7644482a92c632	Miscellaneous		Iphone - Chase - Future payment for Iphone				n	120000/100	120000/100	1970-01-01 00:00:00
===== END
===== START
===== END
===== START
B	7c8e8cc2f0f34e688d30035166330036	d00dda2ae6be4c99856250c8376400db	2022-12-17 17:44:06	2022-12-17 17:43:20	2022-12-17 10:59:00	c5858ef77d29454dad7644482a92c632	Miscellaneous		Iphone - Chase - Future payment for Iphone				n	120000/100	120000/100	1970-01-01 00:00:00
B	7c8e8cc2f0f34e688d30035166330036	974002d4f13540748895b92c20e98e32	2022-12-17 17:44:06	2022-12-17 17:43:20	2022-12-17 10:59:00	30b1db52875e46c88f389dccbb4e213d	Savings_Long Term		Iphone - Chase - Future payment for Iphone				n	-120000/100	-120000/100	1970-01-01 00:00:00
===== END
===== START
C	7c8e8cc2f0f34e688d30035166330036	d00dda2ae6be4c99856250c8376400db	2022-12-17 17:44:06	2022-12-17 17:43:20	2022-12-31 10:59:00	c5858ef77d29454dad7644482a92c632	Miscellaneous		Iphone - Chase - Future payment for Iphone				n	120000/100	120000/100	1970-01-01 00:00:00
C	7c8e8cc2f0f34e688d30035166330036	974002d4f13540748895b92c20e98e32	2022-12-17 17:44:06	2022-12-17 17:43:20	2022-12-31 10:59:00	30b1db52875e46c88f389dccbb4e213d	Savings_Long Term		Iphone - Chase - Future payment for Iphone				n	-120000/100	-120000/100	1970-01-01 00:00:00
===== END
===== START
C	d069704e27c94edca168a0b1828cbad0	09efc14078dd42848d20f405d6260f6d	2022-12-17 17:44:32	2022-12-17 17:44:32	2022-12-17 10:59:00	30b1db52875e46c88f389dccbb4e213d	Savings_Long Term		2023 Roth IRA contributions				n	-650000/100	-650000/100	1970-01-01 00:00:00
C	d069704e27c94edca168a0b1828cbad0	f06b28e8d82f4b57ae5f035e7c0ebb6b	2022-12-17 17:44:32	2022-12-17 17:44:32	2022-12-17 10:59:00	c5858ef77d29454dad7644482a92c632	Miscellaneous		2023 Roth IRA contributions				n	650000/100	650000/100	1970-01-01 00:00:00
===== END
===== START
===== END
===== START
B	d069704e27c94edca168a0b1828cbad0	f06b28e8d82f4b57ae5f035e7c0ebb6b	2022-12-17 17:44:40	2022-12-17 17:44:32	2022-12-17 10:59:00	c5858ef77d29454dad7644482a92c632	Miscellaneous		2023 Roth IRA contributions				n	650000/100	650000/100	1970-01-01 00:00:00
B	d069704e27c94edca168a0b1828cbad0	09efc14078dd42848d20f405d6260f6d	2022-12-17 17:44:40	2022-12-17 17:44:32	2022-12-17 10:59:00	30b1db52875e46c88f389dccbb4e213d	Savings_Long Term		2023 Roth IRA contributions				n	-650000/100	-650000/100	1970-01-01 00:00:00
===== END
===== START
C	d069704e27c94edca168a0b1828cbad0	f06b28e8d82f4b57ae5f035e7c0ebb6b	2022-12-17 17:44:40	2022-12-17 17:44:32	2023-12-17 10:59:00	c5858ef77d29454dad7644482a92c632	Miscellaneous		2023 Roth IRA contributions				n	650000/100	650000/100	1970-01-01 00:00:00
C	d069704e27c94edca168a0b1828cbad0	09efc14078dd42848d20f405d6260f6d	2022-12-17 17:44:40	2022-12-17 17:44:32	2023-12-17 10:59:00	30b1db52875e46c88f389dccbb4e213d	Savings_Long Term		2023 Roth IRA contributions				n	-650000/100	-650000/100	1970-01-01 00:00:00
===== END
===== START
B	d069704e27c94edca168a0b1828cbad0	f06b28e8d82f4b57ae5f035e7c0ebb6b	2022-12-17 17:45:27	2022-12-17 17:44:32	2023-12-17 10:59:00	c5858ef77d29454dad7644482a92c632	Miscellaneous		2023 Roth IRA contributions				n	650000/100	650000/100	1970-01-01 00:00:00
B	d069704e27c94edca168a0b1828cbad0	09efc14078dd42848d20f405d6260f6d	2022-12-17 17:45:27	2022-12-17 17:44:32	2023-12-17 10:59:00	30b1db52875e46c88f389dccbb4e213d	Savings_Long Term		2023 Roth IRA contributions				n	-650000/100	-650000/100	1970-01-01 00:00:00
===== END
===== START
C	d069704e27c94edca168a0b1828cbad0	f06b28e8d82f4b57ae5f035e7c0ebb6b	2022-12-17 17:45:27	2022-12-17 17:44:32	2023-01-28 10:59:00	c5858ef77d29454dad7644482a92c632	Miscellaneous		2023 Roth IRA contributions				n	650000/100	650000/100	1970-01-01 00:00:00
C	d069704e27c94edca168a0b1828cbad0	09efc14078dd42848d20f405d6260f6d	2022-12-17 17:45:27	2022-12-17 17:44:32	2023-01-28 10:59:00	30b1db52875e46c88f389dccbb4e213d	Savings_Long Term		2023 Roth IRA contributions				n	-650000/100	-650000/100	1970-01-01 00:00:00
===== END
===== START
B	7c8e8cc2f0f34e688d30035166330036	d00dda2ae6be4c99856250c8376400db	2022-12-17 17:45:32	2022-12-17 17:43:20	2022-12-31 10:59:00	c5858ef77d29454dad7644482a92c632	Miscellaneous		Iphone - Chase - Future payment for Iphone				n	120000/100	120000/100	1970-01-01 00:00:00
B	7c8e8cc2f0f34e688d30035166330036	974002d4f13540748895b92c20e98e32	2022-12-17 17:45:32	2022-12-17 17:43:20	2022-12-31 10:59:00	30b1db52875e46c88f389dccbb4e213d	Savings_Long Term		Iphone - Chase - Future payment for Iphone				n	-120000/100	-120000/100	1970-01-01 00:00:00
===== END
===== START
C	7c8e8cc2f0f34e688d30035166330036	d00dda2ae6be4c99856250c8376400db	2022-12-17 17:45:32	2022-12-17 17:43:20	2022-12-31 10:59:00	c5858ef77d29454dad7644482a92c632	Miscellaneous		Iphone - Chase - Future payment for Iphone				n	110400/100	110400/100	1970-01-01 00:00:00
C	7c8e8cc2f0f34e688d30035166330036	974002d4f13540748895b92c20e98e32	2022-12-17 17:45:32	2022-12-17 17:43:20	2022-12-31 10:59:00	30b1db52875e46c88f389dccbb4e213d	Savings_Long Term		Iphone - Chase - Future payment for Iphone				n	-110400/100	-110400/100	1970-01-01 00:00:00
===== END
