mod	trans_guid	split_guid	time_now	date_entered	date_posted	acc_guid	acc_name	num	description	notes	memo	action	reconciled	amount	value	date_reconciled
-----------------
===== START
D	85f79eaced6a41698f96c6587aa7611f	27663835737a4e29a83f961108062820	2023-01-21 18:35:04	2023-01-21 18:35:04	2023-01-20 10:59:00								n	0/1	0/100	1970-01-01 00:00:00
===== END
===== START
===== END
===== START
C	9ec1999c531e495499f4e4d49941a57c	896f65d865224c4da2f0fea6d77de43a	2023-01-21 18:43:52	2023-01-21 18:43:52	2023-01-09 10:59:00	c5858ef77d29454dad7644482a92c632	Miscellaneous		Paypal				n	217/100	217/100	1970-01-01 00:00:00
C	9ec1999c531e495499f4e4d49941a57c	7333714dba4c41909e4d92317310f56c	2023-01-21 18:43:52	2023-01-21 18:43:52	2023-01-09 10:59:00	4a13a92aeb7e467c9680564c6e0b936d	BECU - Checking Account - 0494		Paypal				n	-217/100	-217/100	1970-01-01 00:00:00
===== END
===== START
===== END
===== START
B	ada3d73202ec40a89b17ebb6b9b74657	31aa5fec55274ff2a442bd2fa6334318	2023-01-21 18:44:40	2023-01-07 17:04:59	2023-01-07 10:59:00	350346cfa34843529ed60ab5e9549b50	CC - Chase		Chase CC Payment				n	52349/100	52349/100	1970-01-01 00:00:00
B	ada3d73202ec40a89b17ebb6b9b74657	5912d3059f81408288e896390b75110f	2023-01-21 18:44:40	2023-01-07 17:04:59	2023-01-07 10:59:00	4a13a92aeb7e467c9680564c6e0b936d	BECU - Checking Account - 0494		Chase CC Payment				n	-52349/100	-52349/100	1970-01-01 00:00:00
===== END
===== START
C	ada3d73202ec40a89b17ebb6b9b74657	31aa5fec55274ff2a442bd2fa6334318	2023-01-21 18:44:40	2023-01-07 17:04:59	2023-01-09 10:59:00	350346cfa34843529ed60ab5e9549b50	CC - Chase		Chase CC Payment				n	52349/100	52349/100	1970-01-01 00:00:00
C	ada3d73202ec40a89b17ebb6b9b74657	5912d3059f81408288e896390b75110f	2023-01-21 18:44:40	2023-01-07 17:04:59	2023-01-09 10:59:00	4a13a92aeb7e467c9680564c6e0b936d	BECU - Checking Account - 0494		Chase CC Payment				n	-52349/100	-52349/100	1970-01-01 00:00:00
===== END
===== START
B	0f08a8a5a7f543dd9c09ca60b7439fdc	75be7077064a4dddb69ae85499f2956a	2023-01-21 18:44:44	2023-01-07 17:08:01	2023-01-07 10:59:00	2019e05a272f45ef8f67d3767678343b	CC - AMX		AMX CC Payment				n	75281/100	75281/100	1970-01-01 00:00:00
B	0f08a8a5a7f543dd9c09ca60b7439fdc	7e2701fc061c49c38ac874c5bcb033b9	2023-01-21 18:44:44	2023-01-07 17:08:01	2023-01-07 10:59:00	4a13a92aeb7e467c9680564c6e0b936d	BECU - Checking Account - 0494		AMX CC Payment				n	-75281/100	-75281/100	1970-01-01 00:00:00
===== END
===== START
C	0f08a8a5a7f543dd9c09ca60b7439fdc	75be7077064a4dddb69ae85499f2956a	2023-01-21 18:44:44	2023-01-07 17:08:01	2023-01-09 10:59:00	2019e05a272f45ef8f67d3767678343b	CC - AMX		AMX CC Payment				n	75281/100	75281/100	1970-01-01 00:00:00
C	0f08a8a5a7f543dd9c09ca60b7439fdc	7e2701fc061c49c38ac874c5bcb033b9	2023-01-21 18:44:44	2023-01-07 17:08:01	2023-01-09 10:59:00	4a13a92aeb7e467c9680564c6e0b936d	BECU - Checking Account - 0494		AMX CC Payment				n	-75281/100	-75281/100	1970-01-01 00:00:00
===== END
===== START
C	448493e0ca8d4de7b7a7f5140bf8002c	9d22a830435b458aa09b9dbeba99bed4	2023-01-21 18:45:06	2023-01-21 18:45:06	2023-01-09 10:59:00	c5858ef77d29454dad7644482a92c632	Miscellaneous		Paypal				n	1976/100	1976/100	1970-01-01 00:00:00
C	448493e0ca8d4de7b7a7f5140bf8002c	731636f6525f41d98bc17a78ec383b04	2023-01-21 18:45:06	2023-01-21 18:45:06	2023-01-09 10:59:00	4a13a92aeb7e467c9680564c6e0b936d	BECU - Checking Account - 0494		Paypal				n	-1976/100	-1976/100	1970-01-01 00:00:00
===== END
===== START
===== END
===== START
C	443b6c2709c24797871f33d7868f34ab	06f4d7bbf4494187b2612a4296b6d9cf	2023-01-21 18:45:25	2023-01-21 18:45:25	2023-01-09 10:59:00	c5858ef77d29454dad7644482a92c632	Miscellaneous		Paypal				n	5099/100	5099/100	1970-01-01 00:00:00
C	443b6c2709c24797871f33d7868f34ab	f5a39a368f3d45ebb6919d90785e421f	2023-01-21 18:45:25	2023-01-21 18:45:25	2023-01-09 10:59:00	4a13a92aeb7e467c9680564c6e0b936d	BECU - Checking Account - 0494		Paypal				n	-5099/100	-5099/100	1970-01-01 00:00:00
===== END
===== START
===== END
===== START
C	70b2a1ecce4e4a44908205c4785ced74	1affbf2b93a24276b3091e8dc6845237	2023-01-21 18:45:47	2023-01-21 18:45:47	2023-01-09 10:59:00	4a13a92aeb7e467c9680564c6e0b936d	BECU - Checking Account - 0494		Nordstroms				n	-9055/100	-9055/100	1970-01-01 00:00:00
C	70b2a1ecce4e4a44908205c4785ced74	a3af6ab835964906a54815c35d39145a	2023-01-21 18:45:47	2023-01-21 18:45:47	2023-01-09 10:59:00	c5858ef77d29454dad7644482a92c632	Miscellaneous		Nordstroms				n	9055/100	9055/100	1970-01-01 00:00:00
===== END
===== START
===== END
===== START
C	31c6acd296234095a237f2128a301860	2da505b49b434744a8fe83b505d8917c	2023-01-21 18:46:02	2023-01-21 18:46:02	2023-01-09 10:59:00	4a13a92aeb7e467c9680564c6e0b936d	BECU - Checking Account - 0494		Macys cc				n	-29128/100	-29128/100	1970-01-01 00:00:00
C	31c6acd296234095a237f2128a301860	d358f7f7994145ed84040bd99f52e9a6	2023-01-21 18:46:02	2023-01-21 18:46:02	2023-01-09 10:59:00	c5858ef77d29454dad7644482a92c632	Miscellaneous		Macys cc				n	29128/100	29128/100	1970-01-01 00:00:00
===== END
===== START
===== END
===== START
C	55259897593c4377828a6c8e52952fe2	af29c2f0cafa4a7fadbcb81b2588bcf8	2023-01-21 18:46:26	2023-01-21 18:46:26	2023-01-09 10:59:00	4a13a92aeb7e467c9680564c6e0b936d	BECU - Checking Account - 0494		North Lake spa and nails				n	-3200/100	-3200/100	1970-01-01 00:00:00
C	55259897593c4377828a6c8e52952fe2	4341623a3ff04a69bb4a50dc0e8228c1	2023-01-21 18:46:26	2023-01-21 18:46:26	2023-01-09 10:59:00	c5858ef77d29454dad7644482a92c632	Miscellaneous		North Lake spa and nails				n	3200/100	3200/100	1970-01-01 00:00:00
===== END
===== START
===== END
===== START
B	55259897593c4377828a6c8e52952fe2	4341623a3ff04a69bb4a50dc0e8228c1	2023-01-21 18:46:31	2023-01-21 18:46:26	2023-01-09 10:59:00	c5858ef77d29454dad7644482a92c632	Miscellaneous		North Lake spa and nails				n	3200/100	3200/100	1970-01-01 00:00:00
B	55259897593c4377828a6c8e52952fe2	af29c2f0cafa4a7fadbcb81b2588bcf8	2023-01-21 18:46:31	2023-01-21 18:46:26	2023-01-09 10:59:00	4a13a92aeb7e467c9680564c6e0b936d	BECU - Checking Account - 0494		North Lake spa and nails				n	-3200/100	-3200/100	1970-01-01 00:00:00
===== END
===== START
C	55259897593c4377828a6c8e52952fe2	4341623a3ff04a69bb4a50dc0e8228c1	2023-01-21 18:46:31	2023-01-21 18:46:26	2023-01-09 10:59:00	c5858ef77d29454dad7644482a92c632	Miscellaneous		North Lake spa and nails				n	4200/100	4200/100	1970-01-01 00:00:00
C	55259897593c4377828a6c8e52952fe2	af29c2f0cafa4a7fadbcb81b2588bcf8	2023-01-21 18:46:31	2023-01-21 18:46:26	2023-01-09 10:59:00	4a13a92aeb7e467c9680564c6e0b936d	BECU - Checking Account - 0494		North Lake spa and nails				n	-4200/100	-4200/100	1970-01-01 00:00:00
===== END
===== START
C	ef75b42ba82649c08771978435219416	c8b3e4446d3b45dea9b12abea3fbf50c	2023-01-21 18:46:47	2023-01-21 18:46:47	2023-01-10 10:59:00	c5858ef77d29454dad7644482a92c632	Miscellaneous		Paypal				n	7572/100	7572/100	1970-01-01 00:00:00
C	ef75b42ba82649c08771978435219416	542d4c20fe7d41988e929c690120c7a5	2023-01-21 18:46:47	2023-01-21 18:46:47	2023-01-10 10:59:00	4a13a92aeb7e467c9680564c6e0b936d	BECU - Checking Account - 0494		Paypal				n	-7572/100	-7572/100	1970-01-01 00:00:00
===== END
===== START
===== END
===== START
C	173dc19ec9bd4d589799fe9e913e8a8e	b7b841e3288448be8e0420e8f32a0bfd	2023-01-21 18:46:59	2023-01-21 18:46:59	2023-01-10 10:59:00	c5858ef77d29454dad7644482a92c632	Miscellaneous		Nordstroms				n	8575/100	8575/100	1970-01-01 00:00:00
C	173dc19ec9bd4d589799fe9e913e8a8e	d46b0b1b055b4af6aaed672891ca86ae	2023-01-21 18:46:59	2023-01-21 18:46:59	2023-01-10 10:59:00	4a13a92aeb7e467c9680564c6e0b936d	BECU - Checking Account - 0494		Nordstroms				n	-8575/100	-8575/100	1970-01-01 00:00:00
===== END
===== START
===== END
===== START
C	b4d93bbc8679426395066d9506e210bf	e6c4384848814922aadaf81f9070b5c4	2023-01-21 18:47:13	2023-01-21 18:47:13	2023-01-10 10:59:00	c5858ef77d29454dad7644482a92c632	Miscellaneous		Paypal				n	10905/100	10905/100	1970-01-01 00:00:00
C	b4d93bbc8679426395066d9506e210bf	2d9f426b47854c18b70ad4752baed584	2023-01-21 18:47:13	2023-01-21 18:47:13	2023-01-10 10:59:00	4a13a92aeb7e467c9680564c6e0b936d	BECU - Checking Account - 0494		Paypal				n	-10905/100	-10905/100	1970-01-01 00:00:00
===== END
===== START
===== END
===== START
C	3a8f373566e0489095e5fd550ad053fe	16f5bb01b1104d12bdf453300b806d10	2023-01-21 18:47:48	2023-01-21 18:47:48	2023-01-10 10:59:00	4a13a92aeb7e467c9680564c6e0b936d	BECU - Checking Account - 0494		Transfer -> IRA				n	-650000/100	-650000/100	1970-01-01 00:00:00
C	3a8f373566e0489095e5fd550ad053fe	08c4da20baab480e9a412bbeb452e811	2023-01-21 18:47:48	2023-01-21 18:47:48	2023-01-10 10:59:00	a73a148cfd724399b4070c782a3c542b	Roth IRA		Transfer -> IRA				n	650000/100	650000/100	1970-01-01 00:00:00
===== END
===== START
===== END
===== START
B	3a8f373566e0489095e5fd550ad053fe	08c4da20baab480e9a412bbeb452e811	2023-01-21 18:48:05	2023-01-21 18:47:48	2023-01-10 10:59:00	a73a148cfd724399b4070c782a3c542b	Roth IRA		Transfer -> IRA				n	650000/100	650000/100	1970-01-01 00:00:00
B	3a8f373566e0489095e5fd550ad053fe	16f5bb01b1104d12bdf453300b806d10	2023-01-21 18:48:05	2023-01-21 18:47:48	2023-01-10 10:59:00	4a13a92aeb7e467c9680564c6e0b936d	BECU - Checking Account - 0494		Transfer -> IRA				n	-650000/100	-650000/100	1970-01-01 00:00:00
===== END
===== START
C	3a8f373566e0489095e5fd550ad053fe	08c4da20baab480e9a412bbeb452e811	2023-01-21 18:48:05	2023-01-21 18:47:48	2023-01-11 10:59:00	a73a148cfd724399b4070c782a3c542b	Roth IRA		Transfer -> IRA				n	650000/100	650000/100	1970-01-01 00:00:00
C	3a8f373566e0489095e5fd550ad053fe	16f5bb01b1104d12bdf453300b806d10	2023-01-21 18:48:05	2023-01-21 18:47:48	2023-01-11 10:59:00	4a13a92aeb7e467c9680564c6e0b936d	BECU - Checking Account - 0494		Transfer -> IRA				n	-650000/100	-650000/100	1970-01-01 00:00:00
===== END
===== START
C	2ca8a173c9564e91b1c4b0ced8bbb918	22b96b7844ef41a8b2d0b586cb7f4fee	2023-01-21 18:48:27	2023-01-21 18:48:27	2023-01-12 10:59:00	4a13a92aeb7e467c9680564c6e0b936d	BECU - Checking Account - 0494		Tracie's Car Tabs -> WA DOT				n	-13325/100	-13325/100	1970-01-01 00:00:00
C	2ca8a173c9564e91b1c4b0ced8bbb918	a68f3023322843f5a802ffe3575815e8	2023-01-21 18:48:27	2023-01-21 18:48:27	2023-01-12 10:59:00	e280ec1b4869415397d70648a1b5ee89	Fees		Tracie's Car Tabs -> WA DOT				n	13325/100	13325/100	1970-01-01 00:00:00
===== END
===== START
===== END
