mod	trans_guid	split_guid	time_now	date_entered	date_posted	acc_guid	acc_name	num	description	notes	memo	action	reconciled	amount	value	date_reconciled
-----------------
===== START
D	5e74ec5821984c5eaf8e7541e8f8c96e	6bde29c26f184a029837d2b429a79018	2023-01-10 16:24:48	2023-01-10 16:24:48	2023-01-10 10:59:00								n	0/1	0/100	1970-01-01 00:00:00
===== END
===== START
===== END
===== START
D	d66adf5814cc4e95ba8c8fdf65a31ffb	247725dad365442f8f88cbff52832821	2023-01-10 16:25:05	2023-01-10 16:25:05	2023-01-10 10:59:00								n	0/1	0/100	1970-01-01 00:00:00
===== END
===== START
===== END
===== START
B	aaf81c3a2a3842d28a18f24a444f67b9	390752275d444461a59fe5286055ace7	2023-01-10 16:25:19	2023-01-10 16:24:09	2023-01-10 10:59:00	c4cddaa6e00340908fd5d69e3757b24f	BECU - Savings Short - 0486		Transfer to checking - 2023 IRA transfer				n	650000/100	650000/100	1970-01-01 00:00:00
B	aaf81c3a2a3842d28a18f24a444f67b9	0a5e3c55a0f24498951525e9e23cb26d	2023-01-10 16:25:19	2023-01-10 16:24:09	2023-01-10 10:59:00	30b1db52875e46c88f389dccbb4e213d	BECU - Savings_Long Term - 5549		Transfer to checking - 2023 IRA transfer				n	-650000/100	-650000/100	1970-01-01 00:00:00
===== END
===== START
C	aaf81c3a2a3842d28a18f24a444f67b9	390752275d444461a59fe5286055ace7	2023-01-10 16:25:19	2023-01-10 16:24:09	2023-01-10 10:59:00	4a13a92aeb7e467c9680564c6e0b936d	BECU - Checking Account - 0494		Transfer to checking - 2023 IRA transfer				n	650000/100	650000/100	1970-01-01 00:00:00
C	aaf81c3a2a3842d28a18f24a444f67b9	0a5e3c55a0f24498951525e9e23cb26d	2023-01-10 16:25:19	2023-01-10 16:24:09	2023-01-10 10:59:00	30b1db52875e46c88f389dccbb4e213d	BECU - Savings_Long Term - 5549		Transfer to checking - 2023 IRA transfer				n	-650000/100	-650000/100	1970-01-01 00:00:00
===== END
===== START
D	950f1ed143a040f29ede23a24ad19310	10bc5cd386644386b07bad6b1eee267b	2023-01-10 16:25:21	2023-01-10 16:25:21	2023-01-10 10:59:00								n	0/1	0/100	1970-01-01 00:00:00
===== END
===== START
===== END
===== START
C	36a9b68f831b4f3d977335d7fcb2398a	9bbd62b2bb31466389f69a52388114e3	2023-01-10 16:25:35	2023-01-10 16:25:35	2023-01-10 10:59:00	c4cddaa6e00340908fd5d69e3757b24f	BECU - Savings Short - 0486		Transfer -> to spending as we are negative				n	-30000/100	-30000/100	1970-01-01 00:00:00
C	36a9b68f831b4f3d977335d7fcb2398a	1915787d2725439aae5dde6c09267b80	2023-01-10 16:25:35	2023-01-10 16:25:35	2023-01-10 10:59:00	4a13a92aeb7e467c9680564c6e0b936d	BECU - Checking Account - 0494		Transfer -> to spending as we are negative				n	30000/100	30000/100	1970-01-01 00:00:00
===== END
===== START
===== END
===== START
D	6c2208cea11f4a019b494259639a02b7	1c53561b3c7844bcbfb5a8e5324dd2a8	2023-01-10 16:25:37	2023-01-10 16:25:37	2023-01-10 10:59:00								n	0/1	0/100	1970-01-01 00:00:00
===== END
