mod	trans_guid	split_guid	time_now	date_entered	date_posted	acc_guid	acc_name	num	description	notes	memo	action	reconciled	amount	value	date_reconciled
-----------------
===== START
B	5b945013fd454b9190072d20bc364499	a34f6323a9e943fa925d3f1acf065298	2023-01-07 17:26:02	2022-12-27 18:09:00	2022-12-27 10:59:00	4a13a92aeb7e467c9680564c6e0b936d	BECU - Checking Account - 0494						n	0/100	0/100	1970-01-01 00:00:00
===== END
===== START
D	5b945013fd454b9190072d20bc364499	a34f6323a9e943fa925d3f1acf065298	2023-01-07 17:26:02	2022-12-27 18:09:00	2022-12-27 10:59:00	4a13a92aeb7e467c9680564c6e0b936d	BECU - Checking Account - 0494						n	0/100	0/100	1970-01-01 00:00:00
===== END
===== START
C	4bd8155733ea42c1898ea400d589cd77	c9b66309fa124cf48f573c3dc21697b6	2023-01-07 17:27:42	2023-01-07 17:27:42	2022-12-28 10:59:00	4a13a92aeb7e467c9680564c6e0b936d	BECU - Checking Account - 0494		POS Withdrawal - SQ *MA'ONO U VILLAGE 4626 26TH AVE NE SEATTLE WAU - Card Ending In 4001				n	-7622/100	-7622/100	1970-01-01 00:00:00
C	4bd8155733ea42c1898ea400d589cd77	38b9be5a13194711a3d7e3bd194b3b1f	2023-01-07 17:27:42	2023-01-07 17:27:42	2022-12-28 10:59:00	c5858ef77d29454dad7644482a92c632	Miscellaneous		POS Withdrawal - SQ *MA'ONO U VILLAGE 4626 26TH AVE NE SEATTLE WAU - Card Ending In 4001				n	7622/100	7622/100	1970-01-01 00:00:00
===== END
===== START
===== END
===== START
C	59e0205f1d954a20928d16033af98b08	f283be5d6f2d43998b16dc7e4ff3b71b	2023-01-07 17:28:06	2023-01-07 17:28:06	2022-12-28 10:59:00	4a13a92aeb7e467c9680564c6e0b936d	BECU - Checking Account - 0494		POS Withdrawal - SQ *RACHEL'S GINGER BE 4626 26th ave ne seattle W - Card Ending In 4001				n	-2852/100	-2852/100	1970-01-01 00:00:00
C	59e0205f1d954a20928d16033af98b08	fca7b706cfde45e68d75b8a66569dcef	2023-01-07 17:28:06	2023-01-07 17:28:06	2022-12-28 10:59:00	62e9901389884d65b1b3847bc637591e	Restauraunts		POS Withdrawal - SQ *RACHEL'S GINGER BE 4626 26th ave ne seattle W - Card Ending In 4001				n	2852/100	2852/100	1970-01-01 00:00:00
===== END
===== START
===== END
===== START
C	89be9e59d09c4776a214c712f2b257f8	626c60cfd23b481e9658fa9cec175853	2023-01-07 17:29:02	2023-01-07 17:29:02	2022-12-28 10:59:00	4a13a92aeb7e467c9680564c6e0b936d	BECU - Checking Account - 0494		POS Withdrawal - PARTY CITY 853 1402 SE EVERETT MALL WAEVERETT WAUS - Card Ending In 4001				n	-4165/100	-4165/100	1970-01-01 00:00:00
C	89be9e59d09c4776a214c712f2b257f8	efa0d8a73ce841a3bfff3519da662ebc	2023-01-07 17:29:02	2023-01-07 17:29:02	2022-12-28 10:59:00	c5858ef77d29454dad7644482a92c632	Miscellaneous		POS Withdrawal - PARTY CITY 853 1402 SE EVERETT MALL WAEVERETT WAUS - Card Ending In 4001				n	4165/100	4165/100	1970-01-01 00:00:00
===== END
===== START
===== END
===== START
C	72eaef5b0b9d4eb69d4ef631013c2173	5b5f348df8244596a0366bdc06e9ccb7	2023-01-07 17:30:56	2023-01-07 17:30:56	2022-12-29 10:59:00	4a13a92aeb7e467c9680564c6e0b936d	BECU - Checking Account - 0494		POS Withdrawal - SQ *SIMPLY SWEET 2705 Bickford Ave Snohomish WAUS - Card Ending In 4001				n	-3450/100	-3450/100	1970-01-01 00:00:00
C	72eaef5b0b9d4eb69d4ef631013c2173	5971d3f720124e519de8b7d8dcde6c9d	2023-01-07 17:30:56	2023-01-07 17:30:56	2022-12-29 10:59:00	62e9901389884d65b1b3847bc637591e	Restauraunts		POS Withdrawal - SQ *SIMPLY SWEET 2705 Bickford Ave Snohomish WAUS - Card Ending In 4001				n	3450/100	3450/100	1970-01-01 00:00:00
===== END
===== START
===== END
