mod	trans_guid	split_guid	time_now	date_entered	date_posted	acc_guid	acc_name	num	description	notes	memo	action	reconciled	amount	value	date_reconciled
-----------------
===== START
C	0aebac4a39fd4193a22da407d7bf0fbc	d1983de44c06418ca6c8e0cbefba059b	2023-01-07 17:31:26	2023-01-07 17:31:26	2022-12-29 10:59:00	4a13a92aeb7e467c9680564c6e0b936d	BECU - Checking Account - 0494		External Withdrawal - PAYPAL 221228PPZ5DR - INST XFER				n	-4510/100	-4510/100	1970-01-01 00:00:00
C	0aebac4a39fd4193a22da407d7bf0fbc	a7ae943912b24741a3da391ef5633874	2023-01-07 17:31:26	2023-01-07 17:31:26	2022-12-29 10:59:00	c5858ef77d29454dad7644482a92c632	Miscellaneous		External Withdrawal - PAYPAL 221228PPZ5DR - INST XFER				n	4510/100	4510/100	1970-01-01 00:00:00
===== END
===== START
===== END
===== START
C	b820fd26828a4e0a94dae0920cb36f56	bcc7d32a8e964eee873b0ada17685e83	2023-01-07 17:32:07	2023-01-07 17:32:07	2022-12-29 10:59:00	4a13a92aeb7e467c9680564c6e0b936d	BECU - Checking Account - 0494		External Withdrawal - PUGET SOUND ENER BILLPAY - BILLPAY				n	-17901/100	-17901/100	1970-01-01 00:00:00
C	b820fd26828a4e0a94dae0920cb36f56	95246da847e84500a297e977801225a4	2023-01-07 17:32:07	2023-01-07 17:32:07	2022-12-29 10:59:00	fcb816d448904f18ac735ecc9451d58d	Electric		External Withdrawal - PUGET SOUND ENER BILLPAY - BILLPAY				n	17901/100	17901/100	1970-01-01 00:00:00
===== END
===== START
===== END
===== START
C	6f1b9c56f2344353bca2c763fefced0b	3bb3aba46325423d9a03ad9fb2d31a07	2023-01-07 17:32:31	2023-01-07 17:32:31	2022-12-29 10:59:00	4a13a92aeb7e467c9680564c6e0b936d	BECU - Checking Account - 0494		POS Withdrawal - 34566951288 STAPLES 1442 EVERETT WAUS - Card Ending In 4001				n	-1731/100	-1731/100	1970-01-01 00:00:00
C	6f1b9c56f2344353bca2c763fefced0b	3f790ab8a82f4caaae29db4082f063b0	2023-01-07 17:32:31	2023-01-07 17:32:31	2022-12-29 10:59:00	c5858ef77d29454dad7644482a92c632	Miscellaneous		POS Withdrawal - 34566951288 STAPLES 1442 EVERETT WAUS - Card Ending In 4001				n	1731/100	1731/100	1970-01-01 00:00:00
===== END
===== START
===== END
===== START
C	446c03fc6d4b425c83afab63e90d2a1e	b9348ab95cdf454bbe9598fa70613bef	2023-01-07 17:32:59	2023-01-07 17:32:59	2022-12-30 10:59:00	4a13a92aeb7e467c9680564c6e0b936d	BECU - Checking Account - 0494		External Deposit - Motional AD Inc T4076-00A435 001 - PAYROLL				n	400000/100	400000/100	1970-01-01 00:00:00
C	446c03fc6d4b425c83afab63e90d2a1e	ef5182a729024707b0702ea370de9ea1	2023-01-07 17:32:59	2023-01-07 17:32:59	2022-12-30 10:59:00	8539f07e876e415aa2cc3664a4869da4	Salary		External Deposit - Motional AD Inc T4076-00A435 001 - PAYROLL				n	-400000/100	-400000/100	1970-01-01 00:00:00
===== END
===== START
===== END
===== START
C	92f390cd08cb4a629adb20364e5712b3	cf49575aa0214d2eaabd5c1d5b779981	2023-01-07 17:33:24	2023-01-07 17:33:24	2022-12-30 10:59:00	4a13a92aeb7e467c9680564c6e0b936d	BECU - Checking Account - 0494		External Withdrawal - PAYPAL INSTANT TRANSFER - INST XFER				n	-2476/100	-2476/100	1970-01-01 00:00:00
C	92f390cd08cb4a629adb20364e5712b3	e97037457ccd45c8811a1fe841257a6c	2023-01-07 17:33:24	2023-01-07 17:33:24	2022-12-30 10:59:00	c5858ef77d29454dad7644482a92c632	Miscellaneous		External Withdrawal - PAYPAL INSTANT TRANSFER - INST XFER				n	2476/100	2476/100	1970-01-01 00:00:00
===== END
===== START
===== END
===== START
C	31dcd5c33f794b588340383a4c9d9734	f1da0575a0814b1b886df4c61fad2efa	2023-01-07 17:35:08	2023-01-07 17:35:08	2022-12-31 10:59:00	4a13a92aeb7e467c9680564c6e0b936d	BECU - Checking Account - 0494		Withdrawal - Online Banking Transfer To 3615341083 CK				n	-216500/100	-216500/100	1970-01-01 00:00:00
C	31dcd5c33f794b588340383a4c9d9734	09a09c9341ec4cf287bc9f8fc084cc39	2023-01-07 17:35:08	2023-01-07 17:35:08	2022-12-31 10:59:00	83ca48ab7f924e41afdf06a0fe2bec73	BECU - Bill Pay -  1083		Withdrawal - Online Banking Transfer To 3615341083 CK				n	216500/100	216500/100	1970-01-01 00:00:00
===== END
===== START
===== END
===== START
B	427b453fa1a34abc9a211e8d6b3069e6	a06fabd048ff42cd85fc5c338f445e09	2023-01-07 17:35:42	2023-01-07 17:23:12	2023-01-07 10:59:00	83ca48ab7f924e41afdf06a0fe2bec73	BECU - Bill Pay -  1083		Transfer - for monthly bills				n	216500/100	216500/100	1970-01-01 00:00:00
B	427b453fa1a34abc9a211e8d6b3069e6	55333a2d9033496b821324c871a53e8d	2023-01-07 17:35:42	2023-01-07 17:23:12	2023-01-07 10:59:00	4a13a92aeb7e467c9680564c6e0b936d	BECU - Checking Account - 0494		Transfer - for monthly bills				n	-216500/100	-216500/100	1970-01-01 00:00:00
===== END
===== START
D	427b453fa1a34abc9a211e8d6b3069e6	a06fabd048ff42cd85fc5c338f445e09	2023-01-07 17:35:42	2023-01-07 17:23:12	2023-01-07 10:59:00	83ca48ab7f924e41afdf06a0fe2bec73	BECU - Bill Pay -  1083		Transfer - for monthly bills				n	216500/100	216500/100	1970-01-01 00:00:00
D	427b453fa1a34abc9a211e8d6b3069e6	55333a2d9033496b821324c871a53e8d	2023-01-07 17:35:42	2023-01-07 17:23:12	2023-01-07 10:59:00	4a13a92aeb7e467c9680564c6e0b936d	BECU - Checking Account - 0494		Transfer - for monthly bills				n	-216500/100	-216500/100	1970-01-01 00:00:00
===== END
