mod	trans_guid	split_guid	time_now	date_entered	date_posted	acc_guid	acc_name	num	description	notes	memo	action	reconciled	amount	value	date_reconciled
-----------------
===== START
===== END
===== START
C	5a9953fc6e8e4b1daa2b94d5cbb8b4f3	0f1f3fc9b3ea450c84b7bb768ffb9988	2023-01-07 18:01:52	2023-01-07 18:01:52	2022-12-27 10:59:00	c5858ef77d29454dad7644482a92c632	Miscellaneous		Amazon				n	872/100	872/100	1970-01-01 00:00:00
C	5a9953fc6e8e4b1daa2b94d5cbb8b4f3	cd6feab01163411c802d262e51e99f00	2023-01-07 18:01:52	2023-01-07 18:01:52	2022-12-27 10:59:00	350346cfa34843529ed60ab5e9549b50	CC - Chase		Amazon				n	-872/100	-872/100	1970-01-01 00:00:00
===== END
===== START
===== END
===== START
C	d44a6e995f6749cea53f80fb27690ba9	294e43a690494766a69e25d303f6b805	2023-01-07 18:02:07	2023-01-07 18:02:07	2022-12-28 10:59:00	c5858ef77d29454dad7644482a92c632	Miscellaneous		Amazon				n	1423/100	1423/100	1970-01-01 00:00:00
C	d44a6e995f6749cea53f80fb27690ba9	700e22b11ed4453f914b5fa42246e5ac	2023-01-07 18:02:07	2023-01-07 18:02:07	2022-12-28 10:59:00	350346cfa34843529ed60ab5e9549b50	CC - Chase		Amazon				n	-1423/100	-1423/100	1970-01-01 00:00:00
===== END
===== START
===== END
===== START
C	cc32058f6de54bdb8685226ca662279f	25f29736bd2e4058a75f788e4c191612	2023-01-07 18:02:21	2023-01-07 18:02:21	2022-12-28 10:59:00	c5858ef77d29454dad7644482a92c632	Miscellaneous		Amazon				n	981/100	981/100	1970-01-01 00:00:00
C	cc32058f6de54bdb8685226ca662279f	7dbc0114f240499785930ae0d9ffa5ee	2023-01-07 18:02:21	2023-01-07 18:02:21	2022-12-28 10:59:00	350346cfa34843529ed60ab5e9549b50	CC - Chase		Amazon				n	-981/100	-981/100	1970-01-01 00:00:00
===== END
===== START
===== END
===== START
C	82fbcf67573d4f908247350cdbdf123b	5af5f6cf5cf04faba44006c46564507d	2023-01-07 18:03:07	2023-01-07 18:03:07	2022-12-29 10:59:00	c5858ef77d29454dad7644482a92c632	Miscellaneous		Amazon				n	1090/100	1090/100	1970-01-01 00:00:00
C	82fbcf67573d4f908247350cdbdf123b	9a64a2b5467d4fe4920de50ece7af939	2023-01-07 18:03:07	2023-01-07 18:03:07	2022-12-29 10:59:00	350346cfa34843529ed60ab5e9549b50	CC - Chase		Amazon				n	-1090/100	-1090/100	1970-01-01 00:00:00
===== END
===== START
===== END
===== START
C	5d5d613017574eb5bb3207edfc2f7666	4b3db4b8995d4f0d871ca1e6d7eb0f7d	2023-01-07 18:03:21	2023-01-07 18:03:21	2022-12-29 10:59:00	350346cfa34843529ed60ab5e9549b50	CC - Chase		Tap House				n	-8874/100	-8874/100	1970-01-01 00:00:00
C	5d5d613017574eb5bb3207edfc2f7666	cd14c8602697451585555cf03899926c	2023-01-07 18:03:21	2023-01-07 18:03:21	2022-12-29 10:59:00	62e9901389884d65b1b3847bc637591e	Restauraunts		Tap House				n	8874/100	8874/100	1970-01-01 00:00:00
===== END
===== START
===== END
===== START
C	3bfe1835454141e9b009878c64aca2c7	11f3d0240c2e4f00adf1f7fa67040c9c	2023-01-07 18:03:37	2023-01-07 18:03:37	2022-12-29 10:59:00	350346cfa34843529ed60ab5e9549b50	CC - Chase		Bowling				n	-14532/100	-14532/100	1970-01-01 00:00:00
C	3bfe1835454141e9b009878c64aca2c7	6f55c95c801c4682b178db19d3932d3e	2023-01-07 18:03:37	2023-01-07 18:03:37	2022-12-29 10:59:00	814df85b0c3844fea84549f8d289d5d6	Entertainment		Bowling				n	14532/100	14532/100	1970-01-01 00:00:00
===== END
===== START
===== END
===== START
C	eca28e220d7345fdbd25d17b30227c25	83579276748e4784953887f4403615f0	2023-01-07 18:03:57	2023-01-07 18:03:57	2022-12-30 10:59:00	c5858ef77d29454dad7644482a92c632	Miscellaneous		Amazon				n	2073/100	2073/100	1970-01-01 00:00:00
C	eca28e220d7345fdbd25d17b30227c25	eb54abffebe544dea45ce1b643831577	2023-01-07 18:03:57	2023-01-07 18:03:57	2022-12-30 10:59:00	350346cfa34843529ed60ab5e9549b50	CC - Chase		Amazon				n	-2073/100	-2073/100	1970-01-01 00:00:00
===== END
===== START
===== END
===== START
C	b821f7ec27b449f3bc1cbbccbe9d5d5a	504cc7660a7a4e7aace975e77107be34	2023-01-07 18:04:04	2023-01-07 18:04:04	2022-12-30 10:59:00	c5858ef77d29454dad7644482a92c632	Miscellaneous		Amazon				n	1633/100	1633/100	1970-01-01 00:00:00
C	b821f7ec27b449f3bc1cbbccbe9d5d5a	16ac2ca388384adc9d69e7823d84e7d9	2023-01-07 18:04:04	2023-01-07 18:04:04	2022-12-30 10:59:00	350346cfa34843529ed60ab5e9549b50	CC - Chase		Amazon				n	-1633/100	-1633/100	1970-01-01 00:00:00
===== END
===== START
===== END
===== START
C	c5bfae8900a34f45a21816839be8cb20	8b95ffdd1c4c4460960bf555deb5d33c	2023-01-07 18:04:09	2023-01-07 18:04:09	2022-12-30 10:59:00	c5858ef77d29454dad7644482a92c632	Miscellaneous		Amazon				n	2781/100	2781/100	1970-01-01 00:00:00
C	c5bfae8900a34f45a21816839be8cb20	47a90be426e84bd68c2e463f662100a2	2023-01-07 18:04:09	2023-01-07 18:04:09	2022-12-30 10:59:00	350346cfa34843529ed60ab5e9549b50	CC - Chase		Amazon				n	-2781/100	-2781/100	1970-01-01 00:00:00
===== END
===== START
===== END
===== START
C	28b7f6e2212842a3baf263546cc8da3d	2ea4bf8ca85244ef965ce34cf896b545	2023-01-07 18:04:18	2023-01-07 18:04:18	2022-12-30 10:59:00	c5858ef77d29454dad7644482a92c632	Miscellaneous		Amazon				n	6795/100	6795/100	1970-01-01 00:00:00
C	28b7f6e2212842a3baf263546cc8da3d	c1f93b6bb8684857871c577fd37a3003	2023-01-07 18:04:18	2023-01-07 18:04:18	2022-12-30 10:59:00	350346cfa34843529ed60ab5e9549b50	CC - Chase		Amazon				n	-6795/100	-6795/100	1970-01-01 00:00:00
===== END
===== START
===== END
===== START
C	99b453bd4e344ba8be1aeb05e657c670	c550b57258cf47708c88c771944dd540	2023-01-07 18:04:27	2023-01-07 18:04:27	2022-12-30 10:59:00	c5858ef77d29454dad7644482a92c632	Miscellaneous		Amazon				n	2945/100	2945/100	1970-01-01 00:00:00
C	99b453bd4e344ba8be1aeb05e657c670	4056fe9f88b046caadcfbe16685dc8b8	2023-01-07 18:04:27	2023-01-07 18:04:27	2022-12-30 10:59:00	350346cfa34843529ed60ab5e9549b50	CC - Chase		Amazon				n	-2945/100	-2945/100	1970-01-01 00:00:00
===== END
===== START
===== END
===== START
C	5e706dc724e8403abc9a68ab0ef36694	c640cabc420544f6bcba649fbd8d4fa4	2023-01-07 18:05:45	2023-01-07 18:05:45	2022-12-31 10:59:00	350346cfa34843529ed60ab5e9549b50	CC - Chase		Zeeks gift certificate for hiedi				n	-5000/100	-5000/100	1970-01-01 00:00:00
C	5e706dc724e8403abc9a68ab0ef36694	da84f2293daf49e29ccfafb5ec35cccf	2023-01-07 18:05:45	2023-01-07 18:05:45	2022-12-31 10:59:00	fb1bfe3c302a44b0a8a20d1502aa0e61	Gifts		Zeeks gift certificate for hiedi				n	5000/100	5000/100	1970-01-01 00:00:00
===== END
===== START
===== END
